15:24:37 **** Auto Build of project Evo_bsp ****
make -k all 
"Running Make include in ps7_cortexa9_0/libsrc/coresightps_dcc_v1_4/src"
make -C ps7_cortexa9_0/libsrc/coresightps_dcc_v1_4/src -s include  "SHELL=CMD" "COMPILER=arm-none-eabi-gcc" "ARCHIVER=arm-none-eabi-ar" "COMPILER_FLAGS=  -O2 -c" "EXTRA_COMPILER_FLAGS=-mcpu=cortex-a9 -mfpu=vfpv3 -mfloat-abi=hard -nostartfiles -Wall -Wextra"
"Running Make include in ps7_cortexa9_0/libsrc/cpu_cortexa9_v2_4/src"
make -C ps7_cortexa9_0/libsrc/cpu_cortexa9_v2_4/src -s include  "SHELL=CMD" "COMPILER=arm-none-eabi-gcc" "ARCHIVER=arm-none-eabi-ar" "COMPILER_FLAGS=  -O2 -c" "EXTRA_COMPILER_FLAGS=-mcpu=cortex-a9 -mfpu=vfpv3 -mfloat-abi=hard -nostartfiles -Wall -Wextra"
"Running Make include in ps7_cortexa9_0/libsrc/ddrps_v1_0/src"
make -C ps7_cortexa9_0/libsrc/ddrps_v1_0/src -s include  "SHELL=CMD" "COMPILER=arm-none-eabi-gcc" "ARCHIVER=arm-none-eabi-ar" "COMPILER_FLAGS=  -O2 -c" "EXTRA_COMPILER_FLAGS=-mcpu=cortex-a9 -mfpu=vfpv3 -mfloat-abi=hard -nostartfiles -Wall -Wextra"
"Running Make include in ps7_cortexa9_0/libsrc/Derivator_v1_0/src"
make -C ps7_cortexa9_0/libsrc/Derivator_v1_0/src -s include  "SHELL=CMD" "COMPILER=arm-none-eabi-gcc" "ARCHIVER=arm-none-eabi-ar" "COMPILER_FLAGS=  -O2 -c" "EXTRA_COMPILER_FLAGS=-mcpu=cortex-a9 -mfpu=vfpv3 -mfloat-abi=hard -nostartfiles -Wall -Wextra"
"Running Make include in ps7_cortexa9_0/libsrc/devcfg_v3_4/src"
make -C ps7_cortexa9_0/libsrc/devcfg_v3_4/src -s include  "SHELL=CMD" "COMPILER=arm-none-eabi-gcc" "ARCHIVER=arm-none-eabi-ar" "COMPILER_FLAGS=  -O2 -c" "EXTRA_COMPILER_FLAGS=-mcpu=cortex-a9 -mfpu=vfpv3 -mfloat-abi=hard -nostartfiles -Wall -Wextra"
"Running Make include in ps7_cortexa9_0/libsrc/dmaps_v2_3/src"
make -C ps7_cortexa9_0/libsrc/dmaps_v2_3/src -s include  "SHELL=CMD" "COMPILER=arm-none-eabi-gcc" "ARCHIVER=arm-none-eabi-ar" "COMPILER_FLAGS=  -O2 -c" "EXTRA_COMPILER_FLAGS=-mcpu=cortex-a9 -mfpu=vfpv3 -mfloat-abi=hard -nostartfiles -Wall -Wextra"
"Running Make include in ps7_cortexa9_0/libsrc/emacps_v3_4/src"
make -C ps7_cortexa9_0/libsrc/emacps_v3_4/src -s include  "SHELL=CMD" "COMPILER=arm-none-eabi-gcc" "ARCHIVER=arm-none-eabi-ar" "COMPILER_FLAGS=  -O2 -c" "EXTRA_COMPILER_FLAGS=-mcpu=cortex-a9 -mfpu=vfpv3 -mfloat-abi=hard -nostartfiles -Wall -Wextra"
"Running Make include in ps7_cortexa9_0/libsrc/Encoder_v1_0/src"
make -C ps7_cortexa9_0/libsrc/Encoder_v1_0/src -s include  "SHELL=CMD" "COMPILER=arm-none-eabi-gcc" "ARCHIVER=arm-none-eabi-ar" "COMPILER_FLAGS=  -O2 -c" "EXTRA_COMPILER_FLAGS=-mcpu=cortex-a9 -mfpu=vfpv3 -mfloat-abi=hard -nostartfiles -Wall -Wextra"
"Running Make include in ps7_cortexa9_0/libsrc/gpio_v4_3/src"
make -C ps7_cortexa9_0/libsrc/gpio_v4_3/src -s include  "SHELL=CMD" "COMPILER=arm-none-eabi-gcc" "ARCHIVER=arm-none-eabi-ar" "COMPILER_FLAGS=  -O2 -c" "EXTRA_COMPILER_FLAGS=-mcpu=cortex-a9 -mfpu=vfpv3 -mfloat-abi=hard -nostartfiles -Wall -Wextra"
"Running Make include in ps7_cortexa9_0/libsrc/gpiops_v3_3/src"
make -C ps7_cortexa9_0/libsrc/gpiops_v3_3/src -s include  "SHELL=CMD" "COMPILER=arm-none-eabi-gcc" "ARCHIVER=arm-none-eabi-ar" "COMPILER_FLAGS=  -O2 -c" "EXTRA_COMPILER_FLAGS=-mcpu=cortex-a9 -mfpu=vfpv3 -mfloat-abi=hard -nostartfiles -Wall -Wextra"
"Running Make include in ps7_cortexa9_0/libsrc/Motor_v1_0/src"
make -C ps7_cortexa9_0/libsrc/Motor_v1_0/src -s include  "SHELL=CMD" "COMPILER=arm-none-eabi-gcc" "ARCHIVER=arm-none-eabi-ar" "COMPILER_FLAGS=  -O2 -c" "EXTRA_COMPILER_FLAGS=-mcpu=cortex-a9 -mfpu=vfpv3 -mfloat-abi=hard -nostartfiles -Wall -Wextra"
"Running Make include in ps7_cortexa9_0/libsrc/PID_v1_0/src"
make -C ps7_cortexa9_0/libsrc/PID_v1_0/src -s include  "SHELL=CMD" "COMPILER=arm-none-eabi-gcc" "ARCHIVER=arm-none-eabi-ar" "COMPILER_FLAGS=  -O2 -c" "EXTRA_COMPILER_FLAGS=-mcpu=cortex-a9 -mfpu=vfpv3 -mfloat-abi=hard -nostartfiles -Wall -Wextra"
"Running Make include in ps7_cortexa9_0/libsrc/qspips_v3_3/src"
make -C ps7_cortexa9_0/libsrc/qspips_v3_3/src -s include  "SHELL=CMD" "COMPILER=arm-none-eabi-gcc" "ARCHIVER=arm-none-eabi-ar" "COMPILER_FLAGS=  -O2 -c" "EXTRA_COMPILER_FLAGS=-mcpu=cortex-a9 -mfpu=vfpv3 -mfloat-abi=hard -nostartfiles -Wall -Wextra"
"Running Make include in ps7_cortexa9_0/libsrc/scugic_v3_7/src"
make -C ps7_cortexa9_0/libsrc/scugic_v3_7/src -s include  "SHELL=CMD" "COMPILER=arm-none-eabi-gcc" "ARCHIVER=arm-none-eabi-ar" "COMPILER_FLAGS=  -O2 -c" "EXTRA_COMPILER_FLAGS=-mcpu=cortex-a9 -mfpu=vfpv3 -mfloat-abi=hard -nostartfiles -Wall -Wextra"
"Running Make include in ps7_cortexa9_0/libsrc/scutimer_v2_1/src"
make -C ps7_cortexa9_0/libsrc/scutimer_v2_1/src -s include  "SHELL=CMD" "COMPILER=arm-none-eabi-gcc" "ARCHIVER=arm-none-eabi-ar" "COMPILER_FLAGS=  -O2 -c" "EXTRA_COMPILER_FLAGS=-mcpu=cortex-a9 -mfpu=vfpv3 -mfloat-abi=hard -nostartfiles -Wall -Wextra"
"Running Make include in ps7_cortexa9_0/libsrc/scuwdt_v2_1/src"
make -C ps7_cortexa9_0/libsrc/scuwdt_v2_1/src -s include  "SHELL=CMD" "COMPILER=arm-none-eabi-gcc" "ARCHIVER=arm-none-eabi-ar" "COMPILER_FLAGS=  -O2 -c" "EXTRA_COMPILER_FLAGS=-mcpu=cortex-a9 -mfpu=vfpv3 -mfloat-abi=hard -nostartfiles -Wall -Wextra"
"Running Make include in ps7_cortexa9_0/libsrc/sdps_v3_2/src"
make -C ps7_cortexa9_0/libsrc/sdps_v3_2/src -s include  "SHELL=CMD" "COMPILER=arm-none-eabi-gcc" "ARCHIVER=arm-none-eabi-ar" "COMPILER_FLAGS=  -O2 -c" "EXTRA_COMPILER_FLAGS=-mcpu=cortex-a9 -mfpu=vfpv3 -mfloat-abi=hard -nostartfiles -Wall -Wextra"
"Running Make include in ps7_cortexa9_0/libsrc/standalone_v6_3/src"
make -C ps7_cortexa9_0/libsrc/standalone_v6_3/src -s include  "SHELL=CMD" "COMPILER=arm-none-eabi-gcc" "ARCHIVER=arm-none-eabi-ar" "COMPILER_FLAGS=  -O2 -c" "EXTRA_COMPILER_FLAGS=-mcpu=cortex-a9 -mfpu=vfpv3 -mfloat-abi=hard -nostartfiles -Wall -Wextra"
"Running Make include in ps7_cortexa9_0/libsrc/Subtractor_v1_0/src"
make -C ps7_cortexa9_0/libsrc/Subtractor_v1_0/src -s include  "SHELL=CMD" "COMPILER=arm-none-eabi-gcc" "ARCHIVER=arm-none-eabi-ar" "COMPILER_FLAGS=  -O2 -c" "EXTRA_COMPILER_FLAGS=-mcpu=cortex-a9 -mfpu=vfpv3 -mfloat-abi=hard -nostartfiles -Wall -Wextra"
"Running Make include in ps7_cortexa9_0/libsrc/ttcps_v3_3/src"
make -C ps7_cortexa9_0/libsrc/ttcps_v3_3/src -s include  "SHELL=CMD" "COMPILER=arm-none-eabi-gcc" "ARCHIVER=arm-none-eabi-ar" "COMPILER_FLAGS=  -O2 -c" "EXTRA_COMPILER_FLAGS=-mcpu=cortex-a9 -mfpu=vfpv3 -mfloat-abi=hard -nostartfiles -Wall -Wextra"
"Running Make include in ps7_cortexa9_0/libsrc/uartps_v3_4/src"
make -C ps7_cortexa9_0/libsrc/uartps_v3_4/src -s include  "SHELL=CMD" "COMPILER=arm-none-eabi-gcc" "ARCHIVER=arm-none-eabi-ar" "COMPILER_FLAGS=  -O2 -c" "EXTRA_COMPILER_FLAGS=-mcpu=cortex-a9 -mfpu=vfpv3 -mfloat-abi=hard -nostartfiles -Wall -Wextra"
"Running Make include in ps7_cortexa9_0/libsrc/usbps_v2_4/src"
make -C ps7_cortexa9_0/libsrc/usbps_v2_4/src -s include  "SHELL=CMD" "COMPILER=arm-none-eabi-gcc" "ARCHIVER=arm-none-eabi-ar" "COMPILER_FLAGS=  -O2 -c" "EXTRA_COMPILER_FLAGS=-mcpu=cortex-a9 -mfpu=vfpv3 -mfloat-abi=hard -nostartfiles -Wall -Wextra"
"Running Make include in ps7_cortexa9_0/libsrc/xadcps_v2_2/src"
make -C ps7_cortexa9_0/libsrc/xadcps_v2_2/src -s include  "SHELL=CMD" "COMPILER=arm-none-eabi-gcc" "ARCHIVER=arm-none-eabi-ar" "COMPILER_FLAGS=  -O2 -c" "EXTRA_COMPILER_FLAGS=-mcpu=cortex-a9 -mfpu=vfpv3 -mfloat-abi=hard -nostartfiles -Wall -Wextra"
"Running Make libs in ps7_cortexa9_0/libsrc/coresightps_dcc_v1_4/src"
make -C ps7_cortexa9_0/libsrc/coresightps_dcc_v1_4/src -s libs  "SHELL=CMD" "COMPILER=arm-none-eabi-gcc" "ARCHIVER=arm-none-eabi-ar" "COMPILER_FLAGS=  -O2 -c" "EXTRA_COMPILER_FLAGS=-mcpu=cortex-a9 -mfpu=vfpv3 -mfloat-abi=hard -nostartfiles -Wall -Wextra"
"Compiling coresightps_dcc"
arm-none-eabi-ar: creating ../../../lib/libxil.a
"Running Make libs in ps7_cortexa9_0/libsrc/cpu_cortexa9_v2_4/src"
make -C ps7_cortexa9_0/libsrc/cpu_cortexa9_v2_4/src -s libs  "SHELL=CMD" "COMPILER=arm-none-eabi-gcc" "ARCHIVER=arm-none-eabi-ar" "COMPILER_FLAGS=  -O2 -c" "EXTRA_COMPILER_FLAGS=-mcpu=cortex-a9 -mfpu=vfpv3 -mfloat-abi=hard -nostartfiles -Wall -Wextra"
"Compiling cpu_cortexa9"
"Running Make libs in ps7_cortexa9_0/libsrc/ddrps_v1_0/src"
make -C ps7_cortexa9_0/libsrc/ddrps_v1_0/src -s libs  "SHELL=CMD" "COMPILER=arm-none-eabi-gcc" "ARCHIVER=arm-none-eabi-ar" "COMPILER_FLAGS=  -O2 -c" "EXTRA_COMPILER_FLAGS=-mcpu=cortex-a9 -mfpu=vfpv3 -mfloat-abi=hard -nostartfiles -Wall -Wextra"
"Compiling ddrps"
"Running Make libs in ps7_cortexa9_0/libsrc/Derivator_v1_0/src"
make -C ps7_cortexa9_0/libsrc/Derivator_v1_0/src -s libs  "SHELL=CMD" "COMPILER=arm-none-eabi-gcc" "ARCHIVER=arm-none-eabi-ar" "COMPILER_FLAGS=  -O2 -c" "EXTRA_COMPILER_FLAGS=-mcpu=cortex-a9 -mfpu=vfpv3 -mfloat-abi=hard -nostartfiles -Wall -Wextra"
"Compiling Derivator..."
In file included from Derivator.h:11:0,
                 from Derivator.c:4:
Derivator.c: In function 'Derivator_SetOverRide':
../../../include/xil_assert.h:137:16: warning: 'return' with a value, in function returning void
         return 0;                                  \
                ^
Derivator.c:142:5: note: in expansion of macro 'Xil_AssertNonvoid'
     Xil_AssertNonvoid(InstancePtr != NULL);
     ^~~~~~~~~~~~~~~~~
Derivator.c:139:6: note: declared here
 void Derivator_SetOverRide(Derivator *InstancePtr, u32 Data)
      ^~~~~~~~~~~~~~~~~~~~~
In file included from Derivator.h:11:0,
                 from Derivator.c:4:
../../../include/xil_assert.h:137:16: warning: 'return' with a value, in function returning void
         return 0;                                  \
                ^
Derivator.c:143:5: note: in expansion of macro 'Xil_AssertNonvoid'
     Xil_AssertNonvoid(InstancePtr->IsReady == XIL_COMPONENT_IS_READY);
     ^~~~~~~~~~~~~~~~~
Derivator.c:139:6: note: declared here
 void Derivator_SetOverRide(Derivator *InstancePtr, u32 Data)
      ^~~~~~~~~~~~~~~~~~~~~
In file included from Derivator.h:11:0,
                 from Derivator.c:4:
Derivator.c: In function 'Derivator_SetIncrements':
../../../include/xil_assert.h:137:16: warning: 'return' with a value, in function returning void
         return 0;                                  \
                ^
Derivator.c:160:5: note: in expansion of macro 'Xil_AssertNonvoid'
     Xil_AssertNonvoid(InstancePtr != NULL);
     ^~~~~~~~~~~~~~~~~
Derivator.c:157:6: note: declared here
 void Derivator_SetIncrements(Derivator *InstancePtr, u32 Data)
      ^~~~~~~~~~~~~~~~~~~~~~~
In file included from Derivator.h:11:0,
                 from Derivator.c:4:
../../../include/xil_assert.h:137:16: warning: 'return' with a value, in function returning void
         return 0;                                  \
                ^
Derivator.c:161:5: note: in expansion of macro 'Xil_AssertNonvoid'
     Xil_AssertNonvoid(InstancePtr->IsReady == XIL_COMPONENT_IS_READY);
     ^~~~~~~~~~~~~~~~~
Derivator.c:157:6: note: declared here
 void Derivator_SetIncrements(Derivator *InstancePtr, u32 Data)
      ^~~~~~~~~~~~~~~~~~~~~~~
Derivator_selftest.c: In function 'DERIVATOR_Reg_SelfTest':
Derivator_selftest.c:51:58: warning: comparison between signed and unsigned integer expressions [-Wsign-compare]
    if ( DERIVATOR_mReadReg (baseaddr, read_loop_index*4) != (read_loop_index+1)*READ_WRITE_MUL_FACTOR){
                                                          ^~
"Running Make libs in ps7_cortexa9_0/libsrc/devcfg_v3_4/src"
make -C ps7_cortexa9_0/libsrc/devcfg_v3_4/src -s libs  "SHELL=CMD" "COMPILER=arm-none-eabi-gcc" "ARCHIVER=arm-none-eabi-ar" "COMPILER_FLAGS=  -O2 -c" "EXTRA_COMPILER_FLAGS=-mcpu=cortex-a9 -mfpu=vfpv3 -mfloat-abi=hard -nostartfiles -Wall -Wextra"
"Compiling devcfg"
"Running Make libs in ps7_cortexa9_0/libsrc/dmaps_v2_3/src"
make -C ps7_cortexa9_0/libsrc/dmaps_v2_3/src -s libs  "SHELL=CMD" "COMPILER=arm-none-eabi-gcc" "ARCHIVER=arm-none-eabi-ar" "COMPILER_FLAGS=  -O2 -c" "EXTRA_COMPILER_FLAGS=-mcpu=cortex-a9 -mfpu=vfpv3 -mfloat-abi=hard -nostartfiles -Wall -Wextra"
"Compiling dmaps"
"Running Make libs in ps7_cortexa9_0/libsrc/emacps_v3_4/src"
make -C ps7_cortexa9_0/libsrc/emacps_v3_4/src -s libs  "SHELL=CMD" "COMPILER=arm-none-eabi-gcc" "ARCHIVER=arm-none-eabi-ar" "COMPILER_FLAGS=  -O2 -c" "EXTRA_COMPILER_FLAGS=-mcpu=cortex-a9 -mfpu=vfpv3 -mfloat-abi=hard -nostartfiles -Wall -Wextra"
"Compiling emacps"
"Running Make libs in ps7_cortexa9_0/libsrc/Encoder_v1_0/src"
make -C ps7_cortexa9_0/libsrc/Encoder_v1_0/src -s libs  "SHELL=CMD" "COMPILER=arm-none-eabi-gcc" "ARCHIVER=arm-none-eabi-ar" "COMPILER_FLAGS=  -O2 -c" "EXTRA_COMPILER_FLAGS=-mcpu=cortex-a9 -mfpu=vfpv3 -mfloat-abi=hard -nostartfiles -Wall -Wextra"
"Compiling Encoder..."
In file included from Encoder.h:11:0,
                 from Encoder.c:4:
Encoder.c: In function 'Encoder_SetOverRide':
../../../include/xil_assert.h:137:16: warning: 'return' with a value, in function returning void
         return 0;                                  \
                ^
Encoder.c:142:5: note: in expansion of macro 'Xil_AssertNonvoid'
     Xil_AssertNonvoid(InstancePtr != NULL);
     ^~~~~~~~~~~~~~~~~
Encoder.c:139:6: note: declared here
 void Encoder_SetOverRide(Encoder *InstancePtr, u32 Data)
      ^~~~~~~~~~~~~~~~~~~
In file included from Encoder.h:11:0,
                 from Encoder.c:4:
../../../include/xil_assert.h:137:16: warning: 'return' with a value, in function returning void
         return 0;                                  \
                ^
Encoder.c:143:5: note: in expansion of macro 'Xil_AssertNonvoid'
     Xil_AssertNonvoid(InstancePtr->IsReady == XIL_COMPONENT_IS_READY);
     ^~~~~~~~~~~~~~~~~
Encoder.c:139:6: note: declared here
 void Encoder_SetOverRide(Encoder *InstancePtr, u32 Data)
      ^~~~~~~~~~~~~~~~~~~
In file included from Encoder.h:11:0,
                 from Encoder.c:4:
Encoder.c: In function 'Encoder_SetReset':
../../../include/xil_assert.h:137:16: warning: 'return' with a value, in function returning void
         return 0;                                  \
                ^
Encoder.c:160:5: note: in expansion of macro 'Xil_AssertNonvoid'
     Xil_AssertNonvoid(InstancePtr != NULL);
     ^~~~~~~~~~~~~~~~~
Encoder.c:157:6: note: declared here
 void Encoder_SetReset(Encoder *InstancePtr, u32 Data)
      ^~~~~~~~~~~~~~~~
In file included from Encoder.h:11:0,
                 from Encoder.c:4:
../../../include/xil_assert.h:137:16: warning: 'return' with a value, in function returning void
         return 0;                                  \
                ^
Encoder.c:161:5: note: in expansion of macro 'Xil_AssertNonvoid'
     Xil_AssertNonvoid(InstancePtr->IsReady == XIL_COMPONENT_IS_READY);
     ^~~~~~~~~~~~~~~~~
Encoder.c:157:6: note: declared here
 void Encoder_SetReset(Encoder *InstancePtr, u32 Data)
      ^~~~~~~~~~~~~~~~
Encoder_selftest.c: In function 'ENCODER_Reg_SelfTest':
Encoder_selftest.c:51:56: warning: comparison between signed and unsigned integer expressions [-Wsign-compare]
    if ( ENCODER_mReadReg (baseaddr, read_loop_index*4) != (read_loop_index+1)*READ_WRITE_MUL_FACTOR){
                                                        ^~
"Running Make libs in ps7_cortexa9_0/libsrc/gpio_v4_3/src"
make -C ps7_cortexa9_0/libsrc/gpio_v4_3/src -s libs  "SHELL=CMD" "COMPILER=arm-none-eabi-gcc" "ARCHIVER=arm-none-eabi-ar" "COMPILER_FLAGS=  -O2 -c" "EXTRA_COMPILER_FLAGS=-mcpu=cortex-a9 -mfpu=vfpv3 -mfloat-abi=hard -nostartfiles -Wall -Wextra"
"Compiling gpio"
"Running Make libs in ps7_cortexa9_0/libsrc/gpiops_v3_3/src"
make -C ps7_cortexa9_0/libsrc/gpiops_v3_3/src -s libs  "SHELL=CMD" "COMPILER=arm-none-eabi-gcc" "ARCHIVER=arm-none-eabi-ar" "COMPILER_FLAGS=  -O2 -c" "EXTRA_COMPILER_FLAGS=-mcpu=cortex-a9 -mfpu=vfpv3 -mfloat-abi=hard -nostartfiles -Wall -Wextra"
"Compiling gpiops"
"Running Make libs in ps7_cortexa9_0/libsrc/Motor_v1_0/src"
make -C ps7_cortexa9_0/libsrc/Motor_v1_0/src -s libs  "SHELL=CMD" "COMPILER=arm-none-eabi-gcc" "ARCHIVER=arm-none-eabi-ar" "COMPILER_FLAGS=  -O2 -c" "EXTRA_COMPILER_FLAGS=-mcpu=cortex-a9 -mfpu=vfpv3 -mfloat-abi=hard -nostartfiles -Wall -Wextra"
"Compiling Motor..."
In file included from Motor.h:11:0,
                 from Motor.c:4:
Motor.c: In function 'Motor_SetOverRide':
../../../include/xil_assert.h:137:16: warning: 'return' with a value, in function returning void
         return 0;                                  \
                ^
Motor.c:142:5: note: in expansion of macro 'Xil_AssertNonvoid'
     Xil_AssertNonvoid(InstancePtr != NULL);
     ^~~~~~~~~~~~~~~~~
Motor.c:139:6: note: declared here
 void Motor_SetOverRide(Motor *InstancePtr, u32 Data)
      ^~~~~~~~~~~~~~~~~
In file included from Motor.h:11:0,
                 from Motor.c:4:
../../../include/xil_assert.h:137:16: warning: 'return' with a value, in function returning void
         return 0;                                  \
                ^
Motor.c:143:5: note: in expansion of macro 'Xil_AssertNonvoid'
     Xil_AssertNonvoid(InstancePtr->IsReady == XIL_COMPONENT_IS_READY);
     ^~~~~~~~~~~~~~~~~
Motor.c:139:6: note: declared here
 void Motor_SetOverRide(Motor *InstancePtr, u32 Data)
      ^~~~~~~~~~~~~~~~~
In file included from Motor.h:11:0,
                 from Motor.c:4:
Motor.c: In function 'Motor_SetEnable':
../../../include/xil_assert.h:137:16: warning: 'return' with a value, in function returning void
         return 0;                                  \
                ^
Motor.c:160:5: note: in expansion of macro 'Xil_AssertNonvoid'
     Xil_AssertNonvoid(InstancePtr != NULL);
     ^~~~~~~~~~~~~~~~~
Motor.c:157:6: note: declared here
 void Motor_SetEnable(Motor *InstancePtr, u32 Data)
      ^~~~~~~~~~~~~~~
In file included from Motor.h:11:0,
                 from Motor.c:4:
../../../include/xil_assert.h:137:16: warning: 'return' with a value, in function returning void
         return 0;                                  \
                ^
Motor.c:161:5: note: in expansion of macro 'Xil_AssertNonvoid'
     Xil_AssertNonvoid(InstancePtr->IsReady == XIL_COMPONENT_IS_READY);
     ^~~~~~~~~~~~~~~~~
Motor.c:157:6: note: declared here
 void Motor_SetEnable(Motor *InstancePtr, u32 Data)
      ^~~~~~~~~~~~~~~
In file included from Motor.h:11:0,
                 from Motor.c:4:
Motor.c: In function 'Motor_SetSpeed':
../../../include/xil_assert.h:137:16: warning: 'return' with a value, in function returning void
         return 0;                                  \
                ^
Motor.c:178:5: note: in expansion of macro 'Xil_AssertNonvoid'
     Xil_AssertNonvoid(InstancePtr != NULL);
     ^~~~~~~~~~~~~~~~~
Motor.c:175:6: note: declared here
 void Motor_SetSpeed(Motor *InstancePtr, u32 Data)
      ^~~~~~~~~~~~~~
In file included from Motor.h:11:0,
                 from Motor.c:4:
../../../include/xil_assert.h:137:16: warning: 'return' with a value, in function returning void
         return 0;                                  \
                ^
Motor.c:179:5: note: in expansion of macro 'Xil_AssertNonvoid'
     Xil_AssertNonvoid(InstancePtr->IsReady == XIL_COMPONENT_IS_READY);
     ^~~~~~~~~~~~~~~~~
Motor.c:175:6: note: declared here
 void Motor_SetSpeed(Motor *InstancePtr, u32 Data)
      ^~~~~~~~~~~~~~
Motor_selftest.c: In function 'MOTOR_Reg_SelfTest':
Motor_selftest.c:51:54: warning: comparison between signed and unsigned integer expressions [-Wsign-compare]
    if ( MOTOR_mReadReg (baseaddr, read_loop_index*4) != (read_loop_index+1)*READ_WRITE_MUL_FACTOR){
                                                      ^~
"Running Make libs in ps7_cortexa9_0/libsrc/PID_v1_0/src"
make -C ps7_cortexa9_0/libsrc/PID_v1_0/src -s libs  "SHELL=CMD" "COMPILER=arm-none-eabi-gcc" "ARCHIVER=arm-none-eabi-ar" "COMPILER_FLAGS=  -O2 -c" "EXTRA_COMPILER_FLAGS=-mcpu=cortex-a9 -mfpu=vfpv3 -mfloat-abi=hard -nostartfiles -Wall -Wextra"
"Compiling PID..."
In file included from PID.h:12:0,
                 from PID.c:4:
PID.c: In function 'PID_SetOverRide':
../../../include/xil_assert.h:137:16: warning: 'return' with a value, in function returning void
         return 0;                                  \
                ^
PID.c:142:5: note: in expansion of macro 'Xil_AssertNonvoid'
     Xil_AssertNonvoid(InstancePtr != NULL);
     ^~~~~~~~~~~~~~~~~
PID.c:139:6: note: declared here
 void PID_SetOverRide(PID *InstancePtr, u32 Data)
      ^~~~~~~~~~~~~~~
In file included from PID.h:12:0,
                 from PID.c:4:
../../../include/xil_assert.h:137:16: warning: 'return' with a value, in function returning void
         return 0;                                  \
                ^
PID.c:143:5: note: in expansion of macro 'Xil_AssertNonvoid'
     Xil_AssertNonvoid(InstancePtr->IsReady == XIL_COMPONENT_IS_READY);
     ^~~~~~~~~~~~~~~~~
PID.c:139:6: note: declared here
 void PID_SetOverRide(PID *InstancePtr, u32 Data)
      ^~~~~~~~~~~~~~~
In file included from PID.h:12:0,
                 from PID.c:4:
PID.c: In function 'PID_SetError':
../../../include/xil_assert.h:137:16: warning: 'return' with a value, in function returning void
         return 0;                                  \
                ^
PID.c:160:5: note: in expansion of macro 'Xil_AssertNonvoid'
     Xil_AssertNonvoid(InstancePtr != NULL);
     ^~~~~~~~~~~~~~~~~
PID.c:157:6: note: declared here
 void PID_SetError(PID *InstancePtr, u32 Data)
      ^~~~~~~~~~~~
In file included from PID.h:12:0,
                 from PID.c:4:
../../../include/xil_assert.h:137:16: warning: 'return' with a value, in function returning void
         return 0;                                  \
                ^
PID.c:161:5: note: in expansion of macro 'Xil_AssertNonvoid'
     Xil_AssertNonvoid(InstancePtr->IsReady == XIL_COMPONENT_IS_READY);
     ^~~~~~~~~~~~~~~~~
PID.c:157:6: note: declared here
 void PID_SetError(PID *InstancePtr, u32 Data)
      ^~~~~~~~~~~~
In file included from PID.h:12:0,
                 from PID.c:4:
PID.c: In function 'PID_SetReset':
../../../include/xil_assert.h:137:16: warning: 'return' with a value, in function returning void
         return 0;                                  \
                ^
PID.c:178:5: note: in expansion of macro 'Xil_AssertNonvoid'
     Xil_AssertNonvoid(InstancePtr != NULL);
     ^~~~~~~~~~~~~~~~~
PID.c:175:6: note: declared here
 void PID_SetReset(PID *InstancePtr, u32 Data)
      ^~~~~~~~~~~~
In file included from PID.h:12:0,
                 from PID.c:4:
../../../include/xil_assert.h:137:16: warning: 'return' with a value, in function returning void
         return 0;                                  \
                ^
PID.c:179:5: note: in expansion of macro 'Xil_AssertNonvoid'
     Xil_AssertNonvoid(InstancePtr->IsReady == XIL_COMPONENT_IS_READY);
     ^~~~~~~~~~~~~~~~~
PID.c:175:6: note: declared here
 void PID_SetReset(PID *InstancePtr, u32 Data)
      ^~~~~~~~~~~~
In file included from PID.h:12:0,
                 from PID.c:4:
PID.c: In function 'PID_SetProportional':
../../../include/xil_assert.h:137:16: warning: 'return' with a value, in function returning void
         return 0;                                  \
                ^
PID.c:196:5: note: in expansion of macro 'Xil_AssertNonvoid'
     Xil_AssertNonvoid(InstancePtr != NULL);
     ^~~~~~~~~~~~~~~~~
PID.c:193:6: note: declared here
 void PID_SetProportional(PID *InstancePtr, u32 Data)
      ^~~~~~~~~~~~~~~~~~~
In file included from PID.h:12:0,
                 from PID.c:4:
../../../include/xil_assert.h:137:16: warning: 'return' with a value, in function returning void
         return 0;                                  \
                ^
PID.c:197:5: note: in expansion of macro 'Xil_AssertNonvoid'
     Xil_AssertNonvoid(InstancePtr->IsReady == XIL_COMPONENT_IS_READY);
     ^~~~~~~~~~~~~~~~~
PID.c:193:6: note: declared here
 void PID_SetProportional(PID *InstancePtr, u32 Data)
      ^~~~~~~~~~~~~~~~~~~
In file included from PID.h:12:0,
                 from PID.c:4:
PID.c: In function 'PID_SetIntegral':
../../../include/xil_assert.h:137:16: warning: 'return' with a value, in function returning void
         return 0;                                  \
                ^
PID.c:214:5: note: in expansion of macro 'Xil_AssertNonvoid'
     Xil_AssertNonvoid(InstancePtr != NULL);
     ^~~~~~~~~~~~~~~~~
PID.c:211:6: note: declared here
 void PID_SetIntegral(PID *InstancePtr, u32 Data)
      ^~~~~~~~~~~~~~~
In file included from PID.h:12:0,
                 from PID.c:4:
../../../include/xil_assert.h:137:16: warning: 'return' with a value, in function returning void
         return 0;                                  \
                ^
PID.c:215:5: note: in expansion of macro 'Xil_AssertNonvoid'
     Xil_AssertNonvoid(InstancePtr->IsReady == XIL_COMPONENT_IS_READY);
     ^~~~~~~~~~~~~~~~~
PID.c:211:6: note: declared here
 void PID_SetIntegral(PID *InstancePtr, u32 Data)
      ^~~~~~~~~~~~~~~
In file included from PID.h:12:0,
                 from PID.c:4:
PID.c: In function 'PID_SetDerivative':
../../../include/xil_assert.h:137:16: warning: 'return' with a value, in function returning void
         return 0;                                  \
                ^
PID.c:232:5: note: in expansion of macro 'Xil_AssertNonvoid'
     Xil_AssertNonvoid(InstancePtr != NULL);
     ^~~~~~~~~~~~~~~~~
PID.c:229:6: note: declared here
 void PID_SetDerivative(PID *InstancePtr, u32 Data)
      ^~~~~~~~~~~~~~~~~
In file included from PID.h:12:0,
                 from PID.c:4:
../../../include/xil_assert.h:137:16: warning: 'return' with a value, in function returning void
         return 0;                                  \
                ^
PID.c:233:5: note: in expansion of macro 'Xil_AssertNonvoid'
     Xil_AssertNonvoid(InstancePtr->IsReady == XIL_COMPONENT_IS_READY);
     ^~~~~~~~~~~~~~~~~
PID.c:229:6: note: declared here
 void PID_SetDerivative(PID *InstancePtr, u32 Data)
      ^~~~~~~~~~~~~~~~~
In file included from PID.h:12:0,
                 from PID.c:4:
PID.c: In function 'PID_SetDeadBand':
../../../include/xil_assert.h:137:16: warning: 'return' with a value, in function returning void
         return 0;                                  \
                ^
PID.c:250:5: note: in expansion of macro 'Xil_AssertNonvoid'
     Xil_AssertNonvoid(InstancePtr != NULL);
     ^~~~~~~~~~~~~~~~~
PID.c:247:6: note: declared here
 void PID_SetDeadBand(PID *InstancePtr, u32 Data)
      ^~~~~~~~~~~~~~~
In file included from PID.h:12:0,
                 from PID.c:4:
../../../include/xil_assert.h:137:16: warning: 'return' with a value, in function returning void
         return 0;                                  \
                ^
PID.c:251:5: note: in expansion of macro 'Xil_AssertNonvoid'
     Xil_AssertNonvoid(InstancePtr->IsReady == XIL_COMPONENT_IS_READY);
     ^~~~~~~~~~~~~~~~~
PID.c:247:6: note: declared here
 void PID_SetDeadBand(PID *InstancePtr, u32 Data)
      ^~~~~~~~~~~~~~~
In file included from PID.h:12:0,
                 from PID.c:4:
PID.c: In function 'PID_SetMinOutput':
../../../include/xil_assert.h:137:16: warning: 'return' with a value, in function returning void
         return 0;                                  \
                ^
PID.c:268:5: note: in expansion of macro 'Xil_AssertNonvoid'
     Xil_AssertNonvoid(InstancePtr != NULL);
     ^~~~~~~~~~~~~~~~~
PID.c:265:6: note: declared here
 void PID_SetMinOutput(PID *InstancePtr, u32 Data)
      ^~~~~~~~~~~~~~~~
In file included from PID.h:12:0,
                 from PID.c:4:
../../../include/xil_assert.h:137:16: warning: 'return' with a value, in function returning void
         return 0;                                  \
                ^
PID.c:269:5: note: in expansion of macro 'Xil_AssertNonvoid'
     Xil_AssertNonvoid(InstancePtr->IsReady == XIL_COMPONENT_IS_READY);
     ^~~~~~~~~~~~~~~~~
PID.c:265:6: note: declared here
 void PID_SetMinOutput(PID *InstancePtr, u32 Data)
      ^~~~~~~~~~~~~~~~
In file included from PID.h:12:0,
                 from PID.c:4:
PID.c: In function 'PID_SetMaxOutput':
../../../include/xil_assert.h:137:16: warning: 'return' with a value, in function returning void
         return 0;                                  \
                ^
PID.c:286:5: note: in expansion of macro 'Xil_AssertNonvoid'
     Xil_AssertNonvoid(InstancePtr != NULL);
     ^~~~~~~~~~~~~~~~~
PID.c:283:6: note: declared here
 void PID_SetMaxOutput(PID *InstancePtr, u32 Data)
      ^~~~~~~~~~~~~~~~
In file included from PID.h:12:0,
                 from PID.c:4:
../../../include/xil_assert.h:137:16: warning: 'return' with a value, in function returning void
         return 0;                                  \
                ^
PID.c:287:5: note: in expansion of macro 'Xil_AssertNonvoid'
     Xil_AssertNonvoid(InstancePtr->IsReady == XIL_COMPONENT_IS_READY);
     ^~~~~~~~~~~~~~~~~
PID.c:283:6: note: declared here
 void PID_SetMaxOutput(PID *InstancePtr, u32 Data)
      ^~~~~~~~~~~~~~~~
In file included from PID.h:12:0,
                 from PID.c:4:
PID.c: In function 'PID_PS_OverRide_Error':
../../../include/xil_assert.h:137:16: warning: 'return' with a value, in function returning void
         return 0;                                  \
                ^
PID.c:351:5: note: in expansion of macro 'Xil_AssertNonvoid'
     Xil_AssertNonvoid(InstancePtr != NULL);
     ^~~~~~~~~~~~~~~~~
PID.c:348:6: note: declared here
 void PID_PS_OverRide_Error(PID *InstancePtr)
      ^~~~~~~~~~~~~~~~~~~~~
In file included from PID.h:12:0,
                 from PID.c:4:
../../../include/xil_assert.h:137:16: warning: 'return' with a value, in function returning void
         return 0;                                  \
                ^
PID.c:352:5: note: in expansion of macro 'Xil_AssertNonvoid'
     Xil_AssertNonvoid(InstancePtr->IsReady == XIL_COMPONENT_IS_READY);
     ^~~~~~~~~~~~~~~~~
PID.c:348:6: note: declared here
 void PID_PS_OverRide_Error(PID *InstancePtr)
      ^~~~~~~~~~~~~~~~~~~~~
In file included from PID.h:12:0,
                 from PID.c:4:
PID.c: In function 'PID_PS_OverRide_DataError':
../../../include/xil_assert.h:137:16: warning: 'return' with a value, in function returning void
         return 0;                                  \
                ^
PID.c:363:5: note: in expansion of macro 'Xil_AssertNonvoid'
     Xil_AssertNonvoid(InstancePtr != NULL);
     ^~~~~~~~~~~~~~~~~
PID.c:360:6: note: declared here
 void PID_PS_OverRide_DataError(PID *InstancePtr, u32 Data)
      ^~~~~~~~~~~~~~~~~~~~~~~~~
In file included from PID.h:12:0,
                 from PID.c:4:
../../../include/xil_assert.h:137:16: warning: 'return' with a value, in function returning void
         return 0;                                  \
                ^
PID.c:364:5: note: in expansion of macro 'Xil_AssertNonvoid'
     Xil_AssertNonvoid(InstancePtr->IsReady == XIL_COMPONENT_IS_READY);
     ^~~~~~~~~~~~~~~~~
PID.c:360:6: note: declared here
 void PID_PS_OverRide_DataError(PID *InstancePtr, u32 Data)
      ^~~~~~~~~~~~~~~~~~~~~~~~~
In file included from PID.h:12:0,
                 from PID.c:4:
PID.c: In function 'PID_PL_OverRide_Error':
../../../include/xil_assert.h:137:16: warning: 'return' with a value, in function returning void
         return 0;                                  \
                ^
PID.c:373:5: note: in expansion of macro 'Xil_AssertNonvoid'
     Xil_AssertNonvoid(InstancePtr != NULL);
     ^~~~~~~~~~~~~~~~~
PID.c:370:6: note: declared here
 void PID_PL_OverRide_Error(PID *InstancePtr)
      ^~~~~~~~~~~~~~~~~~~~~
In file included from PID.h:12:0,
                 from PID.c:4:
../../../include/xil_assert.h:137:16: warning: 'return' with a value, in function returning void
         return 0;                                  \
                ^
PID.c:374:5: note: in expansion of macro 'Xil_AssertNonvoid'
     Xil_AssertNonvoid(InstancePtr->IsReady == XIL_COMPONENT_IS_READY);
     ^~~~~~~~~~~~~~~~~
PID.c:370:6: note: declared here
 void PID_PL_OverRide_Error(PID *InstancePtr)
      ^~~~~~~~~~~~~~~~~~~~~
In file included from PID.h:12:0,
                 from PID.c:4:
PID.c: In function 'PID_PS_OverRide_Reset':
../../../include/xil_assert.h:137:16: warning: 'return' with a value, in function returning void
         return 0;                                  \
                ^
PID.c:385:5: note: in expansion of macro 'Xil_AssertNonvoid'
     Xil_AssertNonvoid(InstancePtr != NULL);
     ^~~~~~~~~~~~~~~~~
PID.c:382:6: note: declared here
 void PID_PS_OverRide_Reset(PID *InstancePtr)
      ^~~~~~~~~~~~~~~~~~~~~
In file included from PID.h:12:0,
                 from PID.c:4:
../../../include/xil_assert.h:137:16: warning: 'return' with a value, in function returning void
         return 0;                                  \
                ^
PID.c:386:5: note: in expansion of macro 'Xil_AssertNonvoid'
     Xil_AssertNonvoid(InstancePtr->IsReady == XIL_COMPONENT_IS_READY);
     ^~~~~~~~~~~~~~~~~
PID.c:382:6: note: declared here
 void PID_PS_OverRide_Reset(PID *InstancePtr)
      ^~~~~~~~~~~~~~~~~~~~~
In file included from PID.h:12:0,
                 from PID.c:4:
PID.c: In function 'PID_PS_OverRide_DataReset':
../../../include/xil_assert.h:137:16: warning: 'return' with a value, in function returning void
         return 0;                                  \
                ^
PID.c:397:5: note: in expansion of macro 'Xil_AssertNonvoid'
     Xil_AssertNonvoid(InstancePtr != NULL);
     ^~~~~~~~~~~~~~~~~
PID.c:394:6: note: declared here
 void PID_PS_OverRide_DataReset(PID *InstancePtr, u32 Data)
      ^~~~~~~~~~~~~~~~~~~~~~~~~
In file included from PID.h:12:0,
                 from PID.c:4:
../../../include/xil_assert.h:137:16: warning: 'return' with a value, in function returning void
         return 0;                                  \
                ^
PID.c:398:5: note: in expansion of macro 'Xil_AssertNonvoid'
     Xil_AssertNonvoid(InstancePtr->IsReady == XIL_COMPONENT_IS_READY);
     ^~~~~~~~~~~~~~~~~
PID.c:394:6: note: declared here
 void PID_PS_OverRide_DataReset(PID *InstancePtr, u32 Data)
      ^~~~~~~~~~~~~~~~~~~~~~~~~
In file included from PID.h:12:0,
                 from PID.c:4:
PID.c: In function 'PID_PL_OverRide_Reset':
../../../include/xil_assert.h:137:16: warning: 'return' with a value, in function returning void
         return 0;                                  \
                ^
PID.c:407:5: note: in expansion of macro 'Xil_AssertNonvoid'
     Xil_AssertNonvoid(InstancePtr != NULL);
     ^~~~~~~~~~~~~~~~~
PID.c:404:6: note: declared here
 void PID_PL_OverRide_Reset(PID *InstancePtr)
      ^~~~~~~~~~~~~~~~~~~~~
In file included from PID.h:12:0,
                 from PID.c:4:
../../../include/xil_assert.h:137:16: warning: 'return' with a value, in function returning void
         return 0;                                  \
                ^
PID.c:408:5: note: in expansion of macro 'Xil_AssertNonvoid'
     Xil_AssertNonvoid(InstancePtr->IsReady == XIL_COMPONENT_IS_READY);
     ^~~~~~~~~~~~~~~~~
PID.c:404:6: note: declared here
 void PID_PL_OverRide_Reset(PID *InstancePtr)
      ^~~~~~~~~~~~~~~~~~~~~
In file included from PID.h:12:0,
                 from PID.c:4:
PID.c: In function 'PID_PS_OverRide_Proportional':
../../../include/xil_assert.h:137:16: warning: 'return' with a value, in function returning void
         return 0;                                  \
                ^
PID.c:419:5: note: in expansion of macro 'Xil_AssertNonvoid'
     Xil_AssertNonvoid(InstancePtr != NULL);
     ^~~~~~~~~~~~~~~~~
PID.c:416:6: note: declared here
 void PID_PS_OverRide_Proportional(PID *InstancePtr)
      ^~~~~~~~~~~~~~~~~~~~~~~~~~~~
In file included from PID.h:12:0,
                 from PID.c:4:
../../../include/xil_assert.h:137:16: warning: 'return' with a value, in function returning void
         return 0;                                  \
                ^
PID.c:420:5: note: in expansion of macro 'Xil_AssertNonvoid'
     Xil_AssertNonvoid(InstancePtr->IsReady == XIL_COMPONENT_IS_READY);
     ^~~~~~~~~~~~~~~~~
PID.c:416:6: note: declared here
 void PID_PS_OverRide_Proportional(PID *InstancePtr)
      ^~~~~~~~~~~~~~~~~~~~~~~~~~~~
In file included from PID.h:12:0,
                 from PID.c:4:
PID.c: In function 'PID_PS_OverRide_DataProportional':
../../../include/xil_assert.h:137:16: warning: 'return' with a value, in function returning void
         return 0;                                  \
                ^
PID.c:431:5: note: in expansion of macro 'Xil_AssertNonvoid'
     Xil_AssertNonvoid(InstancePtr != NULL);
     ^~~~~~~~~~~~~~~~~
PID.c:428:6: note: declared here
 void PID_PS_OverRide_DataProportional(PID *InstancePtr, u32 Data)
      ^~~~~~~~~~~~~~~~~~~~~~~~~~~~~~~~
In file included from PID.h:12:0,
                 from PID.c:4:
../../../include/xil_assert.h:137:16: warning: 'return' with a value, in function returning void
         return 0;                                  \
                ^
PID.c:432:5: note: in expansion of macro 'Xil_AssertNonvoid'
     Xil_AssertNonvoid(InstancePtr->IsReady == XIL_COMPONENT_IS_READY);
     ^~~~~~~~~~~~~~~~~
PID.c:428:6: note: declared here
 void PID_PS_OverRide_DataProportional(PID *InstancePtr, u32 Data)
      ^~~~~~~~~~~~~~~~~~~~~~~~~~~~~~~~
In file included from PID.h:12:0,
                 from PID.c:4:
PID.c: In function 'PID_PL_OverRide_Proportional':
../../../include/xil_assert.h:137:16: warning: 'return' with a value, in function returning void
         return 0;                                  \
                ^
PID.c:441:5: note: in expansion of macro 'Xil_AssertNonvoid'
     Xil_AssertNonvoid(InstancePtr != NULL);
     ^~~~~~~~~~~~~~~~~
PID.c:438:6: note: declared here
 void PID_PL_OverRide_Proportional(PID *InstancePtr)
      ^~~~~~~~~~~~~~~~~~~~~~~~~~~~
In file included from PID.h:12:0,
                 from PID.c:4:
../../../include/xil_assert.h:137:16: warning: 'return' with a value, in function returning void
         return 0;                                  \
                ^
PID.c:442:5: note: in expansion of macro 'Xil_AssertNonvoid'
     Xil_AssertNonvoid(InstancePtr->IsReady == XIL_COMPONENT_IS_READY);
     ^~~~~~~~~~~~~~~~~
PID.c:438:6: note: declared here
 void PID_PL_OverRide_Proportional(PID *InstancePtr)
      ^~~~~~~~~~~~~~~~~~~~~~~~~~~~
In file included from PID.h:12:0,
                 from PID.c:4:
PID.c: In function 'PID_PS_OverRide_Integral':
../../../include/xil_assert.h:137:16: warning: 'return' with a value, in function returning void
         return 0;                                  \
                ^
PID.c:453:5: note: in expansion of macro 'Xil_AssertNonvoid'
     Xil_AssertNonvoid(InstancePtr != NULL);
     ^~~~~~~~~~~~~~~~~
PID.c:450:6: note: declared here
 void PID_PS_OverRide_Integral(PID *InstancePtr)
      ^~~~~~~~~~~~~~~~~~~~~~~~
In file included from PID.h:12:0,
                 from PID.c:4:
../../../include/xil_assert.h:137:16: warning: 'return' with a value, in function returning void
         return 0;                                  \
                ^
PID.c:454:5: note: in expansion of macro 'Xil_AssertNonvoid'
     Xil_AssertNonvoid(InstancePtr->IsReady == XIL_COMPONENT_IS_READY);
     ^~~~~~~~~~~~~~~~~
PID.c:450:6: note: declared here
 void PID_PS_OverRide_Integral(PID *InstancePtr)
      ^~~~~~~~~~~~~~~~~~~~~~~~
In file included from PID.h:12:0,
                 from PID.c:4:
PID.c: In function 'PID_PS_OverRide_DataIntegral':
../../../include/xil_assert.h:137:16: warning: 'return' with a value, in function returning void
         return 0;                                  \
                ^
PID.c:465:5: note: in expansion of macro 'Xil_AssertNonvoid'
     Xil_AssertNonvoid(InstancePtr != NULL);
     ^~~~~~~~~~~~~~~~~
PID.c:462:6: note: declared here
 void PID_PS_OverRide_DataIntegral(PID *InstancePtr, u32 Data)
      ^~~~~~~~~~~~~~~~~~~~~~~~~~~~
In file included from PID.h:12:0,
                 from PID.c:4:
../../../include/xil_assert.h:137:16: warning: 'return' with a value, in function returning void
         return 0;                                  \
                ^
PID.c:466:5: note: in expansion of macro 'Xil_AssertNonvoid'
     Xil_AssertNonvoid(InstancePtr->IsReady == XIL_COMPONENT_IS_READY);
     ^~~~~~~~~~~~~~~~~
PID.c:462:6: note: declared here
 void PID_PS_OverRide_DataIntegral(PID *InstancePtr, u32 Data)
      ^~~~~~~~~~~~~~~~~~~~~~~~~~~~
In file included from PID.h:12:0,
                 from PID.c:4:
PID.c: In function 'PID_PL_OverRide_Integral':
../../../include/xil_assert.h:137:16: warning: 'return' with a value, in function returning void
         return 0;                                  \
                ^
PID.c:475:5: note: in expansion of macro 'Xil_AssertNonvoid'
     Xil_AssertNonvoid(InstancePtr != NULL);
     ^~~~~~~~~~~~~~~~~
PID.c:472:6: note: declared here
 void PID_PL_OverRide_Integral(PID *InstancePtr)
      ^~~~~~~~~~~~~~~~~~~~~~~~
In file included from PID.h:12:0,
                 from PID.c:4:
../../../include/xil_assert.h:137:16: warning: 'return' with a value, in function returning void
         return 0;                                  \
                ^
PID.c:476:5: note: in expansion of macro 'Xil_AssertNonvoid'
     Xil_AssertNonvoid(InstancePtr->IsReady == XIL_COMPONENT_IS_READY);
     ^~~~~~~~~~~~~~~~~
PID.c:472:6: note: declared here
 void PID_PL_OverRide_Integral(PID *InstancePtr)
      ^~~~~~~~~~~~~~~~~~~~~~~~
In file included from PID.h:12:0,
                 from PID.c:4:
PID.c: In function 'PID_PS_OverRide_Derivative':
../../../include/xil_assert.h:137:16: warning: 'return' with a value, in function returning void
         return 0;                                  \
                ^
PID.c:487:5: note: in expansion of macro 'Xil_AssertNonvoid'
     Xil_AssertNonvoid(InstancePtr != NULL);
     ^~~~~~~~~~~~~~~~~
PID.c:484:6: note: declared here
 void PID_PS_OverRide_Derivative(PID *InstancePtr)
      ^~~~~~~~~~~~~~~~~~~~~~~~~~
In file included from PID.h:12:0,
                 from PID.c:4:
../../../include/xil_assert.h:137:16: warning: 'return' with a value, in function returning void
         return 0;                                  \
                ^
PID.c:488:5: note: in expansion of macro 'Xil_AssertNonvoid'
     Xil_AssertNonvoid(InstancePtr->IsReady == XIL_COMPONENT_IS_READY);
     ^~~~~~~~~~~~~~~~~
PID.c:484:6: note: declared here
 void PID_PS_OverRide_Derivative(PID *InstancePtr)
      ^~~~~~~~~~~~~~~~~~~~~~~~~~
In file included from PID.h:12:0,
                 from PID.c:4:
PID.c: In function 'PID_PS_OverRide_DataDerivative':
../../../include/xil_assert.h:137:16: warning: 'return' with a value, in function returning void
         return 0;                                  \
                ^
PID.c:499:5: note: in expansion of macro 'Xil_AssertNonvoid'
     Xil_AssertNonvoid(InstancePtr != NULL);
     ^~~~~~~~~~~~~~~~~
PID.c:496:6: note: declared here
 void PID_PS_OverRide_DataDerivative(PID *InstancePtr, u32 Data)
      ^~~~~~~~~~~~~~~~~~~~~~~~~~~~~~
In file included from PID.h:12:0,
                 from PID.c:4:
../../../include/xil_assert.h:137:16: warning: 'return' with a value, in function returning void
         return 0;                                  \
                ^
PID.c:500:5: note: in expansion of macro 'Xil_AssertNonvoid'
     Xil_AssertNonvoid(InstancePtr->IsReady == XIL_COMPONENT_IS_READY);
     ^~~~~~~~~~~~~~~~~
PID.c:496:6: note: declared here
 void PID_PS_OverRide_DataDerivative(PID *InstancePtr, u32 Data)
      ^~~~~~~~~~~~~~~~~~~~~~~~~~~~~~
In file included from PID.h:12:0,
                 from PID.c:4:
PID.c: In function 'PID_PL_OverRide_Derivative':
../../../include/xil_assert.h:137:16: warning: 'return' with a value, in function returning void
         return 0;                                  \
                ^
PID.c:509:5: note: in expansion of macro 'Xil_AssertNonvoid'
     Xil_AssertNonvoid(InstancePtr != NULL);
     ^~~~~~~~~~~~~~~~~
PID.c:506:6: note: declared here
 void PID_PL_OverRide_Derivative(PID *InstancePtr)
      ^~~~~~~~~~~~~~~~~~~~~~~~~~
In file included from PID.h:12:0,
                 from PID.c:4:
../../../include/xil_assert.h:137:16: warning: 'return' with a value, in function returning void
         return 0;                                  \
                ^
PID.c:510:5: note: in expansion of macro 'Xil_AssertNonvoid'
     Xil_AssertNonvoid(InstancePtr->IsReady == XIL_COMPONENT_IS_READY);
     ^~~~~~~~~~~~~~~~~
PID.c:506:6: note: declared here
 void PID_PL_OverRide_Derivative(PID *InstancePtr)
      ^~~~~~~~~~~~~~~~~~~~~~~~~~
In file included from PID.h:12:0,
                 from PID.c:4:
PID.c: In function 'PID_PS_OverRide_DeadBand':
../../../include/xil_assert.h:137:16: warning: 'return' with a value, in function returning void
         return 0;                                  \
                ^
PID.c:521:5: note: in expansion of macro 'Xil_AssertNonvoid'
     Xil_AssertNonvoid(InstancePtr != NULL);
     ^~~~~~~~~~~~~~~~~
PID.c:518:6: note: declared here
 void PID_PS_OverRide_DeadBand(PID *InstancePtr)
      ^~~~~~~~~~~~~~~~~~~~~~~~
In file included from PID.h:12:0,
                 from PID.c:4:
../../../include/xil_assert.h:137:16: warning: 'return' with a value, in function returning void
         return 0;                                  \
                ^
PID.c:522:5: note: in expansion of macro 'Xil_AssertNonvoid'
     Xil_AssertNonvoid(InstancePtr->IsReady == XIL_COMPONENT_IS_READY);
     ^~~~~~~~~~~~~~~~~
PID.c:518:6: note: declared here
 void PID_PS_OverRide_DeadBand(PID *InstancePtr)
      ^~~~~~~~~~~~~~~~~~~~~~~~
In file included from PID.h:12:0,
                 from PID.c:4:
PID.c: In function 'PID_PS_OverRide_DataDeadBand':
../../../include/xil_assert.h:137:16: warning: 'return' with a value, in function returning void
         return 0;                                  \
                ^
PID.c:533:5: note: in expansion of macro 'Xil_AssertNonvoid'
     Xil_AssertNonvoid(InstancePtr != NULL);
     ^~~~~~~~~~~~~~~~~
PID.c:530:6: note: declared here
 void PID_PS_OverRide_DataDeadBand(PID *InstancePtr, u32 Data)
      ^~~~~~~~~~~~~~~~~~~~~~~~~~~~
In file included from PID.h:12:0,
                 from PID.c:4:
../../../include/xil_assert.h:137:16: warning: 'return' with a value, in function returning void
         return 0;                                  \
                ^
PID.c:534:5: note: in expansion of macro 'Xil_AssertNonvoid'
     Xil_AssertNonvoid(InstancePtr->IsReady == XIL_COMPONENT_IS_READY);
     ^~~~~~~~~~~~~~~~~
PID.c:530:6: note: declared here
 void PID_PS_OverRide_DataDeadBand(PID *InstancePtr, u32 Data)
      ^~~~~~~~~~~~~~~~~~~~~~~~~~~~
In file included from PID.h:12:0,
                 from PID.c:4:
PID.c: In function 'PID_PL_OverRide_DeadBand':
../../../include/xil_assert.h:137:16: warning: 'return' with a value, in function returning void
         return 0;                                  \
                ^
PID.c:543:5: note: in expansion of macro 'Xil_AssertNonvoid'
     Xil_AssertNonvoid(InstancePtr != NULL);
     ^~~~~~~~~~~~~~~~~
PID.c:540:6: note: declared here
 void PID_PL_OverRide_DeadBand(PID *InstancePtr)
      ^~~~~~~~~~~~~~~~~~~~~~~~
In file included from PID.h:12:0,
                 from PID.c:4:
../../../include/xil_assert.h:137:16: warning: 'return' with a value, in function returning void
         return 0;                                  \
                ^
PID.c:544:5: note: in expansion of macro 'Xil_AssertNonvoid'
     Xil_AssertNonvoid(InstancePtr->IsReady == XIL_COMPONENT_IS_READY);
     ^~~~~~~~~~~~~~~~~
PID.c:540:6: note: declared here
 void PID_PL_OverRide_DeadBand(PID *InstancePtr)
      ^~~~~~~~~~~~~~~~~~~~~~~~
In file included from PID.h:12:0,
                 from PID.c:4:
PID.c: In function 'PID_PS_OverRide_MinOutput':
../../../include/xil_assert.h:137:16: warning: 'return' with a value, in function returning void
         return 0;                                  \
                ^
PID.c:555:5: note: in expansion of macro 'Xil_AssertNonvoid'
     Xil_AssertNonvoid(InstancePtr != NULL);
     ^~~~~~~~~~~~~~~~~
PID.c:552:6: note: declared here
 void PID_PS_OverRide_MinOutput(PID *InstancePtr)
      ^~~~~~~~~~~~~~~~~~~~~~~~~
In file included from PID.h:12:0,
                 from PID.c:4:
../../../include/xil_assert.h:137:16: warning: 'return' with a value, in function returning void
         return 0;                                  \
                ^
PID.c:556:5: note: in expansion of macro 'Xil_AssertNonvoid'
     Xil_AssertNonvoid(InstancePtr->IsReady == XIL_COMPONENT_IS_READY);
     ^~~~~~~~~~~~~~~~~
PID.c:552:6: note: declared here
 void PID_PS_OverRide_MinOutput(PID *InstancePtr)
      ^~~~~~~~~~~~~~~~~~~~~~~~~
In file included from PID.h:12:0,
                 from PID.c:4:
PID.c: In function 'PID_PS_OverRide_DataMinOutput':
../../../include/xil_assert.h:137:16: warning: 'return' with a value, in function returning void
         return 0;                                  \
                ^
PID.c:567:5: note: in expansion of macro 'Xil_AssertNonvoid'
     Xil_AssertNonvoid(InstancePtr != NULL);
     ^~~~~~~~~~~~~~~~~
PID.c:564:6: note: declared here
 void PID_PS_OverRide_DataMinOutput(PID *InstancePtr, u32 Data)
      ^~~~~~~~~~~~~~~~~~~~~~~~~~~~~
In file included from PID.h:12:0,
                 from PID.c:4:
../../../include/xil_assert.h:137:16: warning: 'return' with a value, in function returning void
         return 0;                                  \
                ^
PID.c:568:5: note: in expansion of macro 'Xil_AssertNonvoid'
     Xil_AssertNonvoid(InstancePtr->IsReady == XIL_COMPONENT_IS_READY);
     ^~~~~~~~~~~~~~~~~
PID.c:564:6: note: declared here
 void PID_PS_OverRide_DataMinOutput(PID *InstancePtr, u32 Data)
      ^~~~~~~~~~~~~~~~~~~~~~~~~~~~~
In file included from PID.h:12:0,
                 from PID.c:4:
PID.c: In function 'PID_PL_OverRide_MinOutput':
../../../include/xil_assert.h:137:16: warning: 'return' with a value, in function returning void
         return 0;                                  \
                ^
PID.c:577:5: note: in expansion of macro 'Xil_AssertNonvoid'
     Xil_AssertNonvoid(InstancePtr != NULL);
     ^~~~~~~~~~~~~~~~~
PID.c:574:6: note: declared here
 void PID_PL_OverRide_MinOutput(PID *InstancePtr)
      ^~~~~~~~~~~~~~~~~~~~~~~~~
In file included from PID.h:12:0,
                 from PID.c:4:
../../../include/xil_assert.h:137:16: warning: 'return' with a value, in function returning void
         return 0;                                  \
                ^
PID.c:578:5: note: in expansion of macro 'Xil_AssertNonvoid'
     Xil_AssertNonvoid(InstancePtr->IsReady == XIL_COMPONENT_IS_READY);
     ^~~~~~~~~~~~~~~~~
PID.c:574:6: note: declared here
 void PID_PL_OverRide_MinOutput(PID *InstancePtr)
      ^~~~~~~~~~~~~~~~~~~~~~~~~
In file included from PID.h:12:0,
                 from PID.c:4:
PID.c: In function 'PID_PS_OverRide_MaxOutput':
../../../include/xil_assert.h:137:16: warning: 'return' with a value, in function returning void
         return 0;                                  \
                ^
PID.c:589:5: note: in expansion of macro 'Xil_AssertNonvoid'
     Xil_AssertNonvoid(InstancePtr != NULL);
     ^~~~~~~~~~~~~~~~~
PID.c:586:6: note: declared here
 void PID_PS_OverRide_MaxOutput(PID *InstancePtr)
      ^~~~~~~~~~~~~~~~~~~~~~~~~
In file included from PID.h:12:0,
                 from PID.c:4:
../../../include/xil_assert.h:137:16: warning: 'return' with a value, in function returning void
         return 0;                                  \
                ^
PID.c:590:5: note: in expansion of macro 'Xil_AssertNonvoid'
     Xil_AssertNonvoid(InstancePtr->IsReady == XIL_COMPONENT_IS_READY);
     ^~~~~~~~~~~~~~~~~
PID.c:586:6: note: declared here
 void PID_PS_OverRide_MaxOutput(PID *InstancePtr)
      ^~~~~~~~~~~~~~~~~~~~~~~~~
In file included from PID.h:12:0,
                 from PID.c:4:
PID.c: In function 'PID_PS_OverRide_DataMaxOutput':
../../../include/xil_assert.h:137:16: warning: 'return' with a value, in function returning void
         return 0;                                  \
                ^
PID.c:601:5: note: in expansion of macro 'Xil_AssertNonvoid'
     Xil_AssertNonvoid(InstancePtr != NULL);
     ^~~~~~~~~~~~~~~~~
PID.c:598:6: note: declared here
 void PID_PS_OverRide_DataMaxOutput(PID *InstancePtr, u32 Data)
      ^~~~~~~~~~~~~~~~~~~~~~~~~~~~~
In file included from PID.h:12:0,
                 from PID.c:4:
../../../include/xil_assert.h:137:16: warning: 'return' with a value, in function returning void
         return 0;                                  \
                ^
PID.c:602:5: note: in expansion of macro 'Xil_AssertNonvoid'
     Xil_AssertNonvoid(InstancePtr->IsReady == XIL_COMPONENT_IS_READY);
     ^~~~~~~~~~~~~~~~~
PID.c:598:6: note: declared here
 void PID_PS_OverRide_DataMaxOutput(PID *InstancePtr, u32 Data)
      ^~~~~~~~~~~~~~~~~~~~~~~~~~~~~
In file included from PID.h:12:0,
                 from PID.c:4:
PID.c: In function 'PID_PL_OverRide_MaxOutput':
../../../include/xil_assert.h:137:16: warning: 'return' with a value, in function returning void
         return 0;                                  \
                ^
PID.c:611:5: note: in expansion of macro 'Xil_AssertNonvoid'
     Xil_AssertNonvoid(InstancePtr != NULL);
     ^~~~~~~~~~~~~~~~~
PID.c:608:6: note: declared here
 void PID_PL_OverRide_MaxOutput(PID *InstancePtr)
      ^~~~~~~~~~~~~~~~~~~~~~~~~
In file included from PID.h:12:0,
                 from PID.c:4:
../../../include/xil_assert.h:137:16: warning: 'return' with a value, in function returning void
         return 0;                                  \
                ^
PID.c:612:5: note: in expansion of macro 'Xil_AssertNonvoid'
     Xil_AssertNonvoid(InstancePtr->IsReady == XIL_COMPONENT_IS_READY);
     ^~~~~~~~~~~~~~~~~
PID.c:608:6: note: declared here
 void PID_PL_OverRide_MaxOutput(PID *InstancePtr)
      ^~~~~~~~~~~~~~~~~~~~~~~~~
PID_selftest.c: In function 'PID_Reg_SelfTest':
PID_selftest.c:52:52: warning: comparison between signed and unsigned integer expressions [-Wsign-compare]
    if ( PID_mReadReg (baseaddr, read_loop_index*4) != (read_loop_index+1)*READ_WRITE_MUL_FACTOR){
                                                    ^~
PID_selftest.c:36:6: warning: unused variable 'Index' [-Wunused-variable]
  int Index;
      ^~~~~
"Running Make libs in ps7_cortexa9_0/libsrc/qspips_v3_3/src"
make -C ps7_cortexa9_0/libsrc/qspips_v3_3/src -s libs  "SHELL=CMD" "COMPILER=arm-none-eabi-gcc" "ARCHIVER=arm-none-eabi-ar" "COMPILER_FLAGS=  -O2 -c" "EXTRA_COMPILER_FLAGS=-mcpu=cortex-a9 -mfpu=vfpv3 -mfloat-abi=hard -nostartfiles -Wall -Wextra"
"Compiling qspips"
"Running Make libs in ps7_cortexa9_0/libsrc/scugic_v3_7/src"
make -C ps7_cortexa9_0/libsrc/scugic_v3_7/src -s libs  "SHELL=CMD" "COMPILER=arm-none-eabi-gcc" "ARCHIVER=arm-none-eabi-ar" "COMPILER_FLAGS=  -O2 -c" "EXTRA_COMPILER_FLAGS=-mcpu=cortex-a9 -mfpu=vfpv3 -mfloat-abi=hard -nostartfiles -Wall -Wextra"
"Compiling scugic"
xscugic_g.c:53:2: warning: missing initializer for field 'HandlerTable' of 'XScuGic_Config {aka struct <anonymous>}' [-Wmissing-field-initializers]
  }
  ^
In file included from xscugic_g.c:41:0:
xscugic.h:218:27: note: 'HandlerTable' declared here
  XScuGic_VectorTableEntry HandlerTable[XSCUGIC_MAX_NUM_INTR_INPUTS];/**<
                           ^~~~~~~~~~~~
"Running Make libs in ps7_cortexa9_0/libsrc/scutimer_v2_1/src"
make -C ps7_cortexa9_0/libsrc/scutimer_v2_1/src -s libs  "SHELL=CMD" "COMPILER=arm-none-eabi-gcc" "ARCHIVER=arm-none-eabi-ar" "COMPILER_FLAGS=  -O2 -c" "EXTRA_COMPILER_FLAGS=-mcpu=cortex-a9 -mfpu=vfpv3 -mfloat-abi=hard -nostartfiles -Wall -Wextra"
"Compiling scutimer"
"Running Make libs in ps7_cortexa9_0/libsrc/scuwdt_v2_1/src"
make -C ps7_cortexa9_0/libsrc/scuwdt_v2_1/src -s libs  "SHELL=CMD" "COMPILER=arm-none-eabi-gcc" "ARCHIVER=arm-none-eabi-ar" "COMPILER_FLAGS=  -O2 -c" "EXTRA_COMPILER_FLAGS=-mcpu=cortex-a9 -mfpu=vfpv3 -mfloat-abi=hard -nostartfiles -Wall -Wextra"
"Compiling scuwdt"
"Running Make libs in ps7_cortexa9_0/libsrc/sdps_v3_2/src"
make -C ps7_cortexa9_0/libsrc/sdps_v3_2/src -s libs  "SHELL=CMD" "COMPILER=arm-none-eabi-gcc" "ARCHIVER=arm-none-eabi-ar" "COMPILER_FLAGS=  -O2 -c" "EXTRA_COMPILER_FLAGS=-mcpu=cortex-a9 -mfpu=vfpv3 -mfloat-abi=hard -nostartfiles -Wall -Wextra"
"Compiling sdps"
"Running Make libs in ps7_cortexa9_0/libsrc/standalone_v6_3/src"
make -C ps7_cortexa9_0/libsrc/standalone_v6_3/src -s libs  "SHELL=CMD" "COMPILER=arm-none-eabi-gcc" "ARCHIVER=arm-none-eabi-ar" "COMPILER_FLAGS=  -O2 -c" "EXTRA_COMPILER_FLAGS=-mcpu=cortex-a9 -mfpu=vfpv3 -mfloat-abi=hard -nostartfiles -Wall -Wextra"
"Compiling standalone"
"Running Make libs in ps7_cortexa9_0/libsrc/Subtractor_v1_0/src"
make -C ps7_cortexa9_0/libsrc/Subtractor_v1_0/src -s libs  "SHELL=CMD" "COMPILER=arm-none-eabi-gcc" "ARCHIVER=arm-none-eabi-ar" "COMPILER_FLAGS=  -O2 -c" "EXTRA_COMPILER_FLAGS=-mcpu=cortex-a9 -mfpu=vfpv3 -mfloat-abi=hard -nostartfiles -Wall -Wextra"
"Compiling Subtractor..."
In file included from Subtractor.h:12:0,
                 from Subtractor.c:4:
Subtractor.c: In function 'Subtractor_SetOverRide':
../../../include/xil_assert.h:137:16: warning: 'return' with a value, in function returning void
         return 0;                                  \
                ^
Subtractor.c:142:5: note: in expansion of macro 'Xil_AssertNonvoid'
     Xil_AssertNonvoid(InstancePtr != NULL);
     ^~~~~~~~~~~~~~~~~
Subtractor.c:139:6: note: declared here
 void Subtractor_SetOverRide(Subtractor *InstancePtr, u32 Data)
      ^~~~~~~~~~~~~~~~~~~~~~
In file included from Subtractor.h:12:0,
                 from Subtractor.c:4:
../../../include/xil_assert.h:137:16: warning: 'return' with a value, in function returning void
         return 0;                                  \
                ^
Subtractor.c:143:5: note: in expansion of macro 'Xil_AssertNonvoid'
     Xil_AssertNonvoid(InstancePtr->IsReady == XIL_COMPONENT_IS_READY);
     ^~~~~~~~~~~~~~~~~
Subtractor.c:139:6: note: declared here
 void Subtractor_SetOverRide(Subtractor *InstancePtr, u32 Data)
      ^~~~~~~~~~~~~~~~~~~~~~
In file included from Subtractor.h:12:0,
                 from Subtractor.c:4:
Subtractor.c: In function 'Subtractor_SetAdd':
../../../include/xil_assert.h:137:16: warning: 'return' with a value, in function returning void
         return 0;                                  \
                ^
Subtractor.c:160:5: note: in expansion of macro 'Xil_AssertNonvoid'
     Xil_AssertNonvoid(InstancePtr != NULL);
     ^~~~~~~~~~~~~~~~~
Subtractor.c:157:6: note: declared here
 void Subtractor_SetAdd(Subtractor *InstancePtr, u32 Data)
      ^~~~~~~~~~~~~~~~~
In file included from Subtractor.h:12:0,
                 from Subtractor.c:4:
../../../include/xil_assert.h:137:16: warning: 'return' with a value, in function returning void
         return 0;                                  \
                ^
Subtractor.c:161:5: note: in expansion of macro 'Xil_AssertNonvoid'
     Xil_AssertNonvoid(InstancePtr->IsReady == XIL_COMPONENT_IS_READY);
     ^~~~~~~~~~~~~~~~~
Subtractor.c:157:6: note: declared here
 void Subtractor_SetAdd(Subtractor *InstancePtr, u32 Data)
      ^~~~~~~~~~~~~~~~~
In file included from Subtractor.h:12:0,
                 from Subtractor.c:4:
Subtractor.c: In function 'Subtractor_SetSubtract':
../../../include/xil_assert.h:137:16: warning: 'return' with a value, in function returning void
         return 0;                                  \
                ^
Subtractor.c:178:5: note: in expansion of macro 'Xil_AssertNonvoid'
     Xil_AssertNonvoid(InstancePtr != NULL);
     ^~~~~~~~~~~~~~~~~
Subtractor.c:175:6: note: declared here
 void Subtractor_SetSubtract(Subtractor *InstancePtr, u32 Data)
      ^~~~~~~~~~~~~~~~~~~~~~
In file included from Subtractor.h:12:0,
                 from Subtractor.c:4:
../../../include/xil_assert.h:137:16: warning: 'return' with a value, in function returning void
         return 0;                                  \
                ^
Subtractor.c:179:5: note: in expansion of macro 'Xil_AssertNonvoid'
     Xil_AssertNonvoid(InstancePtr->IsReady == XIL_COMPONENT_IS_READY);
     ^~~~~~~~~~~~~~~~~
Subtractor.c:175:6: note: declared here
 void Subtractor_SetSubtract(Subtractor *InstancePtr, u32 Data)
      ^~~~~~~~~~~~~~~~~~~~~~
Subtractor_selftest.c: In function 'SUBTRACTOR_Reg_SelfTest':
Subtractor_selftest.c:51:59: warning: comparison between signed and unsigned integer expressions [-Wsign-compare]
    if ( SUBTRACTOR_mReadReg (baseaddr, read_loop_index*4) != (read_loop_index+1)*READ_WRITE_MUL_FACTOR){
                                                           ^~
"Running Make libs in ps7_cortexa9_0/libsrc/ttcps_v3_3/src"
make -C ps7_cortexa9_0/libsrc/ttcps_v3_3/src -s libs  "SHELL=CMD" "COMPILER=arm-none-eabi-gcc" "ARCHIVER=arm-none-eabi-ar" "COMPILER_FLAGS=  -O2 -c" "EXTRA_COMPILER_FLAGS=-mcpu=cortex-a9 -mfpu=vfpv3 -mfloat-abi=hard -nostartfiles -Wall -Wextra"
"Compiling ttcps"
"Running Make libs in ps7_cortexa9_0/libsrc/uartps_v3_4/src"
make -C ps7_cortexa9_0/libsrc/uartps_v3_4/src -s libs  "SHELL=CMD" "COMPILER=arm-none-eabi-gcc" "ARCHIVER=arm-none-eabi-ar" "COMPILER_FLAGS=  -O2 -c" "EXTRA_COMPILER_FLAGS=-mcpu=cortex-a9 -mfpu=vfpv3 -mfloat-abi=hard -nostartfiles -Wall -Wextra"
"Compiling uartps"
"Running Make libs in ps7_cortexa9_0/libsrc/usbps_v2_4/src"
make -C ps7_cortexa9_0/libsrc/usbps_v2_4/src -s libs  "SHELL=CMD" "COMPILER=arm-none-eabi-gcc" "ARCHIVER=arm-none-eabi-ar" "COMPILER_FLAGS=  -O2 -c" "EXTRA_COMPILER_FLAGS=-mcpu=cortex-a9 -mfpu=vfpv3 -mfloat-abi=hard -nostartfiles -Wall -Wextra"
"Compiling usbps"
"Running Make libs in ps7_cortexa9_0/libsrc/xadcps_v2_2/src"
make -C ps7_cortexa9_0/libsrc/xadcps_v2_2/src -s libs  "SHELL=CMD" "COMPILER=arm-none-eabi-gcc" "ARCHIVER=arm-none-eabi-ar" "COMPILER_FLAGS=  -O2 -c" "EXTRA_COMPILER_FLAGS=-mcpu=cortex-a9 -mfpu=vfpv3 -mfloat-abi=hard -nostartfiles -Wall -Wextra"
"Compiling xadcps"
'Finished building libraries'

15:25:06 Build Finished (took 28s.945ms)

