09:56:22 INFO  : Registering command handlers for SDK TCF services
09:56:22 INFO  : Launching XSCT server: xsct.bat -interactive C:\Projet\Vivado\Evo\Evo.sdk\temp_xsdb_launch_script.tcl
09:56:25 INFO  : XSCT server has started successfully.
09:56:30 INFO  : Successfully done setting XSCT server connection channel  
09:56:30 INFO  : Processing command line option -hwspec C:/Projet/Vivado/Evo/Evo.sdk/evo_v1_wrapper.hdf.
09:56:30 INFO  : Successfully done setting SDK workspace  
19:57:17 INFO  : Registering command handlers for SDK TCF services
19:57:17 INFO  : Launching XSCT server: xsct.bat -interactive C:\Projet\Vivado\Evo\Evo.sdk\temp_xsdb_launch_script.tcl
19:57:19 INFO  : XSCT server has started successfully.
19:57:22 INFO  : Processing command line option -hwspec C:/Projet/Vivado/Evo/Evo.sdk/evo_v1_wrapper.hdf.
19:57:22 INFO  : Successfully done setting XSCT server connection channel  
19:57:22 INFO  : Checking for hwspec changes in the project evo_v1_wrapper_hw_platform_0.
19:57:22 INFO  : Successfully done setting SDK workspace  
19:57:31 INFO  : Connected to target on host '127.0.0.1' and port '3121'.
19:57:37 INFO  : 'targets -set -filter {jtag_cable_name =~ "Digilent Zybo 210279771968A" && level==0} -index 1' command is executed.
19:57:39 INFO  : FPGA configured successfully with bitstream "C:/Projet/Vivado/Evo/Evo.sdk/evo_v1_wrapper_hw_platform_0/evo_v1_wrapper.bit"
19:57:54 INFO  : 'targets -set -filter {jtag_cable_name =~ "Digilent Zybo 210279771968A" && level==0} -index 1' command is executed.
19:57:54 INFO  : 'fpga -state' command is executed.
19:57:54 INFO  : Connected to target on host '127.0.0.1' and port '3121'.
19:57:55 INFO  : Jtag cable 'Digilent Zybo 210279771968A' is selected.
19:57:55 INFO  : 'jtag frequency' command is executed.
19:57:55 INFO  : Sourcing of 'C:/Projet/Vivado/Evo/Evo.sdk/evo_v1_wrapper_hw_platform_0/ps7_init.tcl' is done.
19:57:55 INFO  : Context for 'APU' is selected.
19:57:55 INFO  : Hardware design information is loaded from 'C:/Projet/Vivado/Evo/Evo.sdk/evo_v1_wrapper_hw_platform_0/system.hdf'.
19:57:55 INFO  : 'configparams force-mem-access 1' command is executed.
19:57:55 INFO  : Context for 'APU' is selected.
19:57:55 INFO  : 'stop' command is executed.
19:57:56 INFO  : 'ps7_init' command is executed.
19:57:56 INFO  : 'ps7_post_config' command is executed.
19:57:56 INFO  : Context for processor 'ps7_cortexa9_0' is selected.
19:57:56 INFO  : Processor reset is completed for 'ps7_cortexa9_0'.
19:57:56 INFO  : Context for processor 'ps7_cortexa9_0' is selected.
19:57:56 INFO  : The application 'C:/Projet/Vivado/Evo/Evo.sdk/Evo/Debug/Evo.elf' is downloaded to processor 'ps7_cortexa9_0'.
19:57:56 INFO  : 'configparams force-mem-access 0' command is executed.
19:57:56 INFO  : ----------------XSDB Script----------------
connect -url tcp:127.0.0.1:3121
source C:/Projet/Vivado/Evo/Evo.sdk/evo_v1_wrapper_hw_platform_0/ps7_init.tcl
targets -set -nocase -filter {name =~"APU*" && jtag_cable_name =~ "Digilent Zybo 210279771968A"} -index 0
loadhw -hw C:/Projet/Vivado/Evo/Evo.sdk/evo_v1_wrapper_hw_platform_0/system.hdf -mem-ranges [list {0x40000000 0xbfffffff}]
configparams force-mem-access 1
targets -set -nocase -filter {name =~"APU*" && jtag_cable_name =~ "Digilent Zybo 210279771968A"} -index 0
stop
ps7_init
ps7_post_config
targets -set -nocase -filter {name =~ "ARM*#0" && jtag_cable_name =~ "Digilent Zybo 210279771968A"} -index 0
rst -processor
targets -set -nocase -filter {name =~ "ARM*#0" && jtag_cable_name =~ "Digilent Zybo 210279771968A"} -index 0
dow C:/Projet/Vivado/Evo/Evo.sdk/Evo/Debug/Evo.elf
configparams force-mem-access 0
----------------End of Script----------------

19:57:56 INFO  : Memory regions updated for context APU
19:57:56 INFO  : Context for processor 'ps7_cortexa9_0' is selected.
19:57:56 INFO  : 'con' command is executed.
19:57:56 INFO  : ----------------XSDB Script (After Launch)----------------
targets -set -nocase -filter {name =~ "ARM*#0" && jtag_cable_name =~ "Digilent Zybo 210279771968A"} -index 0
con
----------------End of Script----------------

19:57:56 INFO  : Launch script is exported to file 'C:\Projet\Vivado\Evo\Evo.sdk\.sdk\launch_scripts\xilinx_c-c++_application_(system_debugger)\system_debugger_using_debug_evo.elf_on_local.tcl'
20:00:45 INFO  : Disconnected from the channel tcfchan#1.
20:00:46 INFO  : 'targets -set -filter {jtag_cable_name =~ "Digilent Zybo 210279771968A" && level==0} -index 1' command is executed.
20:00:46 INFO  : 'fpga -state' command is executed.
20:00:46 INFO  : Connected to target on host '127.0.0.1' and port '3121'.
20:00:47 INFO  : Jtag cable 'Digilent Zybo 210279771968A' is selected.
20:00:47 INFO  : 'jtag frequency' command is executed.
20:00:47 INFO  : Sourcing of 'C:/Projet/Vivado/Evo/Evo.sdk/evo_v1_wrapper_hw_platform_0/ps7_init.tcl' is done.
20:00:47 INFO  : Context for 'APU' is selected.
20:00:49 INFO  : Hardware design information is loaded from 'C:/Projet/Vivado/Evo/Evo.sdk/evo_v1_wrapper_hw_platform_0/system.hdf'.
20:00:49 INFO  : 'configparams force-mem-access 1' command is executed.
20:00:49 INFO  : Context for 'APU' is selected.
20:00:49 INFO  : 'stop' command is executed.
20:00:49 INFO  : 'ps7_init' command is executed.
20:00:49 INFO  : 'ps7_post_config' command is executed.
20:00:49 INFO  : Context for processor 'ps7_cortexa9_0' is selected.
20:00:49 INFO  : Processor reset is completed for 'ps7_cortexa9_0'.
20:00:49 INFO  : Context for processor 'ps7_cortexa9_0' is selected.
20:00:49 INFO  : The application 'C:/Projet/Vivado/Evo/Evo.sdk/Evo/Debug/Evo.elf' is downloaded to processor 'ps7_cortexa9_0'.
20:00:49 INFO  : 'configparams force-mem-access 0' command is executed.
20:00:49 INFO  : ----------------XSDB Script----------------
connect -url tcp:127.0.0.1:3121
source C:/Projet/Vivado/Evo/Evo.sdk/evo_v1_wrapper_hw_platform_0/ps7_init.tcl
targets -set -nocase -filter {name =~"APU*" && jtag_cable_name =~ "Digilent Zybo 210279771968A"} -index 0
loadhw -hw C:/Projet/Vivado/Evo/Evo.sdk/evo_v1_wrapper_hw_platform_0/system.hdf -mem-ranges [list {0x40000000 0xbfffffff}]
configparams force-mem-access 1
targets -set -nocase -filter {name =~"APU*" && jtag_cable_name =~ "Digilent Zybo 210279771968A"} -index 0
stop
ps7_init
ps7_post_config
targets -set -nocase -filter {name =~ "ARM*#0" && jtag_cable_name =~ "Digilent Zybo 210279771968A"} -index 0
rst -processor
targets -set -nocase -filter {name =~ "ARM*#0" && jtag_cable_name =~ "Digilent Zybo 210279771968A"} -index 0
dow C:/Projet/Vivado/Evo/Evo.sdk/Evo/Debug/Evo.elf
configparams force-mem-access 0
----------------End of Script----------------

20:00:49 INFO  : Memory regions updated for context APU
20:00:50 INFO  : Context for processor 'ps7_cortexa9_0' is selected.
20:00:50 INFO  : 'con' command is executed.
20:00:50 INFO  : ----------------XSDB Script (After Launch)----------------
targets -set -nocase -filter {name =~ "ARM*#0" && jtag_cable_name =~ "Digilent Zybo 210279771968A"} -index 0
con
----------------End of Script----------------

20:00:50 INFO  : Launch script is exported to file 'C:\Projet\Vivado\Evo\Evo.sdk\.sdk\launch_scripts\xilinx_c-c++_application_(system_debugger)\system_debugger_using_debug_evo.elf_on_local.tcl'
20:01:14 INFO  : Disconnected from the channel tcfchan#2.
20:01:16 INFO  : 'targets -set -filter {jtag_cable_name =~ "Digilent Zybo 210279771968A" && level==0} -index 1' command is executed.
20:01:16 INFO  : 'fpga -state' command is executed.
20:01:25 INFO  : Connected to target on host '127.0.0.1' and port '3121'.
20:01:25 INFO  : Jtag cable 'Digilent Zybo 210279771968A' is selected.
20:01:25 INFO  : 'jtag frequency' command is executed.
20:01:25 INFO  : Sourcing of 'C:/Projet/Vivado/Evo/Evo.sdk/evo_v1_wrapper_hw_platform_0/ps7_init.tcl' is done.
20:01:25 INFO  : Context for 'APU' is selected.
20:01:28 INFO  : Hardware design information is loaded from 'C:/Projet/Vivado/Evo/Evo.sdk/evo_v1_wrapper_hw_platform_0/system.hdf'.
20:01:28 INFO  : 'configparams force-mem-access 1' command is executed.
20:01:28 INFO  : Context for 'APU' is selected.
20:01:28 INFO  : 'stop' command is executed.
20:01:28 INFO  : 'ps7_init' command is executed.
20:01:28 INFO  : 'ps7_post_config' command is executed.
20:01:28 INFO  : Context for processor 'ps7_cortexa9_0' is selected.
20:01:29 INFO  : Processor reset is completed for 'ps7_cortexa9_0'.
20:01:29 INFO  : Context for processor 'ps7_cortexa9_0' is selected.
20:01:29 INFO  : The application 'C:/Projet/Vivado/Evo/Evo.sdk/Evo/Debug/Evo.elf' is downloaded to processor 'ps7_cortexa9_0'.
20:01:29 INFO  : 'configparams force-mem-access 0' command is executed.
20:01:29 INFO  : ----------------XSDB Script----------------
connect -url tcp:127.0.0.1:3121
source C:/Projet/Vivado/Evo/Evo.sdk/evo_v1_wrapper_hw_platform_0/ps7_init.tcl
targets -set -nocase -filter {name =~"APU*" && jtag_cable_name =~ "Digilent Zybo 210279771968A"} -index 0
loadhw -hw C:/Projet/Vivado/Evo/Evo.sdk/evo_v1_wrapper_hw_platform_0/system.hdf -mem-ranges [list {0x40000000 0xbfffffff}]
configparams force-mem-access 1
targets -set -nocase -filter {name =~"APU*" && jtag_cable_name =~ "Digilent Zybo 210279771968A"} -index 0
stop
ps7_init
ps7_post_config
targets -set -nocase -filter {name =~ "ARM*#0" && jtag_cable_name =~ "Digilent Zybo 210279771968A"} -index 0
rst -processor
targets -set -nocase -filter {name =~ "ARM*#0" && jtag_cable_name =~ "Digilent Zybo 210279771968A"} -index 0
dow C:/Projet/Vivado/Evo/Evo.sdk/Evo/Debug/Evo.elf
configparams force-mem-access 0
----------------End of Script----------------

20:01:29 INFO  : Memory regions updated for context APU
20:01:29 INFO  : Context for processor 'ps7_cortexa9_0' is selected.
20:01:29 INFO  : 'con' command is executed.
20:01:29 INFO  : ----------------XSDB Script (After Launch)----------------
targets -set -nocase -filter {name =~ "ARM*#0" && jtag_cable_name =~ "Digilent Zybo 210279771968A"} -index 0
con
----------------End of Script----------------

20:01:29 INFO  : Launch script is exported to file 'C:\Projet\Vivado\Evo\Evo.sdk\.sdk\launch_scripts\xilinx_c-c++_application_(system_debugger)\system_debugger_using_debug_evo.elf_on_local.tcl'
20:01:42 INFO  : Connected to target on host '127.0.0.1' and port '3121'.
20:01:42 INFO  : 'targets -set -filter {jtag_cable_name =~ "Digilent Zybo 210279771968A" && level==0} -index 1' command is executed.
20:01:44 INFO  : FPGA configured successfully with bitstream "C:/Projet/Vivado/Evo/Evo.sdk/evo_v1_wrapper_hw_platform_0/evo_v1_wrapper.bit"
20:01:48 INFO  : Disconnected from the channel tcfchan#3.
20:01:49 INFO  : 'targets -set -filter {jtag_cable_name =~ "Digilent Zybo 210279771968A" && level==0} -index 1' command is executed.
20:01:49 INFO  : 'fpga -state' command is executed.
20:01:49 INFO  : Connected to target on host '127.0.0.1' and port '3121'.
20:01:49 INFO  : Jtag cable 'Digilent Zybo 210279771968A' is selected.
20:01:49 INFO  : 'jtag frequency' command is executed.
20:01:49 INFO  : Sourcing of 'C:/Projet/Vivado/Evo/Evo.sdk/evo_v1_wrapper_hw_platform_0/ps7_init.tcl' is done.
20:01:49 INFO  : Context for 'APU' is selected.
20:01:51 INFO  : Hardware design information is loaded from 'C:/Projet/Vivado/Evo/Evo.sdk/evo_v1_wrapper_hw_platform_0/system.hdf'.
20:01:51 INFO  : 'configparams force-mem-access 1' command is executed.
20:01:51 INFO  : Context for 'APU' is selected.
20:01:51 INFO  : 'stop' command is executed.
20:01:53 INFO  : 'ps7_init' command is executed.
20:01:53 INFO  : 'ps7_post_config' command is executed.
20:01:53 INFO  : Context for processor 'ps7_cortexa9_0' is selected.
20:01:54 INFO  : Processor reset is completed for 'ps7_cortexa9_0'.
20:01:54 INFO  : Context for processor 'ps7_cortexa9_0' is selected.
20:01:56 ERROR : Memory write error at 0x100000. APB AP transaction error, DAP status f0000021
20:01:56 INFO  : ----------------XSDB Script----------------
connect -url tcp:127.0.0.1:3121
source C:/Projet/Vivado/Evo/Evo.sdk/evo_v1_wrapper_hw_platform_0/ps7_init.tcl
targets -set -nocase -filter {name =~"APU*" && jtag_cable_name =~ "Digilent Zybo 210279771968A"} -index 0
loadhw -hw C:/Projet/Vivado/Evo/Evo.sdk/evo_v1_wrapper_hw_platform_0/system.hdf -mem-ranges [list {0x40000000 0xbfffffff}]
configparams force-mem-access 1
targets -set -nocase -filter {name =~"APU*" && jtag_cable_name =~ "Digilent Zybo 210279771968A"} -index 0
stop
ps7_init
ps7_post_config
targets -set -nocase -filter {name =~ "ARM*#0" && jtag_cable_name =~ "Digilent Zybo 210279771968A"} -index 0
rst -processor
targets -set -nocase -filter {name =~ "ARM*#0" && jtag_cable_name =~ "Digilent Zybo 210279771968A"} -index 0
dow C:/Projet/Vivado/Evo/Evo.sdk/Evo/Debug/Evo.elf
----------------End of Script----------------

20:02:07 INFO  : Connected to target on host '127.0.0.1' and port '3121'.
20:02:07 INFO  : 'targets -set -filter {jtag_cable_name =~ "Digilent Zybo 210279771968A" && level==0} -index 1' command is executed.
20:02:08 INFO  : FPGA configured successfully with bitstream "C:/Projet/Vivado/Evo/Evo.sdk/evo_v1_wrapper_hw_platform_0/evo_v1_wrapper.bit"
20:02:13 INFO  : 'targets -set -filter {jtag_cable_name =~ "Digilent Zybo 210279771968A" && level==0} -index 1' command is executed.
20:02:14 INFO  : 'fpga -state' command is executed.
20:02:14 INFO  : Connected to target on host '127.0.0.1' and port '3121'.
20:02:14 INFO  : Jtag cable 'Digilent Zybo 210279771968A' is selected.
20:02:14 INFO  : 'jtag frequency' command is executed.
20:02:14 INFO  : Sourcing of 'C:/Projet/Vivado/Evo/Evo.sdk/evo_v1_wrapper_hw_platform_0/ps7_init.tcl' is done.
20:02:15 INFO  : Context for 'APU' is selected.
20:02:15 INFO  : Hardware design information is loaded from 'C:/Projet/Vivado/Evo/Evo.sdk/evo_v1_wrapper_hw_platform_0/system.hdf'.
20:02:15 INFO  : 'configparams force-mem-access 1' command is executed.
20:02:15 INFO  : Context for 'APU' is selected.
20:02:15 INFO  : 'stop' command is executed.
20:02:15 INFO  : 'ps7_init' command is executed.
20:02:15 INFO  : 'ps7_post_config' command is executed.
20:02:15 INFO  : Context for processor 'ps7_cortexa9_0' is selected.
20:02:15 INFO  : Processor reset is completed for 'ps7_cortexa9_0'.
20:02:15 INFO  : Context for processor 'ps7_cortexa9_0' is selected.
20:02:16 INFO  : The application 'C:/Projet/Vivado/Evo/Evo.sdk/Evo/Debug/Evo.elf' is downloaded to processor 'ps7_cortexa9_0'.
20:02:16 INFO  : 'configparams force-mem-access 0' command is executed.
20:02:16 INFO  : ----------------XSDB Script----------------
connect -url tcp:127.0.0.1:3121
source C:/Projet/Vivado/Evo/Evo.sdk/evo_v1_wrapper_hw_platform_0/ps7_init.tcl
targets -set -nocase -filter {name =~"APU*" && jtag_cable_name =~ "Digilent Zybo 210279771968A"} -index 0
loadhw -hw C:/Projet/Vivado/Evo/Evo.sdk/evo_v1_wrapper_hw_platform_0/system.hdf -mem-ranges [list {0x40000000 0xbfffffff}]
configparams force-mem-access 1
targets -set -nocase -filter {name =~"APU*" && jtag_cable_name =~ "Digilent Zybo 210279771968A"} -index 0
stop
ps7_init
ps7_post_config
targets -set -nocase -filter {name =~ "ARM*#0" && jtag_cable_name =~ "Digilent Zybo 210279771968A"} -index 0
rst -processor
targets -set -nocase -filter {name =~ "ARM*#0" && jtag_cable_name =~ "Digilent Zybo 210279771968A"} -index 0
dow C:/Projet/Vivado/Evo/Evo.sdk/Evo/Debug/Evo.elf
configparams force-mem-access 0
----------------End of Script----------------

20:02:16 INFO  : Memory regions updated for context APU
20:02:16 INFO  : Context for processor 'ps7_cortexa9_0' is selected.
20:02:16 INFO  : 'con' command is executed.
20:02:16 INFO  : ----------------XSDB Script (After Launch)----------------
targets -set -nocase -filter {name =~ "ARM*#0" && jtag_cable_name =~ "Digilent Zybo 210279771968A"} -index 0
con
----------------End of Script----------------

20:02:16 INFO  : Launch script is exported to file 'C:\Projet\Vivado\Evo\Evo.sdk\.sdk\launch_scripts\xilinx_c-c++_application_(system_debugger)\system_debugger_using_debug_evo.elf_on_local.tcl'
20:03:17 INFO  : Disconnected from the channel tcfchan#4.
