
*** Running vivado
    with args -log evo_v1_Gpio_IRQ_0_0.vds -m64 -product Vivado -mode batch -messageDb vivado.pb -notrace -source evo_v1_Gpio_IRQ_0_0.tcl


****** Vivado v2017.2 (64-bit)
  **** SW Build 1909853 on Thu Jun 15 18:39:09 MDT 2017
  **** IP Build 1909766 on Thu Jun 15 19:58:00 MDT 2017
    ** Copyright 1986-2017 Xilinx, Inc. All Rights Reserved.

source evo_v1_Gpio_IRQ_0_0.tcl -notrace
Command: synth_design -top evo_v1_Gpio_IRQ_0_0 -part xc7z010clg400-1 -mode out_of_context
Starting synth_design
Attempting to get a license for feature 'Synthesis' and/or device 'xc7z010-clg400'
INFO: [Common 17-349] Got license for feature 'Synthesis' and/or device 'xc7z010-clg400'
INFO: Launching helper process for spawning children vivado processes
INFO: Helper process launched with PID 2836 
---------------------------------------------------------------------------------
Starting RTL Elaboration : Time (s): cpu = 00:00:02 ; elapsed = 00:00:03 . Memory (MB): peak = 381.625 ; gain = 78.734
---------------------------------------------------------------------------------
INFO: [Synth 8-638] synthesizing module 'evo_v1_Gpio_IRQ_0_0' [c:/Projet/Vivado/Evo/Evo.srcs/sources_1/bd/evo_v1/ip/evo_v1_Gpio_IRQ_0_0/synth/evo_v1_Gpio_IRQ_0_0.vhd:84]
	Parameter C_S00_AXI_DATA_WIDTH bound to: 32 - type: integer 
	Parameter C_S00_AXI_ADDR_WIDTH bound to: 5 - type: integer 
	Parameter GPIO_DATA_WIDTH bound to: 4 - type: integer 
	Parameter EDGE_POLARITY bound to: 1'b1 
	Parameter DIVIDER bound to: 100 - type: integer 
INFO: [Synth 8-3491] module 'Gpio_IRQ_v1_0' declared at 'c:/Projet/Vivado/Evo/Evo.srcs/sources_1/bd/evo_v1/ipshared/8c14/hdl/Gpio_IRQ_v1_0.vhd:5' bound to instance 'U0' of component 'Gpio_IRQ_v1_0' [c:/Projet/Vivado/Evo/Evo.srcs/sources_1/bd/evo_v1/ip/evo_v1_Gpio_IRQ_0_0/synth/evo_v1_Gpio_IRQ_0_0.vhd:151]
INFO: [Synth 8-638] synthesizing module 'Gpio_IRQ_v1_0' [c:/Projet/Vivado/Evo/Evo.srcs/sources_1/bd/evo_v1/ipshared/8c14/hdl/Gpio_IRQ_v1_0.vhd:52]
	Parameter GPIO_DATA_WIDTH bound to: 4 - type: integer 
	Parameter EDGE_POLARITY bound to: 1'b1 
	Parameter DIVIDER bound to: 100 - type: integer 
	Parameter C_S00_AXI_DATA_WIDTH bound to: 32 - type: integer 
	Parameter C_S00_AXI_ADDR_WIDTH bound to: 5 - type: integer 
	Parameter GPIO_DATA_WIDTH bound to: 4 - type: integer 
	Parameter EDGE_POLARITY bound to: 1'b1 
	Parameter DIVIDER bound to: 100 - type: integer 
	Parameter C_S_AXI_DATA_WIDTH bound to: 32 - type: integer 
	Parameter C_S_AXI_ADDR_WIDTH bound to: 5 - type: integer 
INFO: [Synth 8-3491] module 'Gpio_IRQ_v1_0_S00_AXI' declared at 'c:/Projet/Vivado/Evo/Evo.srcs/sources_1/bd/evo_v1/ipshared/8c14/hdl/Gpio_IRQ_v1_0_S00_AXI.vhd:5' bound to instance 'Gpio_IRQ_v1_0_S00_AXI_inst' of component 'Gpio_IRQ_v1_0_S00_AXI' [c:/Projet/Vivado/Evo/Evo.srcs/sources_1/bd/evo_v1/ipshared/8c14/hdl/Gpio_IRQ_v1_0.vhd:93]
INFO: [Synth 8-638] synthesizing module 'Gpio_IRQ_v1_0_S00_AXI' [c:/Projet/Vivado/Evo/Evo.srcs/sources_1/bd/evo_v1/ipshared/8c14/hdl/Gpio_IRQ_v1_0_S00_AXI.vhd:89]
	Parameter GPIO_DATA_WIDTH bound to: 4 - type: integer 
	Parameter EDGE_POLARITY bound to: 1'b1 
	Parameter DIVIDER bound to: 100 - type: integer 
	Parameter C_S_AXI_DATA_WIDTH bound to: 32 - type: integer 
	Parameter C_S_AXI_ADDR_WIDTH bound to: 5 - type: integer 
INFO: [Synth 8-226] default block is never used [c:/Projet/Vivado/Evo/Evo.srcs/sources_1/bd/evo_v1/ipshared/8c14/hdl/Gpio_IRQ_v1_0_S00_AXI.vhd:242]
INFO: [Synth 8-226] default block is never used [c:/Projet/Vivado/Evo/Evo.srcs/sources_1/bd/evo_v1/ipshared/8c14/hdl/Gpio_IRQ_v1_0_S00_AXI.vhd:410]
WARNING: [Synth 8-614] signal 'divider_i' is read in the process but is not in the sensitivity list [c:/Projet/Vivado/Evo/Evo.srcs/sources_1/bd/evo_v1/ipshared/8c14/hdl/Gpio_IRQ_v1_0_S00_AXI.vhd:403]
WARNING: [Synth 8-6014] Unused sequential element slv_reg3_reg was removed.  [c:/Projet/Vivado/Evo/Evo.srcs/sources_1/bd/evo_v1/ipshared/8c14/hdl/Gpio_IRQ_v1_0_S00_AXI.vhd:234]
WARNING: [Synth 8-6014] Unused sequential element slv_reg4_reg was removed.  [c:/Projet/Vivado/Evo/Evo.srcs/sources_1/bd/evo_v1/ipshared/8c14/hdl/Gpio_IRQ_v1_0_S00_AXI.vhd:235]
WARNING: [Synth 8-6014] Unused sequential element loc_addr_reg was removed.  [c:/Projet/Vivado/Evo/Evo.srcs/sources_1/bd/evo_v1/ipshared/8c14/hdl/Gpio_IRQ_v1_0_S00_AXI.vhd:240]
WARNING: [Synth 8-6014] Unused sequential element loc_addr_reg was removed.  [c:/Projet/Vivado/Evo/Evo.srcs/sources_1/bd/evo_v1/ipshared/8c14/hdl/Gpio_IRQ_v1_0_S00_AXI.vhd:408]
WARNING: [Synth 8-6014] Unused sequential element zeros_reg was removed.  [c:/Projet/Vivado/Evo/Evo.srcs/sources_1/bd/evo_v1/ipshared/8c14/hdl/Gpio_IRQ_v1_0_S00_AXI.vhd:409]
WARNING: [Synth 8-6014] Unused sequential element counter_i_reg was removed.  [c:/Projet/Vivado/Evo/Evo.srcs/sources_1/bd/evo_v1/ipshared/8c14/hdl/Gpio_IRQ_v1_0_S00_AXI.vhd:464]
WARNING: [Synth 8-6014] Unused sequential element enable_i_reg was removed.  [c:/Projet/Vivado/Evo/Evo.srcs/sources_1/bd/evo_v1/ipshared/8c14/hdl/Gpio_IRQ_v1_0_S00_AXI.vhd:490]
WARNING: [Synth 8-3848] Net last_i in module/entity Gpio_IRQ_v1_0_S00_AXI does not have driver. [c:/Projet/Vivado/Evo/Evo.srcs/sources_1/bd/evo_v1/ipshared/8c14/hdl/Gpio_IRQ_v1_0_S00_AXI.vhd:96]
INFO: [Synth 8-256] done synthesizing module 'Gpio_IRQ_v1_0_S00_AXI' (1#1) [c:/Projet/Vivado/Evo/Evo.srcs/sources_1/bd/evo_v1/ipshared/8c14/hdl/Gpio_IRQ_v1_0_S00_AXI.vhd:89]
INFO: [Synth 8-256] done synthesizing module 'Gpio_IRQ_v1_0' (2#1) [c:/Projet/Vivado/Evo/Evo.srcs/sources_1/bd/evo_v1/ipshared/8c14/hdl/Gpio_IRQ_v1_0.vhd:52]
INFO: [Synth 8-256] done synthesizing module 'evo_v1_Gpio_IRQ_0_0' (3#1) [c:/Projet/Vivado/Evo/Evo.srcs/sources_1/bd/evo_v1/ip/evo_v1_Gpio_IRQ_0_0/synth/evo_v1_Gpio_IRQ_0_0.vhd:84]
WARNING: [Synth 8-3331] design Gpio_IRQ_v1_0_S00_AXI has unconnected port S_AXI_AWPROT[2]
WARNING: [Synth 8-3331] design Gpio_IRQ_v1_0_S00_AXI has unconnected port S_AXI_AWPROT[1]
WARNING: [Synth 8-3331] design Gpio_IRQ_v1_0_S00_AXI has unconnected port S_AXI_AWPROT[0]
WARNING: [Synth 8-3331] design Gpio_IRQ_v1_0_S00_AXI has unconnected port S_AXI_ARPROT[2]
WARNING: [Synth 8-3331] design Gpio_IRQ_v1_0_S00_AXI has unconnected port S_AXI_ARPROT[1]
WARNING: [Synth 8-3331] design Gpio_IRQ_v1_0_S00_AXI has unconnected port S_AXI_ARPROT[0]
---------------------------------------------------------------------------------
Finished RTL Elaboration : Time (s): cpu = 00:00:03 ; elapsed = 00:00:04 . Memory (MB): peak = 420.949 ; gain = 118.059
---------------------------------------------------------------------------------

Report Check Netlist: 
+------+------------------+-------+---------+-------+------------------+
|      |Item              |Errors |Warnings |Status |Description       |
+------+------------------+-------+---------+-------+------------------+
|1     |multi_driven_nets |      0|        0|Passed |Multi driven nets |
+------+------------------+-------+---------+-------+------------------+
---------------------------------------------------------------------------------
Finished RTL Optimization Phase 1 : Time (s): cpu = 00:00:03 ; elapsed = 00:00:04 . Memory (MB): peak = 420.949 ; gain = 118.059
---------------------------------------------------------------------------------
INFO: [Device 21-403] Loading part xc7z010clg400-1
INFO: [Project 1-570] Preparing netlist for logic optimization

Processing XDC Constraints
Initializing timing engine
Completed Processing XDC Constraints

INFO: [Project 1-111] Unisim Transformation Summary:
No Unisim elements were transformed.

Constraint Validation Runtime : Time (s): cpu = 00:00:00 ; elapsed = 00:00:00.178 . Memory (MB): peak = 714.961 ; gain = 0.000
---------------------------------------------------------------------------------
Finished Constraint Validation : Time (s): cpu = 00:00:12 ; elapsed = 00:00:13 . Memory (MB): peak = 714.961 ; gain = 412.070
---------------------------------------------------------------------------------
---------------------------------------------------------------------------------
Start Loading Part and Timing Information
---------------------------------------------------------------------------------
Loading part: xc7z010clg400-1
---------------------------------------------------------------------------------
Finished Loading Part and Timing Information : Time (s): cpu = 00:00:12 ; elapsed = 00:00:13 . Memory (MB): peak = 714.961 ; gain = 412.070
---------------------------------------------------------------------------------
---------------------------------------------------------------------------------
Start Applying 'set_property' XDC Constraints
---------------------------------------------------------------------------------
---------------------------------------------------------------------------------
Finished applying 'set_property' XDC Constraints : Time (s): cpu = 00:00:12 ; elapsed = 00:00:13 . Memory (MB): peak = 714.961 ; gain = 412.070
---------------------------------------------------------------------------------
---------------------------------------------------------------------------------
Finished RTL Optimization Phase 2 : Time (s): cpu = 00:00:12 ; elapsed = 00:00:13 . Memory (MB): peak = 714.961 ; gain = 412.070
---------------------------------------------------------------------------------

Report RTL Partitions: 
+-+--------------+------------+----------+
| |RTL Partition |Replication |Instances |
+-+--------------+------------+----------+
+-+--------------+------------+----------+
---------------------------------------------------------------------------------
Start RTL Component Statistics 
---------------------------------------------------------------------------------
Detailed RTL Component Info : 
+---Registers : 
	               32 Bit    Registers := 6     
	                5 Bit    Registers := 2     
	                2 Bit    Registers := 2     
	                1 Bit    Registers := 7     
+---Muxes : 
	   2 Input     32 Bit        Muxes := 6     
	   8 Input     32 Bit        Muxes := 6     
	   2 Input     27 Bit        Muxes := 1     
	   2 Input      4 Bit        Muxes := 1     
	   2 Input      1 Bit        Muxes := 5     
---------------------------------------------------------------------------------
Finished RTL Component Statistics 
---------------------------------------------------------------------------------
---------------------------------------------------------------------------------
Start RTL Hierarchical Component Statistics 
---------------------------------------------------------------------------------
Hierarchical RTL Component report 
Module Gpio_IRQ_v1_0_S00_AXI 
Detailed RTL Component Info : 
+---Registers : 
	               32 Bit    Registers := 6     
	                5 Bit    Registers := 2     
	                2 Bit    Registers := 2     
	                1 Bit    Registers := 7     
+---Muxes : 
	   2 Input     32 Bit        Muxes := 6     
	   8 Input     32 Bit        Muxes := 6     
	   2 Input     27 Bit        Muxes := 1     
	   2 Input      4 Bit        Muxes := 1     
	   2 Input      1 Bit        Muxes := 5     
---------------------------------------------------------------------------------
Finished RTL Hierarchical Component Statistics
---------------------------------------------------------------------------------
---------------------------------------------------------------------------------
Start Part Resource Summary
---------------------------------------------------------------------------------
Part Resources:
DSPs: 80 (col length:40)
BRAMs: 120 (col length: RAMB18 40 RAMB36 20)
---------------------------------------------------------------------------------
Finished Part Resource Summary
---------------------------------------------------------------------------------
---------------------------------------------------------------------------------
Start Cross Boundary and Area Optimization
---------------------------------------------------------------------------------
WARNING: [Synth 8-3331] design evo_v1_Gpio_IRQ_0_0 has unconnected port s00_axi_awprot[2]
WARNING: [Synth 8-3331] design evo_v1_Gpio_IRQ_0_0 has unconnected port s00_axi_awprot[1]
WARNING: [Synth 8-3331] design evo_v1_Gpio_IRQ_0_0 has unconnected port s00_axi_awprot[0]
WARNING: [Synth 8-3331] design evo_v1_Gpio_IRQ_0_0 has unconnected port s00_axi_arprot[2]
WARNING: [Synth 8-3331] design evo_v1_Gpio_IRQ_0_0 has unconnected port s00_axi_arprot[1]
WARNING: [Synth 8-3331] design evo_v1_Gpio_IRQ_0_0 has unconnected port s00_axi_arprot[0]
INFO: [Synth 8-3333] propagating constant 1 across sequential element (\U0/Gpio_IRQ_v1_0_S00_AXI_inst/aw_en_reg )
INFO: [Synth 8-3886] merging instance 'U0/Gpio_IRQ_v1_0_S00_AXI_inst/axi_rresp_reg[0]' (FDRE) to 'U0/Gpio_IRQ_v1_0_S00_AXI_inst/axi_rresp_reg[1]'
INFO: [Synth 8-3333] propagating constant 0 across sequential element (\U0/Gpio_IRQ_v1_0_S00_AXI_inst/axi_rresp_reg[1] )
INFO: [Synth 8-3886] merging instance 'U0/Gpio_IRQ_v1_0_S00_AXI_inst/axi_bresp_reg[0]' (FDRE) to 'U0/Gpio_IRQ_v1_0_S00_AXI_inst/axi_bresp_reg[1]'
INFO: [Synth 8-3333] propagating constant 0 across sequential element (\U0/Gpio_IRQ_v1_0_S00_AXI_inst/axi_bresp_reg[1] )
INFO: [Synth 8-3332] Sequential element (U0/Gpio_IRQ_v1_0_S00_AXI_inst/aw_en_reg) is unused and will be removed from module evo_v1_Gpio_IRQ_0_0.
INFO: [Synth 8-3332] Sequential element (U0/Gpio_IRQ_v1_0_S00_AXI_inst/axi_awaddr_reg[1]) is unused and will be removed from module evo_v1_Gpio_IRQ_0_0.
INFO: [Synth 8-3332] Sequential element (U0/Gpio_IRQ_v1_0_S00_AXI_inst/axi_awaddr_reg[0]) is unused and will be removed from module evo_v1_Gpio_IRQ_0_0.
INFO: [Synth 8-3332] Sequential element (U0/Gpio_IRQ_v1_0_S00_AXI_inst/slv_reg2_reg[31]) is unused and will be removed from module evo_v1_Gpio_IRQ_0_0.
INFO: [Synth 8-3332] Sequential element (U0/Gpio_IRQ_v1_0_S00_AXI_inst/slv_reg2_reg[30]) is unused and will be removed from module evo_v1_Gpio_IRQ_0_0.
INFO: [Synth 8-3332] Sequential element (U0/Gpio_IRQ_v1_0_S00_AXI_inst/slv_reg2_reg[29]) is unused and will be removed from module evo_v1_Gpio_IRQ_0_0.
INFO: [Synth 8-3332] Sequential element (U0/Gpio_IRQ_v1_0_S00_AXI_inst/slv_reg2_reg[28]) is unused and will be removed from module evo_v1_Gpio_IRQ_0_0.
INFO: [Synth 8-3332] Sequential element (U0/Gpio_IRQ_v1_0_S00_AXI_inst/slv_reg2_reg[27]) is unused and will be removed from module evo_v1_Gpio_IRQ_0_0.
INFO: [Synth 8-3332] Sequential element (U0/Gpio_IRQ_v1_0_S00_AXI_inst/slv_reg2_reg[26]) is unused and will be removed from module evo_v1_Gpio_IRQ_0_0.
INFO: [Synth 8-3332] Sequential element (U0/Gpio_IRQ_v1_0_S00_AXI_inst/slv_reg2_reg[25]) is unused and will be removed from module evo_v1_Gpio_IRQ_0_0.
INFO: [Synth 8-3332] Sequential element (U0/Gpio_IRQ_v1_0_S00_AXI_inst/slv_reg2_reg[24]) is unused and will be removed from module evo_v1_Gpio_IRQ_0_0.
INFO: [Synth 8-3332] Sequential element (U0/Gpio_IRQ_v1_0_S00_AXI_inst/slv_reg2_reg[23]) is unused and will be removed from module evo_v1_Gpio_IRQ_0_0.
INFO: [Synth 8-3332] Sequential element (U0/Gpio_IRQ_v1_0_S00_AXI_inst/slv_reg2_reg[22]) is unused and will be removed from module evo_v1_Gpio_IRQ_0_0.
INFO: [Synth 8-3332] Sequential element (U0/Gpio_IRQ_v1_0_S00_AXI_inst/slv_reg2_reg[21]) is unused and will be removed from module evo_v1_Gpio_IRQ_0_0.
INFO: [Synth 8-3332] Sequential element (U0/Gpio_IRQ_v1_0_S00_AXI_inst/slv_reg2_reg[20]) is unused and will be removed from module evo_v1_Gpio_IRQ_0_0.
INFO: [Synth 8-3332] Sequential element (U0/Gpio_IRQ_v1_0_S00_AXI_inst/slv_reg2_reg[19]) is unused and will be removed from module evo_v1_Gpio_IRQ_0_0.
INFO: [Synth 8-3332] Sequential element (U0/Gpio_IRQ_v1_0_S00_AXI_inst/slv_reg2_reg[18]) is unused and will be removed from module evo_v1_Gpio_IRQ_0_0.
INFO: [Synth 8-3332] Sequential element (U0/Gpio_IRQ_v1_0_S00_AXI_inst/slv_reg2_reg[17]) is unused and will be removed from module evo_v1_Gpio_IRQ_0_0.
INFO: [Synth 8-3332] Sequential element (U0/Gpio_IRQ_v1_0_S00_AXI_inst/slv_reg2_reg[16]) is unused and will be removed from module evo_v1_Gpio_IRQ_0_0.
INFO: [Synth 8-3332] Sequential element (U0/Gpio_IRQ_v1_0_S00_AXI_inst/slv_reg2_reg[15]) is unused and will be removed from module evo_v1_Gpio_IRQ_0_0.
INFO: [Synth 8-3332] Sequential element (U0/Gpio_IRQ_v1_0_S00_AXI_inst/slv_reg2_reg[14]) is unused and will be removed from module evo_v1_Gpio_IRQ_0_0.
INFO: [Synth 8-3332] Sequential element (U0/Gpio_IRQ_v1_0_S00_AXI_inst/slv_reg2_reg[13]) is unused and will be removed from module evo_v1_Gpio_IRQ_0_0.
INFO: [Synth 8-3332] Sequential element (U0/Gpio_IRQ_v1_0_S00_AXI_inst/slv_reg2_reg[12]) is unused and will be removed from module evo_v1_Gpio_IRQ_0_0.
INFO: [Synth 8-3332] Sequential element (U0/Gpio_IRQ_v1_0_S00_AXI_inst/slv_reg2_reg[11]) is unused and will be removed from module evo_v1_Gpio_IRQ_0_0.
INFO: [Synth 8-3332] Sequential element (U0/Gpio_IRQ_v1_0_S00_AXI_inst/slv_reg2_reg[10]) is unused and will be removed from module evo_v1_Gpio_IRQ_0_0.
INFO: [Synth 8-3332] Sequential element (U0/Gpio_IRQ_v1_0_S00_AXI_inst/slv_reg2_reg[9]) is unused and will be removed from module evo_v1_Gpio_IRQ_0_0.
INFO: [Synth 8-3332] Sequential element (U0/Gpio_IRQ_v1_0_S00_AXI_inst/slv_reg2_reg[8]) is unused and will be removed from module evo_v1_Gpio_IRQ_0_0.
INFO: [Synth 8-3332] Sequential element (U0/Gpio_IRQ_v1_0_S00_AXI_inst/slv_reg2_reg[7]) is unused and will be removed from module evo_v1_Gpio_IRQ_0_0.
INFO: [Synth 8-3332] Sequential element (U0/Gpio_IRQ_v1_0_S00_AXI_inst/slv_reg2_reg[6]) is unused and will be removed from module evo_v1_Gpio_IRQ_0_0.
INFO: [Synth 8-3332] Sequential element (U0/Gpio_IRQ_v1_0_S00_AXI_inst/slv_reg2_reg[5]) is unused and will be removed from module evo_v1_Gpio_IRQ_0_0.
INFO: [Synth 8-3332] Sequential element (U0/Gpio_IRQ_v1_0_S00_AXI_inst/slv_reg2_reg[4]) is unused and will be removed from module evo_v1_Gpio_IRQ_0_0.
INFO: [Synth 8-3332] Sequential element (U0/Gpio_IRQ_v1_0_S00_AXI_inst/axi_bresp_reg[1]) is unused and will be removed from module evo_v1_Gpio_IRQ_0_0.
INFO: [Synth 8-3332] Sequential element (U0/Gpio_IRQ_v1_0_S00_AXI_inst/slv_reg1_reg[31]) is unused and will be removed from module evo_v1_Gpio_IRQ_0_0.
INFO: [Synth 8-3332] Sequential element (U0/Gpio_IRQ_v1_0_S00_AXI_inst/slv_reg1_reg[30]) is unused and will be removed from module evo_v1_Gpio_IRQ_0_0.
INFO: [Synth 8-3332] Sequential element (U0/Gpio_IRQ_v1_0_S00_AXI_inst/slv_reg1_reg[29]) is unused and will be removed from module evo_v1_Gpio_IRQ_0_0.
INFO: [Synth 8-3332] Sequential element (U0/Gpio_IRQ_v1_0_S00_AXI_inst/slv_reg1_reg[28]) is unused and will be removed from module evo_v1_Gpio_IRQ_0_0.
INFO: [Synth 8-3332] Sequential element (U0/Gpio_IRQ_v1_0_S00_AXI_inst/slv_reg1_reg[27]) is unused and will be removed from module evo_v1_Gpio_IRQ_0_0.
INFO: [Synth 8-3332] Sequential element (U0/Gpio_IRQ_v1_0_S00_AXI_inst/axi_araddr_reg[1]) is unused and will be removed from module evo_v1_Gpio_IRQ_0_0.
INFO: [Synth 8-3332] Sequential element (U0/Gpio_IRQ_v1_0_S00_AXI_inst/axi_araddr_reg[0]) is unused and will be removed from module evo_v1_Gpio_IRQ_0_0.
INFO: [Synth 8-3332] Sequential element (U0/Gpio_IRQ_v1_0_S00_AXI_inst/axi_rresp_reg[1]) is unused and will be removed from module evo_v1_Gpio_IRQ_0_0.
---------------------------------------------------------------------------------
Finished Cross Boundary and Area Optimization : Time (s): cpu = 00:00:13 ; elapsed = 00:00:14 . Memory (MB): peak = 714.961 ; gain = 412.070
---------------------------------------------------------------------------------

Report RTL Partitions: 
+-+--------------+------------+----------+
| |RTL Partition |Replication |Instances |
+-+--------------+------------+----------+
+-+--------------+------------+----------+
---------------------------------------------------------------------------------
Start Applying XDC Timing Constraints
---------------------------------------------------------------------------------
---------------------------------------------------------------------------------
Finished Applying XDC Timing Constraints : Time (s): cpu = 00:00:23 ; elapsed = 00:00:25 . Memory (MB): peak = 714.961 ; gain = 412.070
---------------------------------------------------------------------------------
---------------------------------------------------------------------------------
Start Timing Optimization
---------------------------------------------------------------------------------
---------------------------------------------------------------------------------
Finished Timing Optimization : Time (s): cpu = 00:00:23 ; elapsed = 00:00:25 . Memory (MB): peak = 714.961 ; gain = 412.070
---------------------------------------------------------------------------------

Report RTL Partitions: 
+-+--------------+------------+----------+
| |RTL Partition |Replication |Instances |
+-+--------------+------------+----------+
+-+--------------+------------+----------+
---------------------------------------------------------------------------------
Start Technology Mapping
---------------------------------------------------------------------------------
---------------------------------------------------------------------------------
Finished Technology Mapping : Time (s): cpu = 00:00:24 ; elapsed = 00:00:25 . Memory (MB): peak = 714.961 ; gain = 412.070
---------------------------------------------------------------------------------

Report RTL Partitions: 
+-+--------------+------------+----------+
| |RTL Partition |Replication |Instances |
+-+--------------+------------+----------+
+-+--------------+------------+----------+
---------------------------------------------------------------------------------
Start IO Insertion
---------------------------------------------------------------------------------
---------------------------------------------------------------------------------
Start Flattening Before IO Insertion
---------------------------------------------------------------------------------
---------------------------------------------------------------------------------
Finished Flattening Before IO Insertion
---------------------------------------------------------------------------------
---------------------------------------------------------------------------------
Start Final Netlist Cleanup
---------------------------------------------------------------------------------
---------------------------------------------------------------------------------
Finished Final Netlist Cleanup
---------------------------------------------------------------------------------
---------------------------------------------------------------------------------
Finished IO Insertion : Time (s): cpu = 00:00:24 ; elapsed = 00:00:26 . Memory (MB): peak = 714.961 ; gain = 412.070
---------------------------------------------------------------------------------
CRITICAL WARNING: [Synth 8-3352] multi-driven net U0/Gpio_IRQ_v1_0_S00_AXI_inst/slv_reg5[31] with 1st driver pin 'U0/Gpio_IRQ_v1_0_S00_AXI_inst/slv_reg5_reg[31]__0/Q' [c:/Projet/Vivado/Evo/Evo.srcs/sources_1/bd/evo_v1/ipshared/8c14/hdl/Gpio_IRQ_v1_0_S00_AXI.vhd:236]
CRITICAL WARNING: [Synth 8-3352] multi-driven net U0/Gpio_IRQ_v1_0_S00_AXI_inst/slv_reg5[31] with 2nd driver pin 'U0/Gpio_IRQ_v1_0_S00_AXI_inst/slv_reg5_reg[31]/Q' [c:/Projet/Vivado/Evo/Evo.srcs/sources_1/bd/evo_v1/ipshared/8c14/hdl/Gpio_IRQ_v1_0_S00_AXI.vhd:475]
CRITICAL WARNING: [Synth 8-3352] multi-driven net U0/Gpio_IRQ_v1_0_S00_AXI_inst/slv_reg5[0] with 1st driver pin 'U0/Gpio_IRQ_v1_0_S00_AXI_inst/slv_reg5_reg[0]__0/Q' [c:/Projet/Vivado/Evo/Evo.srcs/sources_1/bd/evo_v1/ipshared/8c14/hdl/Gpio_IRQ_v1_0_S00_AXI.vhd:236]
CRITICAL WARNING: [Synth 8-3352] multi-driven net U0/Gpio_IRQ_v1_0_S00_AXI_inst/slv_reg5[0] with 2nd driver pin 'U0/Gpio_IRQ_v1_0_S00_AXI_inst/slv_reg5_reg[0]/Q' [c:/Projet/Vivado/Evo/Evo.srcs/sources_1/bd/evo_v1/ipshared/8c14/hdl/Gpio_IRQ_v1_0_S00_AXI.vhd:475]
CRITICAL WARNING: [Synth 8-3352] multi-driven net U0/Gpio_IRQ_v1_0_S00_AXI_inst/slv_reg5[30] with 1st driver pin 'U0/Gpio_IRQ_v1_0_S00_AXI_inst/slv_reg5_reg[30]__0/Q' [c:/Projet/Vivado/Evo/Evo.srcs/sources_1/bd/evo_v1/ipshared/8c14/hdl/Gpio_IRQ_v1_0_S00_AXI.vhd:236]
CRITICAL WARNING: [Synth 8-3352] multi-driven net U0/Gpio_IRQ_v1_0_S00_AXI_inst/slv_reg5[30] with 2nd driver pin 'U0/Gpio_IRQ_v1_0_S00_AXI_inst/slv_reg5_reg[30]/Q' [c:/Projet/Vivado/Evo/Evo.srcs/sources_1/bd/evo_v1/ipshared/8c14/hdl/Gpio_IRQ_v1_0_S00_AXI.vhd:475]
CRITICAL WARNING: [Synth 8-3352] multi-driven net U0/Gpio_IRQ_v1_0_S00_AXI_inst/slv_reg5[29] with 1st driver pin 'U0/Gpio_IRQ_v1_0_S00_AXI_inst/slv_reg5_reg[29]__0/Q' [c:/Projet/Vivado/Evo/Evo.srcs/sources_1/bd/evo_v1/ipshared/8c14/hdl/Gpio_IRQ_v1_0_S00_AXI.vhd:236]
CRITICAL WARNING: [Synth 8-3352] multi-driven net U0/Gpio_IRQ_v1_0_S00_AXI_inst/slv_reg5[29] with 2nd driver pin 'U0/Gpio_IRQ_v1_0_S00_AXI_inst/slv_reg5_reg[29]/Q' [c:/Projet/Vivado/Evo/Evo.srcs/sources_1/bd/evo_v1/ipshared/8c14/hdl/Gpio_IRQ_v1_0_S00_AXI.vhd:475]
CRITICAL WARNING: [Synth 8-3352] multi-driven net U0/Gpio_IRQ_v1_0_S00_AXI_inst/slv_reg5[28] with 1st driver pin 'U0/Gpio_IRQ_v1_0_S00_AXI_inst/slv_reg5_reg[28]__0/Q' [c:/Projet/Vivado/Evo/Evo.srcs/sources_1/bd/evo_v1/ipshared/8c14/hdl/Gpio_IRQ_v1_0_S00_AXI.vhd:236]
CRITICAL WARNING: [Synth 8-3352] multi-driven net U0/Gpio_IRQ_v1_0_S00_AXI_inst/slv_reg5[28] with 2nd driver pin 'U0/Gpio_IRQ_v1_0_S00_AXI_inst/slv_reg5_reg[28]/Q' [c:/Projet/Vivado/Evo/Evo.srcs/sources_1/bd/evo_v1/ipshared/8c14/hdl/Gpio_IRQ_v1_0_S00_AXI.vhd:475]
CRITICAL WARNING: [Synth 8-3352] multi-driven net U0/Gpio_IRQ_v1_0_S00_AXI_inst/slv_reg5[27] with 1st driver pin 'U0/Gpio_IRQ_v1_0_S00_AXI_inst/slv_reg5_reg[27]__0/Q' [c:/Projet/Vivado/Evo/Evo.srcs/sources_1/bd/evo_v1/ipshared/8c14/hdl/Gpio_IRQ_v1_0_S00_AXI.vhd:236]
CRITICAL WARNING: [Synth 8-3352] multi-driven net U0/Gpio_IRQ_v1_0_S00_AXI_inst/slv_reg5[27] with 2nd driver pin 'U0/Gpio_IRQ_v1_0_S00_AXI_inst/slv_reg5_reg[27]/Q' [c:/Projet/Vivado/Evo/Evo.srcs/sources_1/bd/evo_v1/ipshared/8c14/hdl/Gpio_IRQ_v1_0_S00_AXI.vhd:475]
CRITICAL WARNING: [Synth 8-3352] multi-driven net U0/Gpio_IRQ_v1_0_S00_AXI_inst/slv_reg5[26] with 1st driver pin 'U0/Gpio_IRQ_v1_0_S00_AXI_inst/slv_reg5_reg[26]__0/Q' [c:/Projet/Vivado/Evo/Evo.srcs/sources_1/bd/evo_v1/ipshared/8c14/hdl/Gpio_IRQ_v1_0_S00_AXI.vhd:236]
CRITICAL WARNING: [Synth 8-3352] multi-driven net U0/Gpio_IRQ_v1_0_S00_AXI_inst/slv_reg5[26] with 2nd driver pin 'U0/Gpio_IRQ_v1_0_S00_AXI_inst/slv_reg5_reg[26]/Q' [c:/Projet/Vivado/Evo/Evo.srcs/sources_1/bd/evo_v1/ipshared/8c14/hdl/Gpio_IRQ_v1_0_S00_AXI.vhd:475]
CRITICAL WARNING: [Synth 8-3352] multi-driven net U0/Gpio_IRQ_v1_0_S00_AXI_inst/slv_reg5[25] with 1st driver pin 'U0/Gpio_IRQ_v1_0_S00_AXI_inst/slv_reg5_reg[25]__0/Q' [c:/Projet/Vivado/Evo/Evo.srcs/sources_1/bd/evo_v1/ipshared/8c14/hdl/Gpio_IRQ_v1_0_S00_AXI.vhd:236]
CRITICAL WARNING: [Synth 8-3352] multi-driven net U0/Gpio_IRQ_v1_0_S00_AXI_inst/slv_reg5[25] with 2nd driver pin 'U0/Gpio_IRQ_v1_0_S00_AXI_inst/slv_reg5_reg[25]/Q' [c:/Projet/Vivado/Evo/Evo.srcs/sources_1/bd/evo_v1/ipshared/8c14/hdl/Gpio_IRQ_v1_0_S00_AXI.vhd:475]
CRITICAL WARNING: [Synth 8-3352] multi-driven net U0/Gpio_IRQ_v1_0_S00_AXI_inst/slv_reg5[24] with 1st driver pin 'U0/Gpio_IRQ_v1_0_S00_AXI_inst/slv_reg5_reg[24]__0/Q' [c:/Projet/Vivado/Evo/Evo.srcs/sources_1/bd/evo_v1/ipshared/8c14/hdl/Gpio_IRQ_v1_0_S00_AXI.vhd:236]
CRITICAL WARNING: [Synth 8-3352] multi-driven net U0/Gpio_IRQ_v1_0_S00_AXI_inst/slv_reg5[24] with 2nd driver pin 'U0/Gpio_IRQ_v1_0_S00_AXI_inst/slv_reg5_reg[24]/Q' [c:/Projet/Vivado/Evo/Evo.srcs/sources_1/bd/evo_v1/ipshared/8c14/hdl/Gpio_IRQ_v1_0_S00_AXI.vhd:475]
CRITICAL WARNING: [Synth 8-3352] multi-driven net U0/Gpio_IRQ_v1_0_S00_AXI_inst/slv_reg5[23] with 1st driver pin 'U0/Gpio_IRQ_v1_0_S00_AXI_inst/slv_reg5_reg[23]__0/Q' [c:/Projet/Vivado/Evo/Evo.srcs/sources_1/bd/evo_v1/ipshared/8c14/hdl/Gpio_IRQ_v1_0_S00_AXI.vhd:236]
CRITICAL WARNING: [Synth 8-3352] multi-driven net U0/Gpio_IRQ_v1_0_S00_AXI_inst/slv_reg5[23] with 2nd driver pin 'U0/Gpio_IRQ_v1_0_S00_AXI_inst/slv_reg5_reg[23]/Q' [c:/Projet/Vivado/Evo/Evo.srcs/sources_1/bd/evo_v1/ipshared/8c14/hdl/Gpio_IRQ_v1_0_S00_AXI.vhd:475]
CRITICAL WARNING: [Synth 8-3352] multi-driven net U0/Gpio_IRQ_v1_0_S00_AXI_inst/slv_reg5[22] with 1st driver pin 'U0/Gpio_IRQ_v1_0_S00_AXI_inst/slv_reg5_reg[22]__0/Q' [c:/Projet/Vivado/Evo/Evo.srcs/sources_1/bd/evo_v1/ipshared/8c14/hdl/Gpio_IRQ_v1_0_S00_AXI.vhd:236]
CRITICAL WARNING: [Synth 8-3352] multi-driven net U0/Gpio_IRQ_v1_0_S00_AXI_inst/slv_reg5[22] with 2nd driver pin 'U0/Gpio_IRQ_v1_0_S00_AXI_inst/slv_reg5_reg[22]/Q' [c:/Projet/Vivado/Evo/Evo.srcs/sources_1/bd/evo_v1/ipshared/8c14/hdl/Gpio_IRQ_v1_0_S00_AXI.vhd:475]
CRITICAL WARNING: [Synth 8-3352] multi-driven net U0/Gpio_IRQ_v1_0_S00_AXI_inst/slv_reg5[21] with 1st driver pin 'U0/Gpio_IRQ_v1_0_S00_AXI_inst/slv_reg5_reg[21]__0/Q' [c:/Projet/Vivado/Evo/Evo.srcs/sources_1/bd/evo_v1/ipshared/8c14/hdl/Gpio_IRQ_v1_0_S00_AXI.vhd:236]
CRITICAL WARNING: [Synth 8-3352] multi-driven net U0/Gpio_IRQ_v1_0_S00_AXI_inst/slv_reg5[21] with 2nd driver pin 'U0/Gpio_IRQ_v1_0_S00_AXI_inst/slv_reg5_reg[21]/Q' [c:/Projet/Vivado/Evo/Evo.srcs/sources_1/bd/evo_v1/ipshared/8c14/hdl/Gpio_IRQ_v1_0_S00_AXI.vhd:475]
CRITICAL WARNING: [Synth 8-3352] multi-driven net U0/Gpio_IRQ_v1_0_S00_AXI_inst/slv_reg5[20] with 1st driver pin 'U0/Gpio_IRQ_v1_0_S00_AXI_inst/slv_reg5_reg[20]__0/Q' [c:/Projet/Vivado/Evo/Evo.srcs/sources_1/bd/evo_v1/ipshared/8c14/hdl/Gpio_IRQ_v1_0_S00_AXI.vhd:236]
CRITICAL WARNING: [Synth 8-3352] multi-driven net U0/Gpio_IRQ_v1_0_S00_AXI_inst/slv_reg5[20] with 2nd driver pin 'U0/Gpio_IRQ_v1_0_S00_AXI_inst/slv_reg5_reg[20]/Q' [c:/Projet/Vivado/Evo/Evo.srcs/sources_1/bd/evo_v1/ipshared/8c14/hdl/Gpio_IRQ_v1_0_S00_AXI.vhd:475]
CRITICAL WARNING: [Synth 8-3352] multi-driven net U0/Gpio_IRQ_v1_0_S00_AXI_inst/slv_reg5[19] with 1st driver pin 'U0/Gpio_IRQ_v1_0_S00_AXI_inst/slv_reg5_reg[19]__0/Q' [c:/Projet/Vivado/Evo/Evo.srcs/sources_1/bd/evo_v1/ipshared/8c14/hdl/Gpio_IRQ_v1_0_S00_AXI.vhd:236]
CRITICAL WARNING: [Synth 8-3352] multi-driven net U0/Gpio_IRQ_v1_0_S00_AXI_inst/slv_reg5[19] with 2nd driver pin 'U0/Gpio_IRQ_v1_0_S00_AXI_inst/slv_reg5_reg[19]/Q' [c:/Projet/Vivado/Evo/Evo.srcs/sources_1/bd/evo_v1/ipshared/8c14/hdl/Gpio_IRQ_v1_0_S00_AXI.vhd:475]
CRITICAL WARNING: [Synth 8-3352] multi-driven net U0/Gpio_IRQ_v1_0_S00_AXI_inst/slv_reg5[18] with 1st driver pin 'U0/Gpio_IRQ_v1_0_S00_AXI_inst/slv_reg5_reg[18]__0/Q' [c:/Projet/Vivado/Evo/Evo.srcs/sources_1/bd/evo_v1/ipshared/8c14/hdl/Gpio_IRQ_v1_0_S00_AXI.vhd:236]
CRITICAL WARNING: [Synth 8-3352] multi-driven net U0/Gpio_IRQ_v1_0_S00_AXI_inst/slv_reg5[18] with 2nd driver pin 'U0/Gpio_IRQ_v1_0_S00_AXI_inst/slv_reg5_reg[18]/Q' [c:/Projet/Vivado/Evo/Evo.srcs/sources_1/bd/evo_v1/ipshared/8c14/hdl/Gpio_IRQ_v1_0_S00_AXI.vhd:475]
CRITICAL WARNING: [Synth 8-3352] multi-driven net U0/Gpio_IRQ_v1_0_S00_AXI_inst/slv_reg5[17] with 1st driver pin 'U0/Gpio_IRQ_v1_0_S00_AXI_inst/slv_reg5_reg[17]__0/Q' [c:/Projet/Vivado/Evo/Evo.srcs/sources_1/bd/evo_v1/ipshared/8c14/hdl/Gpio_IRQ_v1_0_S00_AXI.vhd:236]
CRITICAL WARNING: [Synth 8-3352] multi-driven net U0/Gpio_IRQ_v1_0_S00_AXI_inst/slv_reg5[17] with 2nd driver pin 'U0/Gpio_IRQ_v1_0_S00_AXI_inst/slv_reg5_reg[17]/Q' [c:/Projet/Vivado/Evo/Evo.srcs/sources_1/bd/evo_v1/ipshared/8c14/hdl/Gpio_IRQ_v1_0_S00_AXI.vhd:475]
CRITICAL WARNING: [Synth 8-3352] multi-driven net U0/Gpio_IRQ_v1_0_S00_AXI_inst/slv_reg5[16] with 1st driver pin 'U0/Gpio_IRQ_v1_0_S00_AXI_inst/slv_reg5_reg[16]__0/Q' [c:/Projet/Vivado/Evo/Evo.srcs/sources_1/bd/evo_v1/ipshared/8c14/hdl/Gpio_IRQ_v1_0_S00_AXI.vhd:236]
CRITICAL WARNING: [Synth 8-3352] multi-driven net U0/Gpio_IRQ_v1_0_S00_AXI_inst/slv_reg5[16] with 2nd driver pin 'U0/Gpio_IRQ_v1_0_S00_AXI_inst/slv_reg5_reg[16]/Q' [c:/Projet/Vivado/Evo/Evo.srcs/sources_1/bd/evo_v1/ipshared/8c14/hdl/Gpio_IRQ_v1_0_S00_AXI.vhd:475]
CRITICAL WARNING: [Synth 8-3352] multi-driven net U0/Gpio_IRQ_v1_0_S00_AXI_inst/slv_reg5[15] with 1st driver pin 'U0/Gpio_IRQ_v1_0_S00_AXI_inst/slv_reg5_reg[15]__0/Q' [c:/Projet/Vivado/Evo/Evo.srcs/sources_1/bd/evo_v1/ipshared/8c14/hdl/Gpio_IRQ_v1_0_S00_AXI.vhd:236]
CRITICAL WARNING: [Synth 8-3352] multi-driven net U0/Gpio_IRQ_v1_0_S00_AXI_inst/slv_reg5[15] with 2nd driver pin 'U0/Gpio_IRQ_v1_0_S00_AXI_inst/slv_reg5_reg[15]/Q' [c:/Projet/Vivado/Evo/Evo.srcs/sources_1/bd/evo_v1/ipshared/8c14/hdl/Gpio_IRQ_v1_0_S00_AXI.vhd:475]
CRITICAL WARNING: [Synth 8-3352] multi-driven net U0/Gpio_IRQ_v1_0_S00_AXI_inst/slv_reg5[14] with 1st driver pin 'U0/Gpio_IRQ_v1_0_S00_AXI_inst/slv_reg5_reg[14]__0/Q' [c:/Projet/Vivado/Evo/Evo.srcs/sources_1/bd/evo_v1/ipshared/8c14/hdl/Gpio_IRQ_v1_0_S00_AXI.vhd:236]
CRITICAL WARNING: [Synth 8-3352] multi-driven net U0/Gpio_IRQ_v1_0_S00_AXI_inst/slv_reg5[14] with 2nd driver pin 'U0/Gpio_IRQ_v1_0_S00_AXI_inst/slv_reg5_reg[14]/Q' [c:/Projet/Vivado/Evo/Evo.srcs/sources_1/bd/evo_v1/ipshared/8c14/hdl/Gpio_IRQ_v1_0_S00_AXI.vhd:475]
CRITICAL WARNING: [Synth 8-3352] multi-driven net U0/Gpio_IRQ_v1_0_S00_AXI_inst/slv_reg5[13] with 1st driver pin 'U0/Gpio_IRQ_v1_0_S00_AXI_inst/slv_reg5_reg[13]__0/Q' [c:/Projet/Vivado/Evo/Evo.srcs/sources_1/bd/evo_v1/ipshared/8c14/hdl/Gpio_IRQ_v1_0_S00_AXI.vhd:236]
CRITICAL WARNING: [Synth 8-3352] multi-driven net U0/Gpio_IRQ_v1_0_S00_AXI_inst/slv_reg5[13] with 2nd driver pin 'U0/Gpio_IRQ_v1_0_S00_AXI_inst/slv_reg5_reg[13]/Q' [c:/Projet/Vivado/Evo/Evo.srcs/sources_1/bd/evo_v1/ipshared/8c14/hdl/Gpio_IRQ_v1_0_S00_AXI.vhd:475]
CRITICAL WARNING: [Synth 8-3352] multi-driven net U0/Gpio_IRQ_v1_0_S00_AXI_inst/slv_reg5[12] with 1st driver pin 'U0/Gpio_IRQ_v1_0_S00_AXI_inst/slv_reg5_reg[12]__0/Q' [c:/Projet/Vivado/Evo/Evo.srcs/sources_1/bd/evo_v1/ipshared/8c14/hdl/Gpio_IRQ_v1_0_S00_AXI.vhd:236]
CRITICAL WARNING: [Synth 8-3352] multi-driven net U0/Gpio_IRQ_v1_0_S00_AXI_inst/slv_reg5[12] with 2nd driver pin 'U0/Gpio_IRQ_v1_0_S00_AXI_inst/slv_reg5_reg[12]/Q' [c:/Projet/Vivado/Evo/Evo.srcs/sources_1/bd/evo_v1/ipshared/8c14/hdl/Gpio_IRQ_v1_0_S00_AXI.vhd:475]
CRITICAL WARNING: [Synth 8-3352] multi-driven net U0/Gpio_IRQ_v1_0_S00_AXI_inst/slv_reg5[11] with 1st driver pin 'U0/Gpio_IRQ_v1_0_S00_AXI_inst/slv_reg5_reg[11]__0/Q' [c:/Projet/Vivado/Evo/Evo.srcs/sources_1/bd/evo_v1/ipshared/8c14/hdl/Gpio_IRQ_v1_0_S00_AXI.vhd:236]
CRITICAL WARNING: [Synth 8-3352] multi-driven net U0/Gpio_IRQ_v1_0_S00_AXI_inst/slv_reg5[11] with 2nd driver pin 'U0/Gpio_IRQ_v1_0_S00_AXI_inst/slv_reg5_reg[11]/Q' [c:/Projet/Vivado/Evo/Evo.srcs/sources_1/bd/evo_v1/ipshared/8c14/hdl/Gpio_IRQ_v1_0_S00_AXI.vhd:475]
CRITICAL WARNING: [Synth 8-3352] multi-driven net U0/Gpio_IRQ_v1_0_S00_AXI_inst/slv_reg5[10] with 1st driver pin 'U0/Gpio_IRQ_v1_0_S00_AXI_inst/slv_reg5_reg[10]__0/Q' [c:/Projet/Vivado/Evo/Evo.srcs/sources_1/bd/evo_v1/ipshared/8c14/hdl/Gpio_IRQ_v1_0_S00_AXI.vhd:236]
CRITICAL WARNING: [Synth 8-3352] multi-driven net U0/Gpio_IRQ_v1_0_S00_AXI_inst/slv_reg5[10] with 2nd driver pin 'U0/Gpio_IRQ_v1_0_S00_AXI_inst/slv_reg5_reg[10]/Q' [c:/Projet/Vivado/Evo/Evo.srcs/sources_1/bd/evo_v1/ipshared/8c14/hdl/Gpio_IRQ_v1_0_S00_AXI.vhd:475]
CRITICAL WARNING: [Synth 8-3352] multi-driven net U0/Gpio_IRQ_v1_0_S00_AXI_inst/slv_reg5[9] with 1st driver pin 'U0/Gpio_IRQ_v1_0_S00_AXI_inst/slv_reg5_reg[9]__0/Q' [c:/Projet/Vivado/Evo/Evo.srcs/sources_1/bd/evo_v1/ipshared/8c14/hdl/Gpio_IRQ_v1_0_S00_AXI.vhd:236]
CRITICAL WARNING: [Synth 8-3352] multi-driven net U0/Gpio_IRQ_v1_0_S00_AXI_inst/slv_reg5[9] with 2nd driver pin 'U0/Gpio_IRQ_v1_0_S00_AXI_inst/slv_reg5_reg[9]/Q' [c:/Projet/Vivado/Evo/Evo.srcs/sources_1/bd/evo_v1/ipshared/8c14/hdl/Gpio_IRQ_v1_0_S00_AXI.vhd:475]
CRITICAL WARNING: [Synth 8-3352] multi-driven net U0/Gpio_IRQ_v1_0_S00_AXI_inst/slv_reg5[8] with 1st driver pin 'U0/Gpio_IRQ_v1_0_S00_AXI_inst/slv_reg5_reg[8]__0/Q' [c:/Projet/Vivado/Evo/Evo.srcs/sources_1/bd/evo_v1/ipshared/8c14/hdl/Gpio_IRQ_v1_0_S00_AXI.vhd:236]
CRITICAL WARNING: [Synth 8-3352] multi-driven net U0/Gpio_IRQ_v1_0_S00_AXI_inst/slv_reg5[8] with 2nd driver pin 'U0/Gpio_IRQ_v1_0_S00_AXI_inst/slv_reg5_reg[8]/Q' [c:/Projet/Vivado/Evo/Evo.srcs/sources_1/bd/evo_v1/ipshared/8c14/hdl/Gpio_IRQ_v1_0_S00_AXI.vhd:475]
CRITICAL WARNING: [Synth 8-3352] multi-driven net U0/Gpio_IRQ_v1_0_S00_AXI_inst/slv_reg5[7] with 1st driver pin 'U0/Gpio_IRQ_v1_0_S00_AXI_inst/slv_reg5_reg[7]__0/Q' [c:/Projet/Vivado/Evo/Evo.srcs/sources_1/bd/evo_v1/ipshared/8c14/hdl/Gpio_IRQ_v1_0_S00_AXI.vhd:236]
CRITICAL WARNING: [Synth 8-3352] multi-driven net U0/Gpio_IRQ_v1_0_S00_AXI_inst/slv_reg5[7] with 2nd driver pin 'U0/Gpio_IRQ_v1_0_S00_AXI_inst/slv_reg5_reg[7]/Q' [c:/Projet/Vivado/Evo/Evo.srcs/sources_1/bd/evo_v1/ipshared/8c14/hdl/Gpio_IRQ_v1_0_S00_AXI.vhd:475]
CRITICAL WARNING: [Synth 8-3352] multi-driven net U0/Gpio_IRQ_v1_0_S00_AXI_inst/slv_reg5[6] with 1st driver pin 'U0/Gpio_IRQ_v1_0_S00_AXI_inst/slv_reg5_reg[6]__0/Q' [c:/Projet/Vivado/Evo/Evo.srcs/sources_1/bd/evo_v1/ipshared/8c14/hdl/Gpio_IRQ_v1_0_S00_AXI.vhd:236]
CRITICAL WARNING: [Synth 8-3352] multi-driven net U0/Gpio_IRQ_v1_0_S00_AXI_inst/slv_reg5[6] with 2nd driver pin 'U0/Gpio_IRQ_v1_0_S00_AXI_inst/slv_reg5_reg[6]/Q' [c:/Projet/Vivado/Evo/Evo.srcs/sources_1/bd/evo_v1/ipshared/8c14/hdl/Gpio_IRQ_v1_0_S00_AXI.vhd:475]
CRITICAL WARNING: [Synth 8-3352] multi-driven net U0/Gpio_IRQ_v1_0_S00_AXI_inst/slv_reg5[5] with 1st driver pin 'U0/Gpio_IRQ_v1_0_S00_AXI_inst/slv_reg5_reg[5]__0/Q' [c:/Projet/Vivado/Evo/Evo.srcs/sources_1/bd/evo_v1/ipshared/8c14/hdl/Gpio_IRQ_v1_0_S00_AXI.vhd:236]
CRITICAL WARNING: [Synth 8-3352] multi-driven net U0/Gpio_IRQ_v1_0_S00_AXI_inst/slv_reg5[5] with 2nd driver pin 'U0/Gpio_IRQ_v1_0_S00_AXI_inst/slv_reg5_reg[5]/Q' [c:/Projet/Vivado/Evo/Evo.srcs/sources_1/bd/evo_v1/ipshared/8c14/hdl/Gpio_IRQ_v1_0_S00_AXI.vhd:475]
CRITICAL WARNING: [Synth 8-3352] multi-driven net U0/Gpio_IRQ_v1_0_S00_AXI_inst/slv_reg5[4] with 1st driver pin 'U0/Gpio_IRQ_v1_0_S00_AXI_inst/slv_reg5_reg[4]__0/Q' [c:/Projet/Vivado/Evo/Evo.srcs/sources_1/bd/evo_v1/ipshared/8c14/hdl/Gpio_IRQ_v1_0_S00_AXI.vhd:236]
CRITICAL WARNING: [Synth 8-3352] multi-driven net U0/Gpio_IRQ_v1_0_S00_AXI_inst/slv_reg5[4] with 2nd driver pin 'U0/Gpio_IRQ_v1_0_S00_AXI_inst/slv_reg5_reg[4]/Q' [c:/Projet/Vivado/Evo/Evo.srcs/sources_1/bd/evo_v1/ipshared/8c14/hdl/Gpio_IRQ_v1_0_S00_AXI.vhd:475]
CRITICAL WARNING: [Synth 8-3352] multi-driven net U0/Gpio_IRQ_v1_0_S00_AXI_inst/slv_reg5[3] with 1st driver pin 'U0/Gpio_IRQ_v1_0_S00_AXI_inst/slv_reg5_reg[3]__0/Q' [c:/Projet/Vivado/Evo/Evo.srcs/sources_1/bd/evo_v1/ipshared/8c14/hdl/Gpio_IRQ_v1_0_S00_AXI.vhd:236]
CRITICAL WARNING: [Synth 8-3352] multi-driven net U0/Gpio_IRQ_v1_0_S00_AXI_inst/slv_reg5[3] with 2nd driver pin 'U0/Gpio_IRQ_v1_0_S00_AXI_inst/slv_reg5_reg[3]/Q' [c:/Projet/Vivado/Evo/Evo.srcs/sources_1/bd/evo_v1/ipshared/8c14/hdl/Gpio_IRQ_v1_0_S00_AXI.vhd:475]
CRITICAL WARNING: [Synth 8-3352] multi-driven net U0/Gpio_IRQ_v1_0_S00_AXI_inst/slv_reg5[2] with 1st driver pin 'U0/Gpio_IRQ_v1_0_S00_AXI_inst/slv_reg5_reg[2]__0/Q' [c:/Projet/Vivado/Evo/Evo.srcs/sources_1/bd/evo_v1/ipshared/8c14/hdl/Gpio_IRQ_v1_0_S00_AXI.vhd:236]
CRITICAL WARNING: [Synth 8-3352] multi-driven net U0/Gpio_IRQ_v1_0_S00_AXI_inst/slv_reg5[2] with 2nd driver pin 'U0/Gpio_IRQ_v1_0_S00_AXI_inst/slv_reg5_reg[2]/Q' [c:/Projet/Vivado/Evo/Evo.srcs/sources_1/bd/evo_v1/ipshared/8c14/hdl/Gpio_IRQ_v1_0_S00_AXI.vhd:475]
CRITICAL WARNING: [Synth 8-3352] multi-driven net U0/Gpio_IRQ_v1_0_S00_AXI_inst/slv_reg5[1] with 1st driver pin 'U0/Gpio_IRQ_v1_0_S00_AXI_inst/slv_reg5_reg[1]__0/Q' [c:/Projet/Vivado/Evo/Evo.srcs/sources_1/bd/evo_v1/ipshared/8c14/hdl/Gpio_IRQ_v1_0_S00_AXI.vhd:236]
CRITICAL WARNING: [Synth 8-3352] multi-driven net U0/Gpio_IRQ_v1_0_S00_AXI_inst/slv_reg5[1] with 2nd driver pin 'U0/Gpio_IRQ_v1_0_S00_AXI_inst/slv_reg5_reg[1]/Q' [c:/Projet/Vivado/Evo/Evo.srcs/sources_1/bd/evo_v1/ipshared/8c14/hdl/Gpio_IRQ_v1_0_S00_AXI.vhd:475]

Report Check Netlist: 
+------+------------------+-------+---------+-------+------------------+
|      |Item              |Errors |Warnings |Status |Description       |
+------+------------------+-------+---------+-------+------------------+
|1     |multi_driven_nets |      0|       32|Failed |Multi driven nets |
+------+------------------+-------+---------+-------+------------------+
---------------------------------------------------------------------------------
Start Renaming Generated Instances
---------------------------------------------------------------------------------
---------------------------------------------------------------------------------
Finished Renaming Generated Instances : Time (s): cpu = 00:00:24 ; elapsed = 00:00:26 . Memory (MB): peak = 714.961 ; gain = 412.070
---------------------------------------------------------------------------------

Report RTL Partitions: 
+-+--------------+------------+----------+
| |RTL Partition |Replication |Instances |
+-+--------------+------------+----------+
+-+--------------+------------+----------+
---------------------------------------------------------------------------------
Start Rebuilding User Hierarchy
---------------------------------------------------------------------------------
---------------------------------------------------------------------------------
Finished Rebuilding User Hierarchy : Time (s): cpu = 00:00:24 ; elapsed = 00:00:26 . Memory (MB): peak = 714.961 ; gain = 412.070
---------------------------------------------------------------------------------
---------------------------------------------------------------------------------
Start Renaming Generated Ports
---------------------------------------------------------------------------------
---------------------------------------------------------------------------------
Finished Renaming Generated Ports : Time (s): cpu = 00:00:24 ; elapsed = 00:00:26 . Memory (MB): peak = 714.961 ; gain = 412.070
---------------------------------------------------------------------------------
---------------------------------------------------------------------------------
Start Handling Custom Attributes
---------------------------------------------------------------------------------
---------------------------------------------------------------------------------
Finished Handling Custom Attributes : Time (s): cpu = 00:00:24 ; elapsed = 00:00:26 . Memory (MB): peak = 714.961 ; gain = 412.070
---------------------------------------------------------------------------------
---------------------------------------------------------------------------------
Start Renaming Generated Nets
---------------------------------------------------------------------------------
---------------------------------------------------------------------------------
Finished Renaming Generated Nets : Time (s): cpu = 00:00:24 ; elapsed = 00:00:26 . Memory (MB): peak = 714.961 ; gain = 412.070
---------------------------------------------------------------------------------
---------------------------------------------------------------------------------
Start Writing Synthesis Report
---------------------------------------------------------------------------------

Report BlackBoxes: 
+-+--------------+----------+
| |BlackBox name |Instances |
+-+--------------+----------+
+-+--------------+----------+

Report Cell Usage: 
+------+------+------+
|      |Cell  |Count |
+------+------+------+
|1     |LUT1  |     1|
|2     |LUT2  |     2|
|3     |LUT3  |     5|
|4     |LUT4  |    12|
|5     |LUT5  |    85|
|6     |LUT6  |     6|
|7     |MUXF7 |    23|
|8     |FDRE  |   232|
|9     |FDSE  |     3|
+------+------+------+

Report Instance Areas: 
+------+-------------------------------+----------------------+------+
|      |Instance                       |Module                |Cells |
+------+-------------------------------+----------------------+------+
|1     |top                            |                      |   369|
|2     |  U0                           |Gpio_IRQ_v1_0         |   369|
|3     |    Gpio_IRQ_v1_0_S00_AXI_inst |Gpio_IRQ_v1_0_S00_AXI |   369|
+------+-------------------------------+----------------------+------+
---------------------------------------------------------------------------------
Finished Writing Synthesis Report : Time (s): cpu = 00:00:24 ; elapsed = 00:00:26 . Memory (MB): peak = 714.961 ; gain = 412.070
---------------------------------------------------------------------------------
Synthesis finished with 0 errors, 64 critical warnings and 6 warnings.
Synthesis Optimization Runtime : Time (s): cpu = 00:00:15 ; elapsed = 00:00:20 . Memory (MB): peak = 714.961 ; gain = 118.059
Synthesis Optimization Complete : Time (s): cpu = 00:00:24 ; elapsed = 00:00:26 . Memory (MB): peak = 714.961 ; gain = 412.070
INFO: [Project 1-571] Translating synthesized netlist
INFO: [Project 1-570] Preparing netlist for logic optimization
INFO: [Opt 31-138] Pushed 0 inverter(s) to 0 load pin(s).
INFO: [Project 1-111] Unisim Transformation Summary:
No Unisim elements were transformed.

63 Infos, 21 Warnings, 64 Critical Warnings and 0 Errors encountered.
synth_design completed successfully
synth_design: Time (s): cpu = 00:00:26 ; elapsed = 00:00:27 . Memory (MB): peak = 714.961 ; gain = 414.695
INFO: [Common 17-1381] The checkpoint 'C:/Projet/Vivado/Evo/Evo.runs/evo_v1_Gpio_IRQ_0_0_synth_1/evo_v1_Gpio_IRQ_0_0.dcp' has been generated.
