Copyright 1986-2017 Xilinx, Inc. All Rights Reserved.
------------------------------------------------------------------------------------
| Tool Version : Vivado v.2017.2 (win64) Build 1909853 Thu Jun 15 18:39:09 MDT 2017
| Date         : Wed Nov  8 19:08:28 2017
| Host         : LogOut-AsusPro running 64-bit major release  (build 9200)
| Command      : upgrade_ip
| Device       : xc7z010clg400-1
------------------------------------------------------------------------------------

Upgrade Log for IP 'evo_v1_Gpio_IRQ_0_0'

1. Summary
----------

SUCCESS in the upgrade of evo_v1_Gpio_IRQ_0_0 (xilinx.com:user:Gpio_IRQ:1.0) from (Rev. 8) to (Rev. 9)






Copyright 1986-2017 Xilinx, Inc. All Rights Reserved.
------------------------------------------------------------------------------------
| Tool Version : Vivado v.2017.2 (win64) Build 1909853 Thu Jun 15 18:39:09 MDT 2017
| Date         : Wed Nov  8 16:22:19 2017
| Host         : LogOut-AsusPro running 64-bit major release  (build 9200)
| Command      : upgrade_ip
| Device       : xc7z010clg400-1
------------------------------------------------------------------------------------

Upgrade Log for IP 'evo_v1_Gpio_IRQ_0_0'

1. Summary
----------

SUCCESS in the upgrade of evo_v1_Gpio_IRQ_0_0 (xilinx.com:user:Gpio_IRQ:1.0) from (Rev. 7) to (Rev. 8)






Copyright 1986-2017 Xilinx, Inc. All Rights Reserved.
------------------------------------------------------------------------------------
| Tool Version : Vivado v.2017.2 (win64) Build 1909853 Thu Jun 15 18:39:09 MDT 2017
| Date         : Wed Nov  8 16:06:37 2017
| Host         : LogOut-AsusPro running 64-bit major release  (build 9200)
| Command      : upgrade_ip
| Device       : xc7z010clg400-1
------------------------------------------------------------------------------------

Upgrade Log for IP 'evo_v1_Gpio_IRQ_0_0'

1. Summary
----------

SUCCESS in the upgrade of evo_v1_Gpio_IRQ_0_0 (xilinx.com:user:Gpio_IRQ:1.0) from (Rev. 6) to (Rev. 7)






Copyright 1986-2017 Xilinx, Inc. All Rights Reserved.
------------------------------------------------------------------------------------
| Tool Version : Vivado v.2017.2 (win64) Build 1909853 Thu Jun 15 18:39:09 MDT 2017
| Date         : Wed Nov  8 15:18:33 2017
| Host         : LogOut-AsusPro running 64-bit major release  (build 9200)
| Command      : upgrade_ip
| Device       : xc7z010clg400-1
------------------------------------------------------------------------------------

Upgrade Log for IP 'evo_v1_Gpio_IRQ_0_0'

1. Summary
----------

SUCCESS in the upgrade of evo_v1_Gpio_IRQ_0_0 (xilinx.com:user:Gpio_IRQ:1.0) from (Rev. 5) to (Rev. 6)






Copyright 1986-2017 Xilinx, Inc. All Rights Reserved.
------------------------------------------------------------------------------------
| Tool Version : Vivado v.2017.2 (win64) Build 1909853 Thu Jun 15 18:39:09 MDT 2017
| Date         : Wed Nov  8 12:12:09 2017
| Host         : LogOut-AsusPro running 64-bit major release  (build 9200)
| Command      : upgrade_ip
| Device       : xc7z010clg400-1
------------------------------------------------------------------------------------

Upgrade Log for IP 'evo_v1_Gpio_IRQ_0_0'

1. Summary
----------

SUCCESS in the upgrade of evo_v1_Gpio_IRQ_0_0 (xilinx.com:user:Gpio_IRQ:1.0) from (Rev. 4) to (Rev. 5)






Copyright 1986-2017 Xilinx, Inc. All Rights Reserved.
------------------------------------------------------------------------------------
| Tool Version : Vivado v.2017.2 (win64) Build 1909853 Thu Jun 15 18:39:09 MDT 2017
| Date         : Wed Nov  8 10:12:17 2017
| Host         : LogOut-AsusPro running 64-bit major release  (build 9200)
| Command      : upgrade_ip
| Device       : xc7z010clg400-1
------------------------------------------------------------------------------------

Upgrade Log for IP 'evo_v1_Gpio_IRQ_0_0'

1. Summary
----------

SUCCESS in the upgrade of evo_v1_Gpio_IRQ_0_0 (xilinx.com:user:Gpio_IRQ:1.0) from (Rev. 3) to (Rev. 4)






Copyright 1986-2017 Xilinx, Inc. All Rights Reserved.
------------------------------------------------------------------------------------
| Tool Version : Vivado v.2017.2 (win64) Build 1909853 Thu Jun 15 18:39:09 MDT 2017
| Date         : Fri Nov  3 14:37:01 2017
| Host         : LogOut-AsusPro running 64-bit major release  (build 9200)
| Command      : upgrade_ip
| Device       : xc7z010clg400-1
------------------------------------------------------------------------------------

Upgrade Log for IP 'evo_v1_Motor_1_0'

1. Summary
----------

SUCCESS in the upgrade of evo_v1_Motor_1_0 (xilinx.com:user:Motor:1.0) from (Rev. 8) to (Rev. 9)






Copyright 1986-2017 Xilinx, Inc. All Rights Reserved.
------------------------------------------------------------------------------------
| Tool Version : Vivado v.2017.2 (win64) Build 1909853 Thu Jun 15 18:39:09 MDT 2017
| Date         : Fri Nov  3 14:37:01 2017
| Host         : LogOut-AsusPro running 64-bit major release  (build 9200)
| Command      : upgrade_ip
| Device       : xc7z010clg400-1
------------------------------------------------------------------------------------

Upgrade Log for IP 'evo_v1_Motor_0_0'

1. Summary
----------

SUCCESS in the upgrade of evo_v1_Motor_0_0 (xilinx.com:user:Motor:1.0) from (Rev. 8) to (Rev. 9)






Copyright 1986-2017 Xilinx, Inc. All Rights Reserved.
------------------------------------------------------------------------------------
| Tool Version : Vivado v.2017.2 (win64) Build 1909853 Thu Jun 15 18:39:09 MDT 2017
| Date         : Fri Nov  3 14:01:43 2017
| Host         : LogOut-AsusPro running 64-bit major release  (build 9200)
| Command      : upgrade_ip
| Device       : xc7z010clg400-1
------------------------------------------------------------------------------------

Upgrade Log for IP 'evo_v1_Motor_1_0'

1. Summary
----------

SUCCESS in the upgrade of evo_v1_Motor_1_0 (xilinx.com:user:Motor:1.0) from (Rev. 7) to (Rev. 8)






Copyright 1986-2017 Xilinx, Inc. All Rights Reserved.
------------------------------------------------------------------------------------
| Tool Version : Vivado v.2017.2 (win64) Build 1909853 Thu Jun 15 18:39:09 MDT 2017
| Date         : Fri Nov  3 14:01:43 2017
| Host         : LogOut-AsusPro running 64-bit major release  (build 9200)
| Command      : upgrade_ip
| Device       : xc7z010clg400-1
------------------------------------------------------------------------------------

Upgrade Log for IP 'evo_v1_Motor_0_0'

1. Summary
----------

SUCCESS in the upgrade of evo_v1_Motor_0_0 (xilinx.com:user:Motor:1.0) from (Rev. 7) to (Rev. 8)






Copyright 1986-2017 Xilinx, Inc. All Rights Reserved.
------------------------------------------------------------------------------------
| Tool Version : Vivado v.2017.2 (win64) Build 1909853 Thu Jun 15 18:39:09 MDT 2017
| Date         : Thu Nov  2 15:15:59 2017
| Host         : LogOut-AsusPro running 64-bit major release  (build 9200)
| Command      : upgrade_ip
| Device       : xc7z010clg400-1
------------------------------------------------------------------------------------

Upgrade Log for IP 'evo_v1_Derivator_1_0'

1. Summary
----------

SUCCESS in the upgrade of evo_v1_Derivator_1_0 (xilinx.com:user:Derivator:1.0) from (Rev. 7) to (Rev. 8)






Copyright 1986-2017 Xilinx, Inc. All Rights Reserved.
------------------------------------------------------------------------------------
| Tool Version : Vivado v.2017.2 (win64) Build 1909853 Thu Jun 15 18:39:09 MDT 2017
| Date         : Thu Nov  2 15:15:59 2017
| Host         : LogOut-AsusPro running 64-bit major release  (build 9200)
| Command      : upgrade_ip
| Device       : xc7z010clg400-1
------------------------------------------------------------------------------------

Upgrade Log for IP 'evo_v1_Derivator_0_0'

1. Summary
----------

SUCCESS in the upgrade of evo_v1_Derivator_0_0 (xilinx.com:user:Derivator:1.0) from (Rev. 7) to (Rev. 8)






Copyright 1986-2017 Xilinx, Inc. All Rights Reserved.
------------------------------------------------------------------------------------
| Tool Version : Vivado v.2017.2 (win64) Build 1909853 Thu Jun 15 18:39:09 MDT 2017
| Date         : Thu Nov  2 15:03:07 2017
| Host         : LogOut-AsusPro running 64-bit major release  (build 9200)
| Command      : upgrade_ip
| Device       : xc7z010clg400-1
------------------------------------------------------------------------------------

Upgrade Log for IP 'evo_v1_Derivator_1_0'

1. Summary
----------

SUCCESS in the upgrade of evo_v1_Derivator_1_0 (xilinx.com:user:Derivator:1.0) from (Rev. 6) to (Rev. 7)






Copyright 1986-2017 Xilinx, Inc. All Rights Reserved.
------------------------------------------------------------------------------------
| Tool Version : Vivado v.2017.2 (win64) Build 1909853 Thu Jun 15 18:39:09 MDT 2017
| Date         : Thu Nov  2 15:03:07 2017
| Host         : LogOut-AsusPro running 64-bit major release  (build 9200)
| Command      : upgrade_ip
| Device       : xc7z010clg400-1
------------------------------------------------------------------------------------

Upgrade Log for IP 'evo_v1_Derivator_0_0'

1. Summary
----------

SUCCESS in the upgrade of evo_v1_Derivator_0_0 (xilinx.com:user:Derivator:1.0) from (Rev. 6) to (Rev. 7)






Copyright 1986-2017 Xilinx, Inc. All Rights Reserved.
------------------------------------------------------------------------------------
| Tool Version : Vivado v.2017.2 (win64) Build 1909853 Thu Jun 15 18:39:09 MDT 2017
| Date         : Tue Oct 31 18:55:52 2017
| Host         : LogOut-AsusPro running 64-bit major release  (build 9200)
| Command      : upgrade_ip
| Device       : xc7z010clg400-1
------------------------------------------------------------------------------------

Upgrade Log for IP 'evo_v1_PID_1_0'

1. Summary
----------

SUCCESS in the upgrade of evo_v1_PID_1_0 (xilinx.com:user:PID:1.0) from (Rev. 17) to (Rev. 18)






Copyright 1986-2017 Xilinx, Inc. All Rights Reserved.
------------------------------------------------------------------------------------
| Tool Version : Vivado v.2017.2 (win64) Build 1909853 Thu Jun 15 18:39:09 MDT 2017
| Date         : Tue Oct 31 18:55:52 2017
| Host         : LogOut-AsusPro running 64-bit major release  (build 9200)
| Command      : upgrade_ip
| Device       : xc7z010clg400-1
------------------------------------------------------------------------------------

Upgrade Log for IP 'evo_v1_PID_0_0'

1. Summary
----------

SUCCESS in the upgrade of evo_v1_PID_0_0 (xilinx.com:user:PID:1.0) from (Rev. 17) to (Rev. 18)

