
*** Running vivado
    with args -log evo_v1_system_ila_0_0.vds -m64 -product Vivado -mode batch -messageDb vivado.pb -notrace -source evo_v1_system_ila_0_0.tcl


****** Vivado v2017.2 (64-bit)
  **** SW Build 1909853 on Thu Jun 15 18:39:09 MDT 2017
  **** IP Build 1909766 on Thu Jun 15 19:58:00 MDT 2017
    ** Copyright 1986-2017 Xilinx, Inc. All Rights Reserved.

source evo_v1_system_ila_0_0.tcl -notrace
Starting RTL Elaboration : Time (s): cpu = 00:00:06 ; elapsed = 00:00:06 . Memory (MB): peak = 466.031 ; gain = 95.574
INFO: [Synth 8-638] synthesizing module 'evo_v1_system_ila_0_0' [c:/Projet/Vivado/Evo/Evo.srcs/sources_1/bd/evo_v1/ip/evo_v1_system_ila_0_0/synth/evo_v1_system_ila_0_0.vhd:64]
INFO: [Synth 8-638] synthesizing module 'bd_aef2' [c:/Projet/Vivado/Evo/Evo.srcs/sources_1/bd/evo_v1/ip/evo_v1_system_ila_0_0/bd_0/hdl/bd_aef2.vhd:26]
INFO: [Synth 8-638] synthesizing module 'bd_aef2_ila_lib_0' [c:/Projet/Vivado/Evo/Evo.srcs/sources_1/bd/evo_v1/ip/evo_v1_system_ila_0_0/bd_0/ip/ip_0/synth/bd_aef2_ila_lib_0.vhd:63]
INFO: [Synth 8-638] synthesizing module 'CFGLUT5' [C:/Xilinx/Vivado/2017.2/scripts/rt/data/unisim_comp.v:998]
INFO: [Synth 8-256] done synthesizing module 'CFGLUT5' (8#1) [C:/Xilinx/Vivado/2017.2/scripts/rt/data/unisim_comp.v:998]
INFO: [Synth 8-638] synthesizing module 'CARRY4' [C:/Xilinx/Vivado/2017.2/scripts/rt/data/unisim_comp.v:961]
INFO: [Synth 8-256] done synthesizing module 'CARRY4' (9#1) [C:/Xilinx/Vivado/2017.2/scripts/rt/data/unisim_comp.v:961]
INFO: [Synth 8-638] synthesizing module 'SRLC32E' [C:/Xilinx/Vivado/2017.2/scripts/rt/data/unisim_comp.v:43823]
INFO: [Synth 8-256] done synthesizing module 'SRLC32E' (19#1) [C:/Xilinx/Vivado/2017.2/scripts/rt/data/unisim_comp.v:43823]
INFO: [Synth 8-638] synthesizing module 'SRL16E' [C:/Xilinx/Vivado/2017.2/scripts/rt/data/unisim_comp.v:43673]
INFO: [Synth 8-256] done synthesizing module 'SRL16E' (21#1) [C:/Xilinx/Vivado/2017.2/scripts/rt/data/unisim_comp.v:43673]
INFO: [Synth 8-638] synthesizing module 'SRLC16E' [C:/Xilinx/Vivado/2017.2/scripts/rt/data/unisim_comp.v:43762]
INFO: [Synth 8-256] done synthesizing module 'SRLC16E' (23#1) [C:/Xilinx/Vivado/2017.2/scripts/rt/data/unisim_comp.v:43762]
INFO: [Synth 8-638] synthesizing module 'FDRE' [C:/Xilinx/Vivado/2017.2/scripts/rt/data/unisim_comp.v:3964]
INFO: [Synth 8-256] done synthesizing module 'FDRE' (28#1) [C:/Xilinx/Vivado/2017.2/scripts/rt/data/unisim_comp.v:3964]
INFO: [Synth 8-256] done synthesizing module 'bd_aef2_ila_lib_0' (46#1) [c:/Projet/Vivado/Evo/Evo.srcs/sources_1/bd/evo_v1/ip/evo_v1_system_ila_0_0/bd_0/ip/ip_0/synth/bd_aef2_ila_lib_0.vhd:63]
INFO: [Synth 8-256] done synthesizing module 'bd_aef2' (47#1) [c:/Projet/Vivado/Evo/Evo.srcs/sources_1/bd/evo_v1/ip/evo_v1_system_ila_0_0/bd_0/hdl/bd_aef2.vhd:26]
INFO: [Synth 8-256] done synthesizing module 'evo_v1_system_ila_0_0' (48#1) [c:/Projet/Vivado/Evo/Evo.srcs/sources_1/bd/evo_v1/ip/evo_v1_system_ila_0_0/synth/evo_v1_system_ila_0_0.vhd:64]
Finished RTL Elaboration : Time (s): cpu = 00:01:11 ; elapsed = 00:01:12 . Memory (MB): peak = 779.457 ; gain = 409.000
Finished RTL Optimization Phase 1 : Time (s): cpu = 00:01:11 ; elapsed = 00:01:12 . Memory (MB): peak = 779.457 ; gain = 409.000
INFO: [Device 21-403] Loading part xc7z010clg400-1
Constraint Validation Runtime : Time (s): cpu = 00:00:00 ; elapsed = 00:00:00.067 . Memory (MB): peak = 832.391 ; gain = 0.000
Finished Constraint Validation : Time (s): cpu = 00:01:23 ; elapsed = 00:01:24 . Memory (MB): peak = 832.391 ; gain = 461.934
Finished Loading Part and Timing Information : Time (s): cpu = 00:01:23 ; elapsed = 00:01:24 . Memory (MB): peak = 832.391 ; gain = 461.934
Finished applying 'set_property' XDC Constraints : Time (s): cpu = 00:01:23 ; elapsed = 00:01:24 . Memory (MB): peak = 832.391 ; gain = 461.934
Finished RTL Optimization Phase 2 : Time (s): cpu = 00:01:25 ; elapsed = 00:01:26 . Memory (MB): peak = 832.391 ; gain = 461.934
Finished Cross Boundary and Area Optimization : Time (s): cpu = 00:01:31 ; elapsed = 00:01:32 . Memory (MB): peak = 832.391 ; gain = 461.934
Finished Applying XDC Timing Constraints : Time (s): cpu = 00:01:43 ; elapsed = 00:01:45 . Memory (MB): peak = 832.391 ; gain = 461.934
Finished Timing Optimization : Time (s): cpu = 00:01:43 ; elapsed = 00:01:45 . Memory (MB): peak = 832.391 ; gain = 461.934
Finished Technology Mapping : Time (s): cpu = 00:01:43 ; elapsed = 00:01:45 . Memory (MB): peak = 832.391 ; gain = 461.934
Finished IO Insertion : Time (s): cpu = 00:01:44 ; elapsed = 00:01:46 . Memory (MB): peak = 832.391 ; gain = 461.934
Finished Renaming Generated Instances : Time (s): cpu = 00:01:44 ; elapsed = 00:01:46 . Memory (MB): peak = 832.391 ; gain = 461.934
Finished Rebuilding User Hierarchy : Time (s): cpu = 00:01:44 ; elapsed = 00:01:46 . Memory (MB): peak = 832.391 ; gain = 461.934
Finished Renaming Generated Ports : Time (s): cpu = 00:01:44 ; elapsed = 00:01:46 . Memory (MB): peak = 832.391 ; gain = 461.934
Finished Handling Custom Attributes : Time (s): cpu = 00:01:44 ; elapsed = 00:01:46 . Memory (MB): peak = 832.391 ; gain = 461.934
Finished Renaming Generated Nets : Time (s): cpu = 00:01:44 ; elapsed = 00:01:46 . Memory (MB): peak = 832.391 ; gain = 461.934

Report Cell Usage: 
+------+---------+------+
|      |Cell     |Count |
+------+---------+------+
|1     |CARRY4   |    24|
|2     |CFGLUT5  |    42|
|3     |LUT1     |    62|
|4     |LUT2     |    46|
|5     |LUT3     |    94|
|6     |LUT4     |    79|
|7     |LUT5     |    62|
|8     |LUT6     |   272|
|9     |MUXF7    |     4|
|10    |RAMB18E1 |     1|
|11    |SRL16E   |     6|
|12    |SRLC16E  |     2|
|13    |SRLC32E  |    17|
|14    |FDRE     |   958|
|15    |FDSE     |     9|
+------+---------+------+
Finished Writing Synthesis Report : Time (s): cpu = 00:01:44 ; elapsed = 00:01:46 . Memory (MB): peak = 832.391 ; gain = 461.934
synth_design: Time (s): cpu = 00:01:46 ; elapsed = 00:01:49 . Memory (MB): peak = 832.391 ; gain = 461.934
