
*** Running vivado
    with args -log evo_v1_system_ila_0_0.vds -m64 -product Vivado -mode batch -messageDb vivado.pb -notrace -source evo_v1_system_ila_0_0.tcl


****** Vivado v2017.2 (64-bit)
  **** SW Build 1909853 on Thu Jun 15 18:39:09 MDT 2017
  **** IP Build 1909766 on Thu Jun 15 19:58:00 MDT 2017
    ** Copyright 1986-2017 Xilinx, Inc. All Rights Reserved.

source evo_v1_system_ila_0_0.tcl -notrace
Starting RTL Elaboration : Time (s): cpu = 00:00:06 ; elapsed = 00:00:07 . Memory (MB): peak = 463.031 ; gain = 95.566
INFO: [Synth 8-638] synthesizing module 'evo_v1_system_ila_0_0' [c:/Projet/Vivado/Evo/Evo.srcs/sources_1/bd/evo_v1/ip/evo_v1_system_ila_0_0/synth/evo_v1_system_ila_0_0.vhd:71]
INFO: [Synth 8-638] synthesizing module 'bd_aef2' [c:/Projet/Vivado/Evo/Evo.srcs/sources_1/bd/evo_v1/ip/evo_v1_system_ila_0_0/bd_0/hdl/bd_aef2.vhd:33]
INFO: [Synth 8-638] synthesizing module 'bd_aef2_ila_lib_0' [c:/Projet/Vivado/Evo/Evo.srcs/sources_1/bd/evo_v1/ip/evo_v1_system_ila_0_0/bd_0/ip/ip_0/synth/bd_aef2_ila_lib_0.vhd:70]
INFO: [Synth 8-638] synthesizing module 'CFGLUT5' [C:/Xilinx/Vivado/2017.2/scripts/rt/data/unisim_comp.v:998]
INFO: [Synth 8-256] done synthesizing module 'CFGLUT5' (8#1) [C:/Xilinx/Vivado/2017.2/scripts/rt/data/unisim_comp.v:998]
INFO: [Synth 8-638] synthesizing module 'CARRY4' [C:/Xilinx/Vivado/2017.2/scripts/rt/data/unisim_comp.v:961]
INFO: [Synth 8-256] done synthesizing module 'CARRY4' (9#1) [C:/Xilinx/Vivado/2017.2/scripts/rt/data/unisim_comp.v:961]
INFO: [Synth 8-638] synthesizing module 'SRLC32E' [C:/Xilinx/Vivado/2017.2/scripts/rt/data/unisim_comp.v:43823]
INFO: [Synth 8-256] done synthesizing module 'SRLC32E' (19#1) [C:/Xilinx/Vivado/2017.2/scripts/rt/data/unisim_comp.v:43823]
INFO: [Synth 8-638] synthesizing module 'SRL16E' [C:/Xilinx/Vivado/2017.2/scripts/rt/data/unisim_comp.v:43673]
INFO: [Synth 8-256] done synthesizing module 'SRL16E' (21#1) [C:/Xilinx/Vivado/2017.2/scripts/rt/data/unisim_comp.v:43673]
INFO: [Synth 8-638] synthesizing module 'SRLC16E' [C:/Xilinx/Vivado/2017.2/scripts/rt/data/unisim_comp.v:43762]
INFO: [Synth 8-256] done synthesizing module 'SRLC16E' (23#1) [C:/Xilinx/Vivado/2017.2/scripts/rt/data/unisim_comp.v:43762]
INFO: [Synth 8-638] synthesizing module 'FDRE' [C:/Xilinx/Vivado/2017.2/scripts/rt/data/unisim_comp.v:3964]
INFO: [Synth 8-256] done synthesizing module 'FDRE' (28#1) [C:/Xilinx/Vivado/2017.2/scripts/rt/data/unisim_comp.v:3964]
INFO: [Synth 8-256] done synthesizing module 'bd_aef2_ila_lib_0' (46#1) [c:/Projet/Vivado/Evo/Evo.srcs/sources_1/bd/evo_v1/ip/evo_v1_system_ila_0_0/bd_0/ip/ip_0/synth/bd_aef2_ila_lib_0.vhd:70]
INFO: [Synth 8-256] done synthesizing module 'bd_aef2' (47#1) [c:/Projet/Vivado/Evo/Evo.srcs/sources_1/bd/evo_v1/ip/evo_v1_system_ila_0_0/bd_0/hdl/bd_aef2.vhd:33]
INFO: [Synth 8-256] done synthesizing module 'evo_v1_system_ila_0_0' (48#1) [c:/Projet/Vivado/Evo/Evo.srcs/sources_1/bd/evo_v1/ip/evo_v1_system_ila_0_0/synth/evo_v1_system_ila_0_0.vhd:71]
Finished RTL Elaboration : Time (s): cpu = 00:01:12 ; elapsed = 00:01:14 . Memory (MB): peak = 782.379 ; gain = 414.914
Finished RTL Optimization Phase 1 : Time (s): cpu = 00:01:13 ; elapsed = 00:01:14 . Memory (MB): peak = 782.379 ; gain = 414.914
INFO: [Device 21-403] Loading part xc7z010clg400-1
Constraint Validation Runtime : Time (s): cpu = 00:00:00 ; elapsed = 00:00:00.087 . Memory (MB): peak = 844.133 ; gain = 0.000
Finished Constraint Validation : Time (s): cpu = 00:01:27 ; elapsed = 00:01:29 . Memory (MB): peak = 844.133 ; gain = 476.668
Finished Loading Part and Timing Information : Time (s): cpu = 00:01:27 ; elapsed = 00:01:29 . Memory (MB): peak = 844.133 ; gain = 476.668
Finished applying 'set_property' XDC Constraints : Time (s): cpu = 00:01:27 ; elapsed = 00:01:29 . Memory (MB): peak = 844.133 ; gain = 476.668
Finished RTL Optimization Phase 2 : Time (s): cpu = 00:01:29 ; elapsed = 00:01:31 . Memory (MB): peak = 844.133 ; gain = 476.668
Finished Cross Boundary and Area Optimization : Time (s): cpu = 00:01:37 ; elapsed = 00:01:40 . Memory (MB): peak = 844.133 ; gain = 476.668
Finished Applying XDC Timing Constraints : Time (s): cpu = 00:01:50 ; elapsed = 00:01:53 . Memory (MB): peak = 844.133 ; gain = 476.668
Finished Timing Optimization : Time (s): cpu = 00:01:50 ; elapsed = 00:01:53 . Memory (MB): peak = 844.133 ; gain = 476.668
Finished Technology Mapping : Time (s): cpu = 00:01:52 ; elapsed = 00:01:54 . Memory (MB): peak = 844.133 ; gain = 476.668
Finished IO Insertion : Time (s): cpu = 00:01:52 ; elapsed = 00:01:55 . Memory (MB): peak = 844.133 ; gain = 476.668
Finished Renaming Generated Instances : Time (s): cpu = 00:01:52 ; elapsed = 00:01:55 . Memory (MB): peak = 844.133 ; gain = 476.668
Finished Rebuilding User Hierarchy : Time (s): cpu = 00:01:53 ; elapsed = 00:01:55 . Memory (MB): peak = 844.133 ; gain = 476.668
Finished Renaming Generated Ports : Time (s): cpu = 00:01:53 ; elapsed = 00:01:55 . Memory (MB): peak = 844.133 ; gain = 476.668
Finished Handling Custom Attributes : Time (s): cpu = 00:01:53 ; elapsed = 00:01:55 . Memory (MB): peak = 844.133 ; gain = 476.668
Finished Renaming Generated Nets : Time (s): cpu = 00:01:53 ; elapsed = 00:01:55 . Memory (MB): peak = 844.133 ; gain = 476.668

Report Cell Usage: 
+------+---------+------+
|      |Cell     |Count |
+------+---------+------+
|1     |CARRY4   |    42|
|2     |CFGLUT5  |   129|
|3     |LUT1     |    36|
|4     |LUT2     |    67|
|5     |LUT3     |    93|
|6     |LUT4     |   148|
|7     |LUT5     |   119|
|8     |LUT6     |   481|
|9     |MUXF7    |    27|
|10    |MUXF8    |     1|
|11    |RAMB36E1 |     4|
|12    |SRL16E   |   137|
|13    |SRLC16E  |     2|
|14    |SRLC32E  |    17|
|15    |FDRE     |  1808|
|16    |FDSE     |     9|
+------+---------+------+
Finished Writing Synthesis Report : Time (s): cpu = 00:01:53 ; elapsed = 00:01:55 . Memory (MB): peak = 844.133 ; gain = 476.668
synth_design: Time (s): cpu = 00:01:56 ; elapsed = 00:01:59 . Memory (MB): peak = 844.133 ; gain = 476.668
