
*** Running vivado
    with args -log evo_v1_system_ila_0_0.vds -m64 -product Vivado -mode batch -messageDb vivado.pb -notrace -source evo_v1_system_ila_0_0.tcl


****** Vivado v2017.2 (64-bit)
  **** SW Build 1909853 on Thu Jun 15 18:39:09 MDT 2017
  **** IP Build 1909766 on Thu Jun 15 19:58:00 MDT 2017
    ** Copyright 1986-2017 Xilinx, Inc. All Rights Reserved.

source evo_v1_system_ila_0_0.tcl -notrace
Starting RTL Elaboration : Time (s): cpu = 00:00:09 ; elapsed = 00:00:09 . Memory (MB): peak = 475.688 ; gain = 94.320
INFO: [Synth 8-638] synthesizing module 'evo_v1_system_ila_0_0' [c:/Projet/Vivado/Evo/Evo.srcs/sources_1/bd/evo_v1/ip/evo_v1_system_ila_0_0/synth/evo_v1_system_ila_0_0.vhd:84]
INFO: [Synth 8-638] synthesizing module 'bd_aef2' [c:/Projet/Vivado/Evo/Evo.srcs/sources_1/bd/evo_v1/ip/evo_v1_system_ila_0_0/bd_0/hdl/bd_aef2.vhd:46]
INFO: [Synth 8-638] synthesizing module 'bd_aef2_g_inst_0' [c:/Projet/Vivado/Evo/Evo.srcs/sources_1/bd/evo_v1/ip/evo_v1_system_ila_0_0/bd_0/ip/ip_1/synth/bd_aef2_g_inst_0.v:116]
INFO: [Synth 8-638] synthesizing module 'bd_aef2_g_inst_0_gigantic_mux' [c:/Projet/Vivado/Evo/Evo.srcs/sources_1/bd/evo_v1/ip/evo_v1_system_ila_0_0/bd_0/ip/ip_1/bd_aef2_g_inst_0_gigantic_mux.v:63]
INFO: [Synth 8-256] done synthesizing module 'bd_aef2_g_inst_0_gigantic_mux' (2#1) [c:/Projet/Vivado/Evo/Evo.srcs/sources_1/bd/evo_v1/ip/evo_v1_system_ila_0_0/bd_0/ip/ip_1/bd_aef2_g_inst_0_gigantic_mux.v:63]
INFO: [Synth 8-256] done synthesizing module 'bd_aef2_g_inst_0' (3#1) [c:/Projet/Vivado/Evo/Evo.srcs/sources_1/bd/evo_v1/ip/evo_v1_system_ila_0_0/bd_0/ip/ip_1/synth/bd_aef2_g_inst_0.v:116]
INFO: [Synth 8-638] synthesizing module 'bd_aef2_ila_lib_0' [c:/Projet/Vivado/Evo/Evo.srcs/sources_1/bd/evo_v1/ip/evo_v1_system_ila_0_0/bd_0/ip/ip_0/synth/bd_aef2_ila_lib_0.vhd:81]
INFO: [Synth 8-638] synthesizing module 'CFGLUT5' [C:/Xilinx/Vivado/2017.2/scripts/rt/data/unisim_comp.v:998]
INFO: [Synth 8-256] done synthesizing module 'CFGLUT5' (11#1) [C:/Xilinx/Vivado/2017.2/scripts/rt/data/unisim_comp.v:998]
INFO: [Synth 8-638] synthesizing module 'CARRY4' [C:/Xilinx/Vivado/2017.2/scripts/rt/data/unisim_comp.v:961]
INFO: [Synth 8-256] done synthesizing module 'CARRY4' (12#1) [C:/Xilinx/Vivado/2017.2/scripts/rt/data/unisim_comp.v:961]
INFO: [Synth 8-638] synthesizing module 'SRLC32E' [C:/Xilinx/Vivado/2017.2/scripts/rt/data/unisim_comp.v:43823]
INFO: [Synth 8-256] done synthesizing module 'SRLC32E' (22#1) [C:/Xilinx/Vivado/2017.2/scripts/rt/data/unisim_comp.v:43823]
INFO: [Synth 8-638] synthesizing module 'SRL16E' [C:/Xilinx/Vivado/2017.2/scripts/rt/data/unisim_comp.v:43673]
INFO: [Synth 8-256] done synthesizing module 'SRL16E' (24#1) [C:/Xilinx/Vivado/2017.2/scripts/rt/data/unisim_comp.v:43673]
INFO: [Synth 8-638] synthesizing module 'SRLC16E' [C:/Xilinx/Vivado/2017.2/scripts/rt/data/unisim_comp.v:43762]
INFO: [Synth 8-256] done synthesizing module 'SRLC16E' (26#1) [C:/Xilinx/Vivado/2017.2/scripts/rt/data/unisim_comp.v:43762]
INFO: [Synth 8-638] synthesizing module 'FDRE' [C:/Xilinx/Vivado/2017.2/scripts/rt/data/unisim_comp.v:3964]
INFO: [Synth 8-256] done synthesizing module 'FDRE' (31#1) [C:/Xilinx/Vivado/2017.2/scripts/rt/data/unisim_comp.v:3964]
INFO: [Synth 8-256] done synthesizing module 'bd_aef2_ila_lib_0' (49#1) [c:/Projet/Vivado/Evo/Evo.srcs/sources_1/bd/evo_v1/ip/evo_v1_system_ila_0_0/bd_0/ip/ip_0/synth/bd_aef2_ila_lib_0.vhd:81]
INFO: [Synth 8-638] synthesizing module 'bd_aef2_slot_0_ar_0' [c:/Projet/Vivado/Evo/Evo.srcs/sources_1/bd/evo_v1/ip/evo_v1_system_ila_0_0/bd_0/ip/ip_5/synth/bd_aef2_slot_0_ar_0.v:58]
INFO: [Synth 8-638] synthesizing module 'xlconcat_v2_1_1_xlconcat' [c:/Projet/Vivado/Evo/Evo.srcs/sources_1/bd/evo_v1/ipshared/73b7/hdl/xlconcat_v2_1_vl_rfs.v:14]
INFO: [Synth 8-256] done synthesizing module 'xlconcat_v2_1_1_xlconcat' (50#1) [c:/Projet/Vivado/Evo/Evo.srcs/sources_1/bd/evo_v1/ipshared/73b7/hdl/xlconcat_v2_1_vl_rfs.v:14]
INFO: [Synth 8-256] done synthesizing module 'bd_aef2_slot_0_ar_0' (51#1) [c:/Projet/Vivado/Evo/Evo.srcs/sources_1/bd/evo_v1/ip/evo_v1_system_ila_0_0/bd_0/ip/ip_5/synth/bd_aef2_slot_0_ar_0.v:58]
INFO: [Synth 8-638] synthesizing module 'bd_aef2_slot_0_aw_0' [c:/Projet/Vivado/Evo/Evo.srcs/sources_1/bd/evo_v1/ip/evo_v1_system_ila_0_0/bd_0/ip/ip_2/synth/bd_aef2_slot_0_aw_0.v:58]
INFO: [Synth 8-256] done synthesizing module 'bd_aef2_slot_0_aw_0' (52#1) [c:/Projet/Vivado/Evo/Evo.srcs/sources_1/bd/evo_v1/ip/evo_v1_system_ila_0_0/bd_0/ip/ip_2/synth/bd_aef2_slot_0_aw_0.v:58]
INFO: [Synth 8-638] synthesizing module 'bd_aef2_slot_0_b_0' [c:/Projet/Vivado/Evo/Evo.srcs/sources_1/bd/evo_v1/ip/evo_v1_system_ila_0_0/bd_0/ip/ip_4/synth/bd_aef2_slot_0_b_0.v:58]
INFO: [Synth 8-256] done synthesizing module 'bd_aef2_slot_0_b_0' (53#1) [c:/Projet/Vivado/Evo/Evo.srcs/sources_1/bd/evo_v1/ip/evo_v1_system_ila_0_0/bd_0/ip/ip_4/synth/bd_aef2_slot_0_b_0.v:58]
INFO: [Synth 8-638] synthesizing module 'bd_aef2_slot_0_r_0' [c:/Projet/Vivado/Evo/Evo.srcs/sources_1/bd/evo_v1/ip/evo_v1_system_ila_0_0/bd_0/ip/ip_6/synth/bd_aef2_slot_0_r_0.v:58]
INFO: [Synth 8-256] done synthesizing module 'bd_aef2_slot_0_r_0' (54#1) [c:/Projet/Vivado/Evo/Evo.srcs/sources_1/bd/evo_v1/ip/evo_v1_system_ila_0_0/bd_0/ip/ip_6/synth/bd_aef2_slot_0_r_0.v:58]
INFO: [Synth 8-638] synthesizing module 'bd_aef2_slot_0_w_0' [c:/Projet/Vivado/Evo/Evo.srcs/sources_1/bd/evo_v1/ip/evo_v1_system_ila_0_0/bd_0/ip/ip_3/synth/bd_aef2_slot_0_w_0.v:58]
INFO: [Synth 8-256] done synthesizing module 'bd_aef2_slot_0_w_0' (55#1) [c:/Projet/Vivado/Evo/Evo.srcs/sources_1/bd/evo_v1/ip/evo_v1_system_ila_0_0/bd_0/ip/ip_3/synth/bd_aef2_slot_0_w_0.v:58]
INFO: [Synth 8-256] done synthesizing module 'bd_aef2' (56#1) [c:/Projet/Vivado/Evo/Evo.srcs/sources_1/bd/evo_v1/ip/evo_v1_system_ila_0_0/bd_0/hdl/bd_aef2.vhd:46]
INFO: [Synth 8-256] done synthesizing module 'evo_v1_system_ila_0_0' (57#1) [c:/Projet/Vivado/Evo/Evo.srcs/sources_1/bd/evo_v1/ip/evo_v1_system_ila_0_0/synth/evo_v1_system_ila_0_0.vhd:84]
Finished RTL Elaboration : Time (s): cpu = 00:01:27 ; elapsed = 00:01:29 . Memory (MB): peak = 809.059 ; gain = 427.691
Finished RTL Optimization Phase 1 : Time (s): cpu = 00:01:27 ; elapsed = 00:01:30 . Memory (MB): peak = 809.059 ; gain = 427.691
INFO: [Device 21-403] Loading part xc7z010clg400-1
Constraint Validation Runtime : Time (s): cpu = 00:00:00 ; elapsed = 00:00:00.111 . Memory (MB): peak = 870.477 ; gain = 0.000
Finished Constraint Validation : Time (s): cpu = 00:01:42 ; elapsed = 00:01:45 . Memory (MB): peak = 870.477 ; gain = 489.109
Finished Loading Part and Timing Information : Time (s): cpu = 00:01:42 ; elapsed = 00:01:45 . Memory (MB): peak = 870.477 ; gain = 489.109
Finished applying 'set_property' XDC Constraints : Time (s): cpu = 00:01:42 ; elapsed = 00:01:45 . Memory (MB): peak = 870.477 ; gain = 489.109
Finished RTL Optimization Phase 2 : Time (s): cpu = 00:01:46 ; elapsed = 00:01:48 . Memory (MB): peak = 870.477 ; gain = 489.109
Finished Cross Boundary and Area Optimization : Time (s): cpu = 00:01:55 ; elapsed = 00:01:58 . Memory (MB): peak = 870.477 ; gain = 489.109
Finished Applying XDC Timing Constraints : Time (s): cpu = 00:02:06 ; elapsed = 00:02:09 . Memory (MB): peak = 870.477 ; gain = 489.109
Finished Timing Optimization : Time (s): cpu = 00:02:06 ; elapsed = 00:02:10 . Memory (MB): peak = 870.477 ; gain = 489.109
Finished Technology Mapping : Time (s): cpu = 00:02:08 ; elapsed = 00:02:11 . Memory (MB): peak = 870.477 ; gain = 489.109
Finished IO Insertion : Time (s): cpu = 00:02:09 ; elapsed = 00:02:12 . Memory (MB): peak = 870.477 ; gain = 489.109
Finished Renaming Generated Instances : Time (s): cpu = 00:02:09 ; elapsed = 00:02:12 . Memory (MB): peak = 870.477 ; gain = 489.109
Finished Rebuilding User Hierarchy : Time (s): cpu = 00:02:09 ; elapsed = 00:02:13 . Memory (MB): peak = 870.477 ; gain = 489.109
Finished Renaming Generated Ports : Time (s): cpu = 00:02:09 ; elapsed = 00:02:13 . Memory (MB): peak = 870.477 ; gain = 489.109
Finished Handling Custom Attributes : Time (s): cpu = 00:02:09 ; elapsed = 00:02:13 . Memory (MB): peak = 870.477 ; gain = 489.109
Finished Renaming Generated Nets : Time (s): cpu = 00:02:09 ; elapsed = 00:02:13 . Memory (MB): peak = 870.477 ; gain = 489.109

Report Cell Usage: 
+------+---------+------+
|      |Cell     |Count |
+------+---------+------+
|1     |CARRY4   |    59|
|2     |CFGLUT5  |   164|
|3     |LUT1     |    47|
|4     |LUT2     |    59|
|5     |LUT3     |   106|
|6     |LUT4     |   263|
|7     |LUT5     |   140|
|8     |LUT6     |   741|
|9     |MUXF7    |    45|
|10    |MUXF8    |     3|
|11    |RAMB18E1 |     1|
|12    |RAMB36E1 |     3|
|13    |SRL16E   |   114|
|14    |SRLC16E  |     2|
|15    |SRLC32E  |    17|
|16    |FDRE     |  2230|
|17    |FDSE     |     9|
+------+---------+------+
Finished Writing Synthesis Report : Time (s): cpu = 00:02:09 ; elapsed = 00:02:13 . Memory (MB): peak = 870.477 ; gain = 489.109
synth_design: Time (s): cpu = 00:02:13 ; elapsed = 00:02:16 . Memory (MB): peak = 870.477 ; gain = 489.109
