
*** Running vivado
    with args -log evo_v1_processing_system7_0_0.vds -m64 -product Vivado -mode batch -messageDb vivado.pb -notrace -source evo_v1_processing_system7_0_0.tcl


****** Vivado v2017.2 (64-bit)
  **** SW Build 1909853 on Thu Jun 15 18:39:09 MDT 2017
  **** IP Build 1909766 on Thu Jun 15 19:58:00 MDT 2017
    ** Copyright 1986-2017 Xilinx, Inc. All Rights Reserved.

source evo_v1_processing_system7_0_0.tcl -notrace
Starting RTL Elaboration : Time (s): cpu = 00:00:03 ; elapsed = 00:00:03 . Memory (MB): peak = 392.918 ; gain = 79.023
INFO: [Synth 8-638] synthesizing module 'evo_v1_processing_system7_0_0' [c:/Projet/Vivado/Evo/Evo.srcs/sources_1/bd/evo_v1/ip/evo_v1_processing_system7_0_0_2/synth/evo_v1_processing_system7_0_0.v:60]
INFO: [Synth 8-638] synthesizing module 'processing_system7_v5_5_processing_system7' [c:/Projet/Vivado/Evo/Evo.srcs/sources_1/bd/evo_v1/ip/evo_v1_processing_system7_0_0_2/hdl/verilog/processing_system7_v5_5_processing_system7.v:162]
INFO: [Synth 8-638] synthesizing module 'BUFG' [C:/Xilinx/Vivado/2017.2/scripts/rt/data/unisim_comp.v:607]
INFO: [Synth 8-256] done synthesizing module 'BUFG' (1#1) [C:/Xilinx/Vivado/2017.2/scripts/rt/data/unisim_comp.v:607]
INFO: [Synth 8-638] synthesizing module 'BIBUF' [C:/Xilinx/Vivado/2017.2/scripts/rt/data/unisim_comp.v:268]
INFO: [Synth 8-256] done synthesizing module 'BIBUF' (2#1) [C:/Xilinx/Vivado/2017.2/scripts/rt/data/unisim_comp.v:268]
INFO: [Synth 8-638] synthesizing module 'PS7' [C:/Xilinx/Vivado/2017.2/scripts/rt/data/unisim_comp.v:33527]
INFO: [Synth 8-256] done synthesizing module 'PS7' (3#1) [C:/Xilinx/Vivado/2017.2/scripts/rt/data/unisim_comp.v:33527]
INFO: [Synth 8-256] done synthesizing module 'processing_system7_v5_5_processing_system7' (4#1) [c:/Projet/Vivado/Evo/Evo.srcs/sources_1/bd/evo_v1/ip/evo_v1_processing_system7_0_0_2/hdl/verilog/processing_system7_v5_5_processing_system7.v:162]
INFO: [Synth 8-256] done synthesizing module 'evo_v1_processing_system7_0_0' (5#1) [c:/Projet/Vivado/Evo/Evo.srcs/sources_1/bd/evo_v1/ip/evo_v1_processing_system7_0_0_2/synth/evo_v1_processing_system7_0_0.v:60]
Finished RTL Elaboration : Time (s): cpu = 00:00:04 ; elapsed = 00:00:04 . Memory (MB): peak = 433.242 ; gain = 119.348
Finished RTL Optimization Phase 1 : Time (s): cpu = 00:00:05 ; elapsed = 00:00:04 . Memory (MB): peak = 433.242 ; gain = 119.348
INFO: [Device 21-403] Loading part xc7z010clg400-1
Constraint Validation Runtime : Time (s): cpu = 00:00:00 ; elapsed = 00:00:00.033 . Memory (MB): peak = 657.258 ; gain = 0.000
Finished Constraint Validation : Time (s): cpu = 00:00:14 ; elapsed = 00:00:14 . Memory (MB): peak = 657.258 ; gain = 343.363
Finished Loading Part and Timing Information : Time (s): cpu = 00:00:14 ; elapsed = 00:00:14 . Memory (MB): peak = 657.258 ; gain = 343.363
Finished applying 'set_property' XDC Constraints : Time (s): cpu = 00:00:14 ; elapsed = 00:00:14 . Memory (MB): peak = 657.258 ; gain = 343.363
Finished RTL Optimization Phase 2 : Time (s): cpu = 00:00:15 ; elapsed = 00:00:15 . Memory (MB): peak = 657.258 ; gain = 343.363
Finished Cross Boundary and Area Optimization : Time (s): cpu = 00:00:15 ; elapsed = 00:00:15 . Memory (MB): peak = 657.258 ; gain = 343.363
Finished Applying XDC Timing Constraints : Time (s): cpu = 00:00:26 ; elapsed = 00:00:27 . Memory (MB): peak = 867.117 ; gain = 553.223
Finished Timing Optimization : Time (s): cpu = 00:00:26 ; elapsed = 00:00:27 . Memory (MB): peak = 883.211 ; gain = 569.316
Finished Technology Mapping : Time (s): cpu = 00:00:28 ; elapsed = 00:00:28 . Memory (MB): peak = 886.277 ; gain = 572.383
Finished IO Insertion : Time (s): cpu = 00:00:29 ; elapsed = 00:00:29 . Memory (MB): peak = 886.277 ; gain = 572.383
Finished Renaming Generated Instances : Time (s): cpu = 00:00:29 ; elapsed = 00:00:29 . Memory (MB): peak = 886.277 ; gain = 572.383
Finished Rebuilding User Hierarchy : Time (s): cpu = 00:00:29 ; elapsed = 00:00:29 . Memory (MB): peak = 886.277 ; gain = 572.383
Finished Renaming Generated Ports : Time (s): cpu = 00:00:29 ; elapsed = 00:00:29 . Memory (MB): peak = 886.277 ; gain = 572.383
Finished Handling Custom Attributes : Time (s): cpu = 00:00:29 ; elapsed = 00:00:29 . Memory (MB): peak = 886.277 ; gain = 572.383
Finished Renaming Generated Nets : Time (s): cpu = 00:00:29 ; elapsed = 00:00:29 . Memory (MB): peak = 886.277 ; gain = 572.383

Report Cell Usage: 
+------+------+------+
|      |Cell  |Count |
+------+------+------+
|1     |BIBUF |   130|
|2     |BUFG  |     1|
|3     |LUT1  |   112|
|4     |PS7   |     1|
+------+------+------+
Finished Writing Synthesis Report : Time (s): cpu = 00:00:29 ; elapsed = 00:00:29 . Memory (MB): peak = 886.277 ; gain = 572.383
synth_design: Time (s): cpu = 00:00:30 ; elapsed = 00:00:31 . Memory (MB): peak = 899.805 ; gain = 590.602
